Copyright 1986-2018 Xilinx, Inc. All Rights Reserved.
------------------------------------------------------------------------------------------
| Tool Version : Vivado v.2018.3 (win64) Build 2405991 Thu Dec  6 23:38:27 MST 2018
| Date         : Thu Nov 14 10:46:55 2019
| Host         : DESKTOP-NM2AVR9 running 64-bit major release  (build 9200)
| Command      : report_clock_utilization -file ddrtovga_top_clock_utilization_routed.rpt
| Design       : ddrtovga_top
| Device       : 7k325t-ffg900
| Speed File   : -2  PRODUCTION 1.12 2017-02-17
------------------------------------------------------------------------------------------

Clock Utilization Report

Table of Contents
-----------------
1. Clock Primitive Utilization
2. Global Clock Resources
3. Global Clock Source Details
4. Local Clock Details
5. Clock Regions: Key Resource Utilization
6. Clock Regions : Global Clock Summary
7. Device Cell Placement Summary for Global Clock g0
8. Device Cell Placement Summary for Global Clock g1
9. Device Cell Placement Summary for Global Clock g2
10. Device Cell Placement Summary for Global Clock g3
11. Device Cell Placement Summary for Global Clock g4
12. Device Cell Placement Summary for Global Clock g5
13. Device Cell Placement Summary for Global Clock g6
14. Device Cell Placement Summary for Global Clock g7
15. Device Cell Placement Summary for Global Clock g8
16. Device Cell Placement Summary for Global Clock g9
17. Device Cell Placement Summary for Global Clock g10
18. Device Cell Placement Summary for Global Clock g11
19. Device Cell Placement Summary for Global Clock g12
20. Device Cell Placement Summary for Global Clock g13
21. Clock Region Cell Placement per Global Clock: Region X1Y0
22. Clock Region Cell Placement per Global Clock: Region X0Y1
23. Clock Region Cell Placement per Global Clock: Region X1Y1
24. Clock Region Cell Placement per Global Clock: Region X0Y2
25. Clock Region Cell Placement per Global Clock: Region X1Y2
26. Clock Region Cell Placement per Global Clock: Region X0Y3
27. Clock Region Cell Placement per Global Clock: Region X1Y3
28. Clock Region Cell Placement per Global Clock: Region X0Y4
29. Clock Region Cell Placement per Global Clock: Region X1Y4

1. Clock Primitive Utilization
------------------------------

+----------+------+-----------+-----+--------------+--------+
| Type     | Used | Available | LOC | Clock Region | Pblock |
+----------+------+-----------+-----+--------------+--------+
| BUFGCTRL |   13 |        32 |   0 |            0 |      0 |
| BUFH     |    1 |       168 |   0 |            0 |      0 |
| BUFIO    |    0 |        40 |   0 |            0 |      0 |
| BUFMR    |    0 |        20 |   0 |            0 |      0 |
| BUFR     |    0 |        40 |   0 |            0 |      0 |
| MMCM     |    3 |        10 |   1 |            0 |      0 |
| PLL      |    1 |        10 |   1 |            0 |      0 |
+----------+------+-----------+-----+--------------+--------+


2. Global Clock Resources
-------------------------

+-----------+-----------+-----------------+------------+----------------+--------------+-------------------+-------------+-----------------+--------------+--------------------------------------------------------------------------------------------+---------------------------------------------------------------------------------------------------------------+-----------------------------------------------------------------------------------------------------------------+
| Global Id | Source Id | Driver Type/Pin | Constraint | Site           | Clock Region | Load Clock Region | Clock Loads | Non-Clock Loads | Clock Period | Clock                                                                                      | Driver Pin                                                                                                    | Net                                                                                                             |
+-----------+-----------+-----------------+------------+----------------+--------------+-------------------+-------------+-----------------+--------------+--------------------------------------------------------------------------------------------+---------------------------------------------------------------------------------------------------------------+-----------------------------------------------------------------------------------------------------------------+
| g0        | src0      | BUFG/O          | None       | BUFGCTRL_X0Y0  | n/a          |                 6 |       10441 |               0 |        5.000 | clk_pll_i                                                                                  | ddr3_top/u_DDR3_CONTROL/u_DDR3_CONTROL_mig/u_ddr3_infrastructure/u_bufg_clkdiv0/O                             | ddr3_top/u_DDR3_CONTROL/u_DDR3_CONTROL_mig/u_ddr3_infrastructure/CLK                                            |
| g1        | src1      | BUFG/O          | None       | BUFGCTRL_X0Y3  | n/a          |                 6 |        6289 |               0 |       20.045 | clk_50m_clk_convert                                                                        | clk_generate/inst/clkout2_buf/O                                                                               | clk_generate/inst/clk_50m                                                                                       |
| g2        | src2      | BUFG/O          | None       | BUFGCTRL_X0Y16 | n/a          |                 3 |        1820 |               0 |       20.000 | fmcin                                                                                      | BUFGP_INS/BUFG/O                                                                                              | BUFGP_INS/O                                                                                                     |
| g3        | src1      | BUFG/O          | None       | BUFGCTRL_X0Y5  | n/a          |                 2 |         946 |               0 |        6.734 | clk_vga_clk_convert                                                                        | clk_generate/inst/clkout1_buf/O                                                                               | clk_generate/inst/clk_vga                                                                                       |
| g4        | src3      | BUFG/O          | None       | BUFGCTRL_X0Y4  | n/a          |                 3 |         654 |               0 |              |                                                                                            | clk_sd_BUFG_inst/O                                                                                            | clk_sd_BUFG                                                                                                     |
| g5        | src4      | BUFG/O          | None       | BUFGCTRL_X0Y6  | n/a          |                 1 |         461 |               0 |       33.000 | dbg_hub/inst/BSCANID.u_xsdbm_id/SWITCH_N_EXT_BSCAN.bscan_inst/SERIES7_BSCAN.bscan_inst/TCK | dbg_hub/inst/BSCANID.u_xsdbm_id/SWITCH_N_EXT_BSCAN.u_bufg_icon_tck/O                                          | dbg_hub/inst/BSCANID.u_xsdbm_id/itck_i                                                                          |
| g6        | src5      | BUFG/O          | None       | BUFGCTRL_X0Y7  | n/a          |                 2 |          90 |               0 |              |                                                                                            | cur_state_reg[6]_i_2/O                                                                                        | cur_state_reg[6]_i_2_n_0                                                                                        |
| g7        | src6      | BUFG/O          | None       | BUFGCTRL_X0Y8  | n/a          |                 2 |          60 |               0 |        5.000 | clk_ori_p                                                                                  | ddr3_top/u_DDR3_CONTROL/u_DDR3_CONTROL_mig/u_iodelay_ctrl/clk_ref_200.u_bufg_clk_ref/O                        | ddr3_top/u_DDR3_CONTROL/u_DDR3_CONTROL_mig/u_iodelay_ctrl/CLK                                                   |
| g8        | src7      | BUFG/O          | None       | BUFGCTRL_X0Y9  | n/a          |                 3 |          40 |               0 |              |                                                                                            | clk_sd_180d_reg_n_0_BUFG_inst/O                                                                               | clk_sd_180d_reg_n_0_BUFG                                                                                        |
| g9        | src1      | BUFG/O          | None       | BUFGCTRL_X0Y10 | n/a          |                 1 |          34 |               0 |      100.224 | clk_10m_clk_convert                                                                        | clk_generate/inst/clkout4_buf/O                                                                               | clk_generate/inst/clk_10m                                                                                       |
| g10       | src0      | BUFG/O          | None       | BUFGCTRL_X0Y1  | n/a          |                 3 |          18 |               0 |       10.000 | mmcm_ps_clk_bufg_in                                                                        | ddr3_top/u_DDR3_CONTROL/u_DDR3_CONTROL_mig/u_ddr3_infrastructure/gen_mmcm.u_bufg_mmcm_ps_clk/O                | ddr3_top/u_DDR3_CONTROL/u_DDR3_CONTROL_mig/u_ddr3_infrastructure/mmcm_ps_clk                                    |
| g11       | src8      | BUFG/O          | None       | BUFGCTRL_X0Y2  | n/a          |                 2 |          16 |               0 |        2.500 | clk_ref_mmcm_400                                                                           | ddr3_top/u_DDR3_CONTROL/u_DDR3_CONTROL_mig/u_iodelay_ctrl/clk_ref_300_400_en.clk_ref_400.u_bufg_clk_ref_400/O | ddr3_top/u_DDR3_CONTROL/u_DDR3_CONTROL_mig/u_iodelay_ctrl/clk_ref_300_400_en.clk_ref_400.u_bufg_clk_ref_400_n_0 |
| g12       | src1      | BUFG/O          | None       | BUFGCTRL_X0Y11 | n/a          |                 1 |           1 |               0 |       70.000 | clkfbout_clk_convert                                                                       | clk_generate/inst/clkf_buf/O                                                                                  | clk_generate/inst/clkfbout_buf_clk_convert                                                                      |
| g13       | src9      | BUFH/O          | None       | BUFHCE_X1Y12   | X1Y1         |                 1 |           1 |               0 |        5.000 | pll_clk3_out                                                                               | ddr3_top/u_DDR3_CONTROL/u_DDR3_CONTROL_mig/u_ddr3_infrastructure/u_bufh_pll_clk3/O                            | ddr3_top/u_DDR3_CONTROL/u_DDR3_CONTROL_mig/u_ddr3_infrastructure/pll_clk3                                       |
+-----------+-----------+-----------------+------------+----------------+--------------+-------------------+-------------+-----------------+--------------+--------------------------------------------------------------------------------------------+---------------------------------------------------------------------------------------------------------------+-----------------------------------------------------------------------------------------------------------------+
* Clock Loads column represents the clock pin loads (pin count)
** Non-Clock Loads column represents the non-clock pin loads (pin count)


3. Global Clock Source Details
------------------------------

+-----------+-----------+---------------------+-----------------+-----------------+--------------+-------------+-----------------+---------------------+--------------------------------------------------------------------------------------------+---------------------------------------------------------------------------------------------+--------------------------------------------------------------------------------------+
| Source Id | Global Id | Driver Type/Pin     | Constraint      | Site            | Clock Region | Clock Loads | Non-Clock Loads | Source Clock Period | Source Clock                                                                               | Driver Pin                                                                                  | Net                                                                                  |
+-----------+-----------+---------------------+-----------------+-----------------+--------------+-------------+-----------------+---------------------+--------------------------------------------------------------------------------------------+---------------------------------------------------------------------------------------------+--------------------------------------------------------------------------------------+
| src0      | g0        | MMCME2_ADV/CLKFBOUT | MMCME2_ADV_X1Y1 | MMCME2_ADV_X1Y1 | X1Y1         |           1 |               0 |               5.000 | clk_pll_i                                                                                  | ddr3_top/u_DDR3_CONTROL/u_DDR3_CONTROL_mig/u_ddr3_infrastructure/gen_mmcm.mmcm_i/CLKFBOUT   | ddr3_top/u_DDR3_CONTROL/u_DDR3_CONTROL_mig/u_ddr3_infrastructure/clk_pll_i           |
| src0      | g10       | MMCME2_ADV/CLKOUT0  | MMCME2_ADV_X1Y1 | MMCME2_ADV_X1Y1 | X1Y1         |           1 |               0 |              10.000 | mmcm_ps_clk_bufg_in                                                                        | ddr3_top/u_DDR3_CONTROL/u_DDR3_CONTROL_mig/u_ddr3_infrastructure/gen_mmcm.mmcm_i/CLKOUT0    | ddr3_top/u_DDR3_CONTROL/u_DDR3_CONTROL_mig/u_ddr3_infrastructure/mmcm_ps_clk_bufg_in |
| src1      | g9        | MMCME2_ADV/CLKOUT3  | None            | MMCME2_ADV_X0Y3 | X0Y3         |           1 |               0 |             100.224 | clk_10m_clk_convert                                                                        | clk_generate/inst/mmcm_adv_inst/CLKOUT3                                                     | clk_generate/inst/clk_10m_clk_convert                                                |
| src1      | g1        | MMCME2_ADV/CLKOUT1  | None            | MMCME2_ADV_X0Y3 | X0Y3         |           1 |               0 |              20.045 | clk_50m_clk_convert                                                                        | clk_generate/inst/mmcm_adv_inst/CLKOUT1                                                     | clk_generate/inst/clk_50m_clk_convert                                                |
| src1      | g3        | MMCME2_ADV/CLKOUT0  | None            | MMCME2_ADV_X0Y3 | X0Y3         |           1 |               0 |               6.734 | clk_vga_clk_convert                                                                        | clk_generate/inst/mmcm_adv_inst/CLKOUT0                                                     | clk_generate/inst/clk_vga_clk_convert                                                |
| src1      | g12       | MMCME2_ADV/CLKFBOUT | None            | MMCME2_ADV_X0Y3 | X0Y3         |           1 |               0 |              70.000 | clkfbout_clk_convert                                                                       | clk_generate/inst/mmcm_adv_inst/CLKFBOUT                                                    | clk_generate/inst/clkfbout_clk_convert                                               |
| src2      | g2        | IBUF/O              | IOB_X0Y222      | IOB_X0Y222      | X0Y4         |           1 |               0 |              20.000 | fmcin                                                                                      | BUFGP_INS/IBUF/O                                                                            | BUFGP_INS/IBUFG_2_BUFG                                                               |
| src3      | g4        | FDCE/Q              | None            | SLICE_X80Y196   | X1Y3         |           1 |               1 |                     |                                                                                            | clk_sd_reg/Q                                                                                | clk_sd                                                                               |
| src4      | g5        | BSCANE2/TCK         | None            | BSCAN_X0Y0      | X0Y2         |           1 |               0 |              33.000 | dbg_hub/inst/BSCANID.u_xsdbm_id/SWITCH_N_EXT_BSCAN.bscan_inst/SERIES7_BSCAN.bscan_inst/TCK | dbg_hub/inst/BSCANID.u_xsdbm_id/SWITCH_N_EXT_BSCAN.bscan_inst/SERIES7_BSCAN.bscan_inst/TCK  | dbg_hub/inst/BSCANID.u_xsdbm_id/SWITCH_N_EXT_BSCAN.bscan_inst/tck_bs                 |
| src5      | g6        | FDCE/Q              | None            | SLICE_X124Y168  | X1Y3         |           1 |               2 |                     |                                                                                            | sd_read/u_sd_ctrl_top/u_sd_init/div_clk_reg/Q                                               | sd_read/u_sd_ctrl_top/u_sd_init/div_clk_reg_0                                        |
| src6      | g7        | IBUFDS/O            | IOB_X1Y76       | IOB_X1Y76       | X1Y1         |           3 |               0 |               5.000 | clk_ori_p                                                                                  | ddr3_top/u_DDR3_CONTROL/u_DDR3_CONTROL_mig/u_ddr3_clk_ibuf/diff_input_clk.u_ibufg_sys_clk/O | ddr3_top/u_DDR3_CONTROL/u_DDR3_CONTROL_mig/u_ddr3_clk_ibuf/sys_clk_ibufg             |
| src7      | g8        | FDPE/Q              | None            | SLICE_X80Y196   | X1Y3         |           1 |               2 |                     |                                                                                            | clk_sd_180d_reg/Q                                                                           | clk_sd_180d_reg_n_0_BUFG_inst_n_0                                                    |
| src8      | g11       | MMCME2_ADV/CLKOUT1  | None            | MMCME2_ADV_X1Y0 | X1Y0         |           1 |               0 |               2.500 | clk_ref_mmcm_400                                                                           | ddr3_top/u_DDR3_CONTROL/u_DDR3_CONTROL_mig/u_iodelay_ctrl/clk_ref_mmcm_gen.mmcm_i/CLKOUT1   | ddr3_top/u_DDR3_CONTROL/u_DDR3_CONTROL_mig/u_iodelay_ctrl/clk_ref_mmcm_400           |
| src9      | g13       | PLLE2_ADV/CLKOUT3   | PLLE2_ADV_X1Y1  | PLLE2_ADV_X1Y1  | X1Y1         |           1 |               0 |               5.000 | pll_clk3_out                                                                               | ddr3_top/u_DDR3_CONTROL/u_DDR3_CONTROL_mig/u_ddr3_infrastructure/plle2_i/CLKOUT3            | ddr3_top/u_DDR3_CONTROL/u_DDR3_CONTROL_mig/u_ddr3_infrastructure/pll_clk3_out        |
+-----------+-----------+---------------------+-----------------+-----------------+--------------+-------------+-----------------+---------------------+--------------------------------------------------------------------------------------------+---------------------------------------------------------------------------------------------+--------------------------------------------------------------------------------------+
* Clock Loads column represents the clock pin loads (pin count)
** Non-Clock Loads column represents the non-clock pin loads (pin count)


4. Local Clock Details
----------------------

+----------+----------------------------+----------------------+-------------------------------------+--------------+-------------+-----------------+--------------+---------------+-----------------------------------------------------------------------------------------------------------------------------------------------------------------------------------------------------------------+--------------------------------------------------------------------------------------------------------------------------------------------------------------------------------------------------------------+
| Local Id | Driver Type/Pin            | Constraint           | Site/BEL                            | Clock Region | Clock Loads | Non-Clock Loads | Clock Period | Clock         | Driver Pin                                                                                                                                                                                                      | Net                                                                                                                                                                                                          |
+----------+----------------------------+----------------------+-------------------------------------+--------------+-------------+-----------------+--------------+---------------+-----------------------------------------------------------------------------------------------------------------------------------------------------------------------------------------------------------------+--------------------------------------------------------------------------------------------------------------------------------------------------------------------------------------------------------------||
| 0        | PLLE2_ADV/CLKOUT0          | PLLE2_ADV_X1Y1       | PLLE2_ADV_X1Y1/PLLE2_ADV            | X1Y1         |          10 |               4 |        1.250 | freq_refclk   | ddr3_top/u_DDR3_CONTROL/u_DDR3_CONTROL_mig/u_ddr3_infrastructure/plle2_i/CLKOUT0                                                                                                                                | ddr3_top/u_DDR3_CONTROL/u_DDR3_CONTROL_mig/u_ddr3_infrastructure/freq_refclk                                                                                                                                 - Static -
| 1        | PLLE2_ADV/CLKOUT1          | PLLE2_ADV_X1Y1       | PLLE2_ADV_X1Y1/PLLE2_ADV            | X1Y1         |           2 |              12 |        1.250 | mem_refclk    | ddr3_top/u_DDR3_CONTROL/u_DDR3_CONTROL_mig/u_ddr3_infrastructure/plle2_i/CLKOUT1                                                                                                                                | ddr3_top/u_DDR3_CONTROL/u_DDR3_CONTROL_mig/u_ddr3_infrastructure/mem_refclk                                                                                                                                  - Static -
| 2        | PHASER_OUT_PHY/OCLKDELAYED | PHASER_OUT_PHY_X1Y8  | PHASER_OUT_PHY_X1Y8/PHASER_OUT_PHY  | X1Y2         |           2 |               0 |        1.250 | oserdes_clk   | ddr3_top/u_DDR3_CONTROL/u_DDR3_CONTROL_mig/u_memc_ui_top_std/mem_intfc0/ddr_phy_top0/u_ddr_mc_phy_wrapper/u_ddr_mc_phy/ddr_phy_4lanes_0.u_ddr_phy_4lanes/ddr_byte_lane_A.ddr_byte_lane_A/phaser_out/OCLKDELAYED | ddr3_top/u_DDR3_CONTROL/u_DDR3_CONTROL_mig/u_memc_ui_top_std/mem_intfc0/ddr_phy_top0/u_ddr_mc_phy_wrapper/u_ddr_mc_phy/ddr_phy_4lanes_0.u_ddr_phy_4lanes/ddr_byte_lane_A.ddr_byte_lane_A/oserdes_clk_delayed - Static -
| 3        | PHASER_OUT_PHY/OCLKDELAYED | PHASER_OUT_PHY_X1Y9  | PHASER_OUT_PHY_X1Y9/PHASER_OUT_PHY  | X1Y2         |           2 |               0 |        1.250 | oserdes_clk_1 | ddr3_top/u_DDR3_CONTROL/u_DDR3_CONTROL_mig/u_memc_ui_top_std/mem_intfc0/ddr_phy_top0/u_ddr_mc_phy_wrapper/u_ddr_mc_phy/ddr_phy_4lanes_0.u_ddr_phy_4lanes/ddr_byte_lane_B.ddr_byte_lane_B/phaser_out/OCLKDELAYED | ddr3_top/u_DDR3_CONTROL/u_DDR3_CONTROL_mig/u_memc_ui_top_std/mem_intfc0/ddr_phy_top0/u_ddr_mc_phy_wrapper/u_ddr_mc_phy/ddr_phy_4lanes_0.u_ddr_phy_4lanes/ddr_byte_lane_B.ddr_byte_lane_B/oserdes_clk_delayed - Static -
| 4        | PHASER_OUT_PHY/OCLKDELAYED | PHASER_OUT_PHY_X1Y10 | PHASER_OUT_PHY_X1Y10/PHASER_OUT_PHY | X1Y2         |           2 |               0 |        1.250 | oserdes_clk_2 | ddr3_top/u_DDR3_CONTROL/u_DDR3_CONTROL_mig/u_memc_ui_top_std/mem_intfc0/ddr_phy_top0/u_ddr_mc_phy_wrapper/u_ddr_mc_phy/ddr_phy_4lanes_0.u_ddr_phy_4lanes/ddr_byte_lane_C.ddr_byte_lane_C/phaser_out/OCLKDELAYED | ddr3_top/u_DDR3_CONTROL/u_DDR3_CONTROL_mig/u_memc_ui_top_std/mem_intfc0/ddr_phy_top0/u_ddr_mc_phy_wrapper/u_ddr_mc_phy/ddr_phy_4lanes_0.u_ddr_phy_4lanes/ddr_byte_lane_C.ddr_byte_lane_C/oserdes_clk_delayed - Static -
| 5        | PHASER_OUT_PHY/OCLKDELAYED | PHASER_OUT_PHY_X1Y11 | PHASER_OUT_PHY_X1Y11/PHASER_OUT_PHY | X1Y2         |           2 |               0 |        1.250 | oserdes_clk_3 | ddr3_top/u_DDR3_CONTROL/u_DDR3_CONTROL_mig/u_memc_ui_top_std/mem_intfc0/ddr_phy_top0/u_ddr_mc_phy_wrapper/u_ddr_mc_phy/ddr_phy_4lanes_0.u_ddr_phy_4lanes/ddr_byte_lane_D.ddr_byte_lane_D/phaser_out/OCLKDELAYED | ddr3_top/u_DDR3_CONTROL/u_DDR3_CONTROL_mig/u_memc_ui_top_std/mem_intfc0/ddr_phy_top0/u_ddr_mc_phy_wrapper/u_ddr_mc_phy/ddr_phy_4lanes_0.u_ddr_phy_4lanes/ddr_byte_lane_D.ddr_byte_lane_D/oserdes_clk_delayed - Static -
+----------+----------------------------+----------------------+-------------------------------------+--------------+-------------+-----------------+--------------+---------------+-----------------------------------------------------------------------------------------------------------------------------------------------------------------------------------------------------------------+--------------------------------------------------------------------------------------------------------------------------------------------------------------------------------------------------------------||
* Local Clocks in this context represents only clocks driven by non-global buffers
** Clock Loads column represents the clock pin loads (pin count)
*** Non-Clock Loads column represents the non-clock pin loads (pin count)


5. Clock Regions: Key Resource Utilization
------------------------------------------

+-------------------+--------------+--------------+--------------+--------------+--------------+--------------+--------------+--------------+--------------+--------------+--------------+--------------+--------------+--------------+--------------+
|                   | Global Clock |     BUFRs    |    BUFMRs    |    BUFIOs    |     MMCM     |      PLL     |      GT      |      PCI     |    ILOGIC    |    OLOGIC    |      FF      |     LUTM     |    RAMB18    |    RAMB36    |    DSP48E2   |
+-------------------+------+-------+------+-------+------+-------+------+-------+------+-------+------+-------+------+-------+------+-------+------+-------+------+-------+------+-------+------+-------+------+-------+------+-------+------+-------+
| Clock Region Name | Used | Avail | Used | Avail | Used | Avail | Used | Avail | Used | Avail | Used | Avail | Used | Avail | Used | Avail | Used | Avail | Used | Avail | Used | Avail | Used | Avail | Used | Avail | Used | Avail | Used | Avail |
+-------------------+------+-------+------+-------+------+-------+------+-------+------+-------+------+-------+------+-------+------+-------+------+-------+------+-------+------+-------+------+-------+------+-------+------+-------+------+-------+
| X0Y0              |    0 |    12 |    0 |     4 |    0 |     2 |    0 |     4 |    0 |     1 |    0 |     1 |    0 |     0 |    0 |     0 |    0 |    50 |    0 |    50 |    0 |  4000 |    0 |  1150 |    0 |    60 |    0 |    30 |    0 |    60 |
| X1Y0              |    3 |    12 |    0 |     4 |    0 |     2 |    0 |     4 |    0 |     1 |    0 |     1 |    0 |     0 |    0 |     0 |    0 |    50 |    0 |    50 | 1506 |  3700 |  505 |  1200 |    0 |    80 |    0 |    40 |    0 |    60 |
| X0Y1              |    1 |    12 |    0 |     4 |    0 |     2 |    0 |     4 |    0 |     1 |    0 |     1 |    0 |     0 |    0 |     0 |    0 |    50 |    0 |    50 |    1 |  4000 |    3 |  1150 |    0 |    60 |    0 |    30 |    0 |    60 |
| X1Y1              |    9 |    12 |    0 |     4 |    0 |     2 |    0 |     4 |    1 |     1 |    0 |     1 |    0 |     0 |    0 |     0 |    0 |    50 |    0 |    50 | 5294 |  3700 |  222 |  1200 |    0 |    80 |    0 |    40 |    0 |    60 |
| X0Y2              |    5 |    12 |    0 |     4 |    0 |     2 |    0 |     4 |    0 |     1 |    0 |     1 |    0 |     0 |    0 |     0 |    0 |    50 |    0 |    50 | 1667 |  3400 |  348 |  1150 |    0 |    60 |    0 |    30 |    0 |    60 |
| X1Y2              |    6 |    12 |    0 |     4 |    0 |     2 |    0 |     4 |    0 |     1 |    0 |     1 |    0 |     0 |    0 |     0 |    4 |    50 |    8 |    50 | 2755 |  3700 |  320 |  1200 |    0 |    80 |    1 |    40 |    0 |    60 |
| X0Y3              |    4 |    12 |    0 |     4 |    0 |     2 |    0 |     4 |    1 |     1 |    0 |     1 |    0 |     0 |    0 |     0 |    0 |    50 |    0 |    50 | 2216 |  3400 |  416 |  1150 |    0 |    60 |    0 |    30 |    0 |    60 |
| X1Y3              |    4 |    12 |    0 |     0 |    0 |     0 |    0 |     0 |    0 |     0 |    0 |     0 |    0 |     4 |    0 |     1 |    0 |     0 |    0 |     0 | 2106 |  3150 |  278 |  1050 |    0 |    50 |    2 |    25 |    0 |    60 |
| X0Y4              |    2 |    12 |    0 |     4 |    0 |     2 |    0 |     4 |    0 |     1 |    0 |     1 |    0 |     0 |    0 |     0 |    0 |    50 |    0 |    50 |   16 |  4000 |   10 |  1150 |    0 |    60 |    0 |    30 |    0 |    60 |
| X1Y4              |    2 |    12 |    0 |     0 |    0 |     0 |    0 |     0 |    0 |     0 |    0 |     0 |    0 |     4 |    0 |     0 |    0 |     0 |    0 |     0 |  206 |  3300 |   16 |  1100 |    0 |    60 |    0 |    30 |    0 |    60 |
| X0Y5              |    0 |    12 |    0 |     4 |    0 |     2 |    0 |     4 |    0 |     1 |    0 |     1 |    0 |     0 |    0 |     0 |    0 |    50 |    0 |    50 |    0 |  4000 |    0 |  1150 |    0 |    60 |    0 |    30 |    0 |    60 |
| X1Y5              |    0 |    12 |    0 |     0 |    0 |     0 |    0 |     0 |    0 |     0 |    0 |     0 |    0 |     4 |    0 |     0 |    0 |     0 |    0 |     0 |    0 |  3300 |    0 |  1100 |    0 |    60 |    0 |    30 |    0 |    60 |
| X0Y6              |    0 |    12 |    0 |     4 |    0 |     2 |    0 |     4 |    0 |     1 |    0 |     1 |    0 |     0 |    0 |     0 |    0 |    50 |    0 |    50 |    0 |  4000 |    0 |  1150 |    0 |    60 |    0 |    30 |    0 |    60 |
| X1Y6              |    0 |    12 |    0 |     0 |    0 |     0 |    0 |     0 |    0 |     0 |    0 |     0 |    0 |     4 |    0 |     0 |    0 |     0 |    0 |     0 |    0 |  3300 |    0 |  1100 |    0 |    60 |    0 |    30 |    0 |    60 |
+-------------------+------+-------+------+-------+------+-------+------+-------+------+-------+------+-------+------+-------+------+-------+------+-------+------+-------+------+-------+------+-------+------+-------+------+-------+------+-------+
* Global Clock column represents track count; while other columns represents cell counts


6. Clock Regions : Global Clock Summary
---------------------------------------

All Modules
+----+----+----+
|    | X0 | X1 |
+----+----+----+
| Y6 |  0 |  0 |
| Y5 |  0 |  0 |
| Y4 |  2 |  2 |
| Y3 |  4 |  4 |
| Y2 |  5 |  6 |
| Y1 |  1 |  9 |
| Y0 |  0 |  3 |
+----+----+----+


7. Device Cell Placement Summary for Global Clock g0
----------------------------------------------------

+-----------+-----------------+-------------------+-----------+-------------+---------------+-------------+----------+----------------+----------+----------------------------------------------------------------------+
| Global Id | Driver Type/Pin | Driver Region (D) | Clock     | Period (ns) | Waveform (ns) | Slice Loads | IO Loads | Clocking Loads | GT Loads | Net                                                                  |
+-----------+-----------------+-------------------+-----------+-------------+---------------+-------------+----------+----------------+----------+----------------------------------------------------------------------+
| g0        | BUFG/O          | n/a               | clk_pll_i |       5.000 | {0.000 2.500} |        7985 |        0 |              2 |        0 | ddr3_top/u_DDR3_CONTROL/u_DDR3_CONTROL_mig/u_ddr3_infrastructure/CLK |
+-----------+-----------------+-------------------+-----------+-------------+---------------+-------------+----------+----------------+----------+----------------------------------------------------------------------+
* Logic Loads column represents load cell count of all cell types other than IO, GT and clock resources
** IO Loads column represents load cell count of IO types
*** Clocking Loads column represents load cell count that are clock resources (global clock buffer, MMCM, PLL, etc)
**** GT Loads column represents load cell count of GT types


+----+------+-------+
|    | X0   | X1    |
+----+------+-------+
| Y6 |    0 |     0 |
| Y5 |    0 |     0 |
| Y4 |    0 |     0 |
| Y3 |    1 |     3 |
| Y2 |  328 |  2036 |
| Y1 |    0 |  4122 |
| Y0 |    0 |  1497 |
+----+------+-------+


8. Device Cell Placement Summary for Global Clock g1
----------------------------------------------------

+-----------+-----------------+-------------------+---------------------+-------------+----------------+-------------+----------+----------------+----------+---------------------------+
| Global Id | Driver Type/Pin | Driver Region (D) | Clock               | Period (ns) | Waveform (ns)  | Slice Loads | IO Loads | Clocking Loads | GT Loads | Net                       |
+-----------+-----------------+-------------------+---------------------+-------------+----------------+-------------+----------+----------------+----------+---------------------------+
| g1        | BUFG/O          | n/a               | clk_50m_clk_convert |      20.045 | {0.000 10.022} |        5623 |        0 |              0 |        0 | clk_generate/inst/clk_50m |
+-----------+-----------------+-------------------+---------------------+-------------+----------------+-------------+----------+----------------+----------+---------------------------+
* Logic Loads column represents load cell count of all cell types other than IO, GT and clock resources
** IO Loads column represents load cell count of IO types
*** Clocking Loads column represents load cell count that are clock resources (global clock buffer, MMCM, PLL, etc)
**** GT Loads column represents load cell count of GT types


+----+-------+-------+
|    | X0    | X1    |
+----+-------+-------+
| Y6 |     0 |     0 |
| Y5 |     0 |     0 |
| Y4 |     6 |   115 |
| Y3 |  2228 |  2017 |
| Y2 |   836 |   421 |
| Y1 |     0 |     0 |
| Y0 |     0 |     0 |
+----+-------+-------+


9. Device Cell Placement Summary for Global Clock g2
----------------------------------------------------

+-----------+-----------------+-------------------+-------+-------------+----------------+-------------+----------+----------------+----------+-------------+
| Global Id | Driver Type/Pin | Driver Region (D) | Clock | Period (ns) | Waveform (ns)  | Slice Loads | IO Loads | Clocking Loads | GT Loads | Net         |
+-----------+-----------------+-------------------+-------+-------------+----------------+-------------+----------+----------------+----------+-------------+
| g2        | BUFG/O          | n/a               | fmcin |      20.000 | {0.000 10.000} |         284 |        0 |              0 |        0 | BUFGP_INS/O |
+-----------+-----------------+-------------------+-------+-------------+----------------+-------------+----------+----------------+----------+-------------+
* Logic Loads column represents load cell count of all cell types other than IO, GT and clock resources
** IO Loads column represents load cell count of IO types
*** Clocking Loads column represents load cell count that are clock resources (global clock buffer, MMCM, PLL, etc)
**** GT Loads column represents load cell count of GT types


+----+-----+------+
|    | X0  | X1   |
+----+-----+------+
| Y6 |   0 |    0 |
| Y5 |   0 |    0 |
| Y4 |  10 |   95 |
| Y3 |   0 |  179 |
| Y2 |   0 |    0 |
| Y1 |   0 |    0 |
| Y0 |   0 |    0 |
+----+-----+------+


10. Device Cell Placement Summary for Global Clock g3
-----------------------------------------------------

+-----------+-----------------+-------------------+---------------------+-------------+---------------+-------------+----------+----------------+----------+---------------------------+
| Global Id | Driver Type/Pin | Driver Region (D) | Clock               | Period (ns) | Waveform (ns) | Slice Loads | IO Loads | Clocking Loads | GT Loads | Net                       |
+-----------+-----------------+-------------------+---------------------+-------------+---------------+-------------+----------+----------------+----------+---------------------------+
| g3        | BUFG/O          | n/a               | clk_vga_clk_convert |       6.734 | {0.000 3.367} |         946 |        0 |              0 |        0 | clk_generate/inst/clk_vga |
+-----------+-----------------+-------------------+---------------------+-------------+---------------+-------------+----------+----------------+----------+---------------------------+
* Logic Loads column represents load cell count of all cell types other than IO, GT and clock resources
** IO Loads column represents load cell count of IO types
*** Clocking Loads column represents load cell count that are clock resources (global clock buffer, MMCM, PLL, etc)
**** GT Loads column represents load cell count of GT types


+----+----+------+
|    | X0 | X1   |
+----+----+------+
| Y6 |  0 |    0 |
| Y5 |  0 |    0 |
| Y4 |  0 |    0 |
| Y3 |  0 |    0 |
| Y2 |  0 |    0 |
| Y1 |  0 |  931 |
| Y0 |  0 |   15 |
+----+----+------+


11. Device Cell Placement Summary for Global Clock g4
-----------------------------------------------------

+-----------+-----------------+-------------------+-------+-------------+---------------+-------------+----------+----------------+----------+-------------+
| Global Id | Driver Type/Pin | Driver Region (D) | Clock | Period (ns) | Waveform (ns) | Slice Loads | IO Loads | Clocking Loads | GT Loads | Net         |
+-----------+-----------------+-------------------+-------+-------------+---------------+-------------+----------+----------------+----------+-------------+
| g4        | BUFG/O          | n/a               |       |             |               |         482 |        0 |              0 |        0 | clk_sd_BUFG |
+-----------+-----------------+-------------------+-------+-------------+---------------+-------------+----------+----------------+----------+-------------+
* Logic Loads column represents load cell count of all cell types other than IO, GT and clock resources
** IO Loads column represents load cell count of IO types
*** Clocking Loads column represents load cell count that are clock resources (global clock buffer, MMCM, PLL, etc)
**** GT Loads column represents load cell count of GT types


+----+----+------+
|    | X0 | X1   |
+----+----+------+
| Y6 |  0 |    0 |
| Y5 |  0 |    0 |
| Y4 |  0 |    0 |
| Y3 |  0 |    9 |
| Y2 |  0 |  339 |
| Y1 |  0 |  134 |
| Y0 |  0 |    0 |
+----+----+------+


12. Device Cell Placement Summary for Global Clock g5
-----------------------------------------------------

+-----------+-----------------+-------------------+--------------------------------------------------------------------------------------------+-------------+----------------+-------------+----------+----------------+----------+----------------------------------------+
| Global Id | Driver Type/Pin | Driver Region (D) | Clock                                                                                      | Period (ns) | Waveform (ns)  | Slice Loads | IO Loads | Clocking Loads | GT Loads | Net                                    |
+-----------+-----------------+-------------------+--------------------------------------------------------------------------------------------+-------------+----------------+-------------+----------+----------------+----------+----------------------------------------+
| g5        | BUFG/O          | n/a               | dbg_hub/inst/BSCANID.u_xsdbm_id/SWITCH_N_EXT_BSCAN.bscan_inst/SERIES7_BSCAN.bscan_inst/TCK |      33.000 | {0.000 16.500} |         458 |        0 |              0 |        0 | dbg_hub/inst/BSCANID.u_xsdbm_id/itck_i |
+-----------+-----------------+-------------------+--------------------------------------------------------------------------------------------+-------------+----------------+-------------+----------+----------------+----------+----------------------------------------+
* Logic Loads column represents load cell count of all cell types other than IO, GT and clock resources
** IO Loads column represents load cell count of IO types
*** Clocking Loads column represents load cell count that are clock resources (global clock buffer, MMCM, PLL, etc)
**** GT Loads column represents load cell count of GT types


+----+------+----+
|    | X0   | X1 |
+----+------+----+
| Y6 |    0 |  0 |
| Y5 |    0 |  0 |
| Y4 |    0 |  0 |
| Y3 |    0 |  0 |
| Y2 |  458 |  0 |
| Y1 |    0 |  0 |
| Y0 |    0 |  0 |
+----+------+----+


13. Device Cell Placement Summary for Global Clock g6
-----------------------------------------------------

+-----------+-----------------+-------------------+-------+-------------+---------------+-------------+----------+----------------+----------+--------------------------+
| Global Id | Driver Type/Pin | Driver Region (D) | Clock | Period (ns) | Waveform (ns) | Slice Loads | IO Loads | Clocking Loads | GT Loads | Net                      |
+-----------+-----------------+-------------------+-------+-------------+---------------+-------------+----------+----------------+----------+--------------------------+
| g6        | BUFG/O          | n/a               |       |             |               |          90 |        0 |              0 |        0 | cur_state_reg[6]_i_2_n_0 |
+-----------+-----------------+-------------------+-------+-------------+---------------+-------------+----------+----------------+----------+--------------------------+
* Logic Loads column represents load cell count of all cell types other than IO, GT and clock resources
** IO Loads column represents load cell count of IO types
*** Clocking Loads column represents load cell count that are clock resources (global clock buffer, MMCM, PLL, etc)
**** GT Loads column represents load cell count of GT types


+----+----+-----+
|    | X0 | X1  |
+----+----+-----+
| Y6 |  0 |   0 |
| Y5 |  0 |   0 |
| Y4 |  0 |   0 |
| Y3 |  0 |   0 |
| Y2 |  0 |   0 |
| Y1 |  3 |  87 |
| Y0 |  0 |   0 |
+----+----+-----+


14. Device Cell Placement Summary for Global Clock g7
-----------------------------------------------------

+-----------+-----------------+-------------------+-----------+-------------+---------------+-------------+----------+----------------+----------+---------------------------------------------------------------+
| Global Id | Driver Type/Pin | Driver Region (D) | Clock     | Period (ns) | Waveform (ns) | Slice Loads | IO Loads | Clocking Loads | GT Loads | Net                                                           |
+-----------+-----------------+-------------------+-----------+-------------+---------------+-------------+----------+----------------+----------+---------------------------------------------------------------+
| g7        | BUFG/O          | n/a               | clk_ori_p |       5.000 | {0.000 2.500} |          60 |        0 |              0 |        0 | ddr3_top/u_DDR3_CONTROL/u_DDR3_CONTROL_mig/u_iodelay_ctrl/CLK |
+-----------+-----------------+-------------------+-----------+-------------+---------------+-------------+----------+----------------+----------+---------------------------------------------------------------+
* Logic Loads column represents load cell count of all cell types other than IO, GT and clock resources
** IO Loads column represents load cell count of IO types
*** Clocking Loads column represents load cell count that are clock resources (global clock buffer, MMCM, PLL, etc)
**** GT Loads column represents load cell count of GT types


+----+-----+-----+
|    | X0  | X1  |
+----+-----+-----+
| Y6 |   0 |   0 |
| Y5 |   0 |   0 |
| Y4 |   0 |   0 |
| Y3 |  46 |   0 |
| Y2 |   0 |   0 |
| Y1 |   0 |  14 |
| Y0 |   0 |   0 |
+----+-----+-----+


15. Device Cell Placement Summary for Global Clock g8
-----------------------------------------------------

+-----------+-----------------+-------------------+-------+-------------+---------------+-------------+----------+----------------+----------+--------------------------+
| Global Id | Driver Type/Pin | Driver Region (D) | Clock | Period (ns) | Waveform (ns) | Slice Loads | IO Loads | Clocking Loads | GT Loads | Net                      |
+-----------+-----------------+-------------------+-------+-------------+---------------+-------------+----------+----------------+----------+--------------------------+
| g8        | BUFG/O          | n/a               |       |             |               |          40 |        0 |              0 |        0 | clk_sd_180d_reg_n_0_BUFG |
+-----------+-----------------+-------------------+-------+-------------+---------------+-------------+----------+----------------+----------+--------------------------+
* Logic Loads column represents load cell count of all cell types other than IO, GT and clock resources
** IO Loads column represents load cell count of IO types
*** Clocking Loads column represents load cell count that are clock resources (global clock buffer, MMCM, PLL, etc)
**** GT Loads column represents load cell count of GT types


+----+-----+-----+
|    | X0  | X1  |
+----+-----+-----+
| Y6 |   0 |   0 |
| Y5 |   0 |   0 |
| Y4 |   0 |   0 |
| Y3 |   0 |   0 |
| Y2 |  14 |  17 |
| Y1 |   0 |   9 |
| Y0 |   0 |   0 |
+----+-----+-----+


16. Device Cell Placement Summary for Global Clock g9
-----------------------------------------------------

+-----------+-----------------+-------------------+---------------------+-------------+----------------+-------------+----------+----------------+----------+---------------------------+
| Global Id | Driver Type/Pin | Driver Region (D) | Clock               | Period (ns) | Waveform (ns)  | Slice Loads | IO Loads | Clocking Loads | GT Loads | Net                       |
+-----------+-----------------+-------------------+---------------------+-------------+----------------+-------------+----------+----------------+----------+---------------------------+
| g9        | BUFG/O          | n/a               | clk_10m_clk_convert |     100.224 | {0.000 50.112} |          34 |        0 |              0 |        0 | clk_generate/inst/clk_10m |
+-----------+-----------------+-------------------+---------------------+-------------+----------------+-------------+----------+----------------+----------+---------------------------+
* Logic Loads column represents load cell count of all cell types other than IO, GT and clock resources
** IO Loads column represents load cell count of IO types
*** Clocking Loads column represents load cell count that are clock resources (global clock buffer, MMCM, PLL, etc)
**** GT Loads column represents load cell count of GT types


+----+-----+----+
|    | X0  | X1 |
+----+-----+----+
| Y6 |   0 |  0 |
| Y5 |   0 |  0 |
| Y4 |   0 |  0 |
| Y3 |   0 |  0 |
| Y2 |  34 |  0 |
| Y1 |   0 |  0 |
| Y0 |   0 |  0 |
+----+-----+----+


17. Device Cell Placement Summary for Global Clock g10
------------------------------------------------------

+-----------+-----------------+-------------------+---------------------+-------------+---------------+-------------+----------+----------------+----------+------------------------------------------------------------------------------+
| Global Id | Driver Type/Pin | Driver Region (D) | Clock               | Period (ns) | Waveform (ns) | Slice Loads | IO Loads | Clocking Loads | GT Loads | Net                                                                          |
+-----------+-----------------+-------------------+---------------------+-------------+---------------+-------------+----------+----------------+----------+------------------------------------------------------------------------------+
| g10       | BUFG/O          | n/a               | mmcm_ps_clk_bufg_in |      10.000 | {0.000 5.000} |          18 |        0 |              0 |        0 | ddr3_top/u_DDR3_CONTROL/u_DDR3_CONTROL_mig/u_ddr3_infrastructure/mmcm_ps_clk |
+-----------+-----------------+-------------------+---------------------+-------------+---------------+-------------+----------+----------------+----------+------------------------------------------------------------------------------+
* Logic Loads column represents load cell count of all cell types other than IO, GT and clock resources
** IO Loads column represents load cell count of IO types
*** Clocking Loads column represents load cell count that are clock resources (global clock buffer, MMCM, PLL, etc)
**** GT Loads column represents load cell count of GT types


+----+----+-----+
|    | X0 | X1  |
+----+----+-----+
| Y6 |  0 |   0 |
| Y5 |  0 |   0 |
| Y4 |  0 |   0 |
| Y3 |  0 |   0 |
| Y2 |  0 |  12 |
| Y1 |  0 |   5 |
| Y0 |  0 |   1 |
+----+----+-----+


18. Device Cell Placement Summary for Global Clock g11
------------------------------------------------------

+-----------+-----------------+-------------------+------------------+-------------+---------------+-------------+----------+----------------+----------+-----------------------------------------------------------------------------------------------------------------+
| Global Id | Driver Type/Pin | Driver Region (D) | Clock            | Period (ns) | Waveform (ns) | Slice Loads | IO Loads | Clocking Loads | GT Loads | Net                                                                                                             |
+-----------+-----------------+-------------------+------------------+-------------+---------------+-------------+----------+----------------+----------+-----------------------------------------------------------------------------------------------------------------+
| g11       | BUFG/O          | n/a               | clk_ref_mmcm_400 |       2.500 | {0.000 1.250} |          16 |        0 |              0 |        0 | ddr3_top/u_DDR3_CONTROL/u_DDR3_CONTROL_mig/u_iodelay_ctrl/clk_ref_300_400_en.clk_ref_400.u_bufg_clk_ref_400_n_0 |
+-----------+-----------------+-------------------+------------------+-------------+---------------+-------------+----------+----------------+----------+-----------------------------------------------------------------------------------------------------------------+
* Logic Loads column represents load cell count of all cell types other than IO, GT and clock resources
** IO Loads column represents load cell count of IO types
*** Clocking Loads column represents load cell count that are clock resources (global clock buffer, MMCM, PLL, etc)
**** GT Loads column represents load cell count of GT types


+----+----+-----+
|    | X0 | X1  |
+----+----+-----+
| Y6 |  0 |   0 |
| Y5 |  0 |   0 |
| Y4 |  0 |   0 |
| Y3 |  0 |   0 |
| Y2 |  0 |   1 |
| Y1 |  0 |  15 |
| Y0 |  0 |   0 |
+----+----+-----+


19. Device Cell Placement Summary for Global Clock g12
------------------------------------------------------

+-----------+-----------------+-------------------+----------------------+-------------+----------------+-------------+----------+----------------+----------+--------------------------------------------+
| Global Id | Driver Type/Pin | Driver Region (D) | Clock                | Period (ns) | Waveform (ns)  | Slice Loads | IO Loads | Clocking Loads | GT Loads | Net                                        |
+-----------+-----------------+-------------------+----------------------+-------------+----------------+-------------+----------+----------------+----------+--------------------------------------------+
| g12       | BUFG/O          | n/a               | clkfbout_clk_convert |      70.000 | {0.000 35.000} |           0 |        0 |              1 |        0 | clk_generate/inst/clkfbout_buf_clk_convert |
+-----------+-----------------+-------------------+----------------------+-------------+----------------+-------------+----------+----------------+----------+--------------------------------------------+
* Logic Loads column represents load cell count of all cell types other than IO, GT and clock resources
** IO Loads column represents load cell count of IO types
*** Clocking Loads column represents load cell count that are clock resources (global clock buffer, MMCM, PLL, etc)
**** GT Loads column represents load cell count of GT types


+----+----+----+
|    | X0 | X1 |
+----+----+----+
| Y6 |  0 |  0 |
| Y5 |  0 |  0 |
| Y4 |  0 |  0 |
| Y3 |  1 |  0 |
| Y2 |  0 |  0 |
| Y1 |  0 |  0 |
| Y0 |  0 |  0 |
+----+----+----+


20. Device Cell Placement Summary for Global Clock g13
------------------------------------------------------

+-----------+-----------------+-------------------+--------------+-------------+---------------+-------------+----------+----------------+----------+---------------------------------------------------------------------------+
| Global Id | Driver Type/Pin | Driver Region (D) | Clock        | Period (ns) | Waveform (ns) | Slice Loads | IO Loads | Clocking Loads | GT Loads | Net                                                                       |
+-----------+-----------------+-------------------+--------------+-------------+---------------+-------------+----------+----------------+----------+---------------------------------------------------------------------------+
| g13       | BUFH/O          | X1Y1              | pll_clk3_out |       5.000 | {0.000 2.500} |           0 |        0 |              1 |        0 | ddr3_top/u_DDR3_CONTROL/u_DDR3_CONTROL_mig/u_ddr3_infrastructure/pll_clk3 |
+-----------+-----------------+-------------------+--------------+-------------+---------------+-------------+----------+----------------+----------+---------------------------------------------------------------------------+
* Logic Loads column represents load cell count of all cell types other than IO, GT and clock resources
** IO Loads column represents load cell count of IO types
*** Clocking Loads column represents load cell count that are clock resources (global clock buffer, MMCM, PLL, etc)
**** GT Loads column represents load cell count of GT types


+----+----+--------+
|    | X0 | X1     |
+----+----+--------+
| Y6 |  0 |      0 |
| Y5 |  0 |      0 |
| Y4 |  0 |      0 |
| Y3 |  0 |      0 |
| Y2 |  0 |      0 |
| Y1 |  0 |  (D) 1 |
| Y0 |  0 |      0 |
+----+----+--------+


21. Clock Region Cell Placement per Global Clock: Region X1Y0
-------------------------------------------------------------

+-----------+-------+-----------------+------------+-------------+-----------------+------+--------+------+-----+----+------+-----+---------+------------------------------------------------------------------------------+
| Global Id | Track | Driver Type/Pin | Constraint | Clock Loads | Non-Clock Loads | FF   | LUTRAM | RAMB | DSP | GT | MMCM | PLL | Hard IP | Net                                                                          |
+-----------+-------+-----------------+------------+-------------+-----------------+------+--------+------+-----+----+------+-----+---------+------------------------------------------------------------------------------+
| g0        | n/a   | BUFG/O          | None       |        1497 |               0 | 1490 |      7 |    0 |   0 |  0 |    0 |   0 |       0 | ddr3_top/u_DDR3_CONTROL/u_DDR3_CONTROL_mig/u_ddr3_infrastructure/CLK         |
| g3        | n/a   | BUFG/O          | None       |          15 |               0 |   15 |      0 |    0 |   0 |  0 |    0 |   0 |       0 | clk_generate/inst/clk_vga                                                    |
| g10       | n/a   | BUFG/O          | None       |           1 |               0 |    1 |      0 |    0 |   0 |  0 |    0 |   0 |       0 | ddr3_top/u_DDR3_CONTROL/u_DDR3_CONTROL_mig/u_ddr3_infrastructure/mmcm_ps_clk |
+-----------+-------+-----------------+------------+-------------+-----------------+------+--------+------+-----+----+------+-----+---------+------------------------------------------------------------------------------+
* Clock Loads column represents the clock pin loads (pin count)
** Non-Clock Loads column represents the non-clock pin loads (pin count)
*** Columns FF, LUTRAM, RAMB through 'Hard IP' represents load cell counts


22. Clock Region Cell Placement per Global Clock: Region X0Y1
-------------------------------------------------------------

+-----------+-------+-----------------+------------+-------------+-----------------+----+--------+------+-----+----+------+-----+---------+--------------------------+
| Global Id | Track | Driver Type/Pin | Constraint | Clock Loads | Non-Clock Loads | FF | LUTRAM | RAMB | DSP | GT | MMCM | PLL | Hard IP | Net                      |
+-----------+-------+-----------------+------------+-------------+-----------------+----+--------+------+-----+----+------+-----+---------+--------------------------+
| g6        | n/a   | BUFG/O          | None       |           3 |               0 |  1 |      2 |    0 |   0 |  0 |    0 |   0 |       0 | cur_state_reg[6]_i_2_n_0 |
+-----------+-------+-----------------+------------+-------------+-----------------+----+--------+------+-----+----+------+-----+---------+--------------------------+
* Clock Loads column represents the clock pin loads (pin count)
** Non-Clock Loads column represents the non-clock pin loads (pin count)
*** Columns FF, LUTRAM, RAMB through 'Hard IP' represents load cell counts


23. Clock Region Cell Placement per Global Clock: Region X1Y1
-------------------------------------------------------------

+-----------+-------+-----------------+------------+-------------+-----------------+------+--------+------+-----+----+------+-----+---------+-----------------------------------------------------------------------------------------------------------------+
| Global Id | Track | Driver Type/Pin | Constraint | Clock Loads | Non-Clock Loads | FF   | LUTRAM | RAMB | DSP | GT | MMCM | PLL | Hard IP | Net                                                                                                             |
+-----------+-------+-----------------+------------+-------------+-----------------+------+--------+------+-----+----+------+-----+---------+-----------------------------------------------------------------------------------------------------------------+
| g0        | n/a   | BUFG/O          | None       |        4122 |               0 | 4099 |     13 |    0 |   0 |  0 |    1 |   0 |       0 | ddr3_top/u_DDR3_CONTROL/u_DDR3_CONTROL_mig/u_ddr3_infrastructure/CLK                                            |
| g3        | n/a   | BUFG/O          | None       |         931 |               0 |  931 |      0 |    0 |   0 |  0 |    0 |   0 |       0 | clk_generate/inst/clk_vga                                                                                       |
| g4        | n/a   | BUFG/O          | None       |         134 |               0 |  134 |      0 |    0 |   0 |  0 |    0 |   0 |       0 | clk_sd_BUFG                                                                                                     |
| g6        | n/a   | BUFG/O          | None       |          87 |               0 |   87 |      0 |    0 |   0 |  0 |    0 |   0 |       0 | cur_state_reg[6]_i_2_n_0                                                                                        |
| g7        | n/a   | BUFG/O          | None       |          14 |               0 |   14 |      0 |    0 |   0 |  0 |    0 |   0 |       0 | ddr3_top/u_DDR3_CONTROL/u_DDR3_CONTROL_mig/u_iodelay_ctrl/CLK                                                   |
| g8        | n/a   | BUFG/O          | None       |           9 |               0 |    9 |      0 |    0 |   0 |  0 |    0 |   0 |       0 | clk_sd_180d_reg_n_0_BUFG                                                                                        |
| g10       | n/a   | BUFG/O          | None       |           5 |               0 |    5 |      0 |    0 |   0 |  0 |    0 |   0 |       0 | ddr3_top/u_DDR3_CONTROL/u_DDR3_CONTROL_mig/u_ddr3_infrastructure/mmcm_ps_clk                                    |
| g11       | n/a   | BUFG/O          | None       |          15 |               0 |   15 |      0 |    0 |   0 |  0 |    0 |   0 |       0 | ddr3_top/u_DDR3_CONTROL/u_DDR3_CONTROL_mig/u_iodelay_ctrl/clk_ref_300_400_en.clk_ref_400.u_bufg_clk_ref_400_n_0 |
| g13       | n/a   | BUFH/O          | None       |           1 |               0 |    0 |      0 |    0 |   0 |  0 |    1 |   0 |       0 | ddr3_top/u_DDR3_CONTROL/u_DDR3_CONTROL_mig/u_ddr3_infrastructure/pll_clk3                                       |
+-----------+-------+-----------------+------------+-------------+-----------------+------+--------+------+-----+----+------+-----+---------+-----------------------------------------------------------------------------------------------------------------+
* Clock Loads column represents the clock pin loads (pin count)
** Non-Clock Loads column represents the non-clock pin loads (pin count)
*** Columns FF, LUTRAM, RAMB through 'Hard IP' represents load cell counts


24. Clock Region Cell Placement per Global Clock: Region X0Y2
-------------------------------------------------------------

+-----------+-------+-----------------+------------+-------------+-----------------+-----+--------+------+-----+----+------+-----+---------+----------------------------------------------------------------------+
| Global Id | Track | Driver Type/Pin | Constraint | Clock Loads | Non-Clock Loads | FF  | LUTRAM | RAMB | DSP | GT | MMCM | PLL | Hard IP | Net                                                                  |
+-----------+-------+-----------------+------------+-------------+-----------------+-----+--------+------+-----+----+------+-----+---------+----------------------------------------------------------------------+
| g0        | n/a   | BUFG/O          | None       |         328 |               0 | 328 |      0 |    0 |   0 |  0 |    0 |   0 |       0 | ddr3_top/u_DDR3_CONTROL/u_DDR3_CONTROL_mig/u_ddr3_infrastructure/CLK |
| g1        | n/a   | BUFG/O          | None       |         836 |               0 | 833 |      3 |    0 |   0 |  0 |    0 |   0 |       0 | clk_generate/inst/clk_50m                                            |
| g5        | n/a   | BUFG/O          | None       |         458 |               0 | 458 |      0 |    0 |   0 |  0 |    0 |   0 |       0 | dbg_hub/inst/BSCANID.u_xsdbm_id/itck_i                               |
| g8        | n/a   | BUFG/O          | None       |          14 |               0 |  14 |      0 |    0 |   0 |  0 |    0 |   0 |       0 | clk_sd_180d_reg_n_0_BUFG                                             |
| g9        | n/a   | BUFG/O          | None       |          34 |               0 |  34 |      0 |    0 |   0 |  0 |    0 |   0 |       0 | clk_generate/inst/clk_10m                                            |
+-----------+-------+-----------------+------------+-------------+-----------------+-----+--------+------+-----+----+------+-----+---------+----------------------------------------------------------------------+
* Clock Loads column represents the clock pin loads (pin count)
** Non-Clock Loads column represents the non-clock pin loads (pin count)
*** Columns FF, LUTRAM, RAMB through 'Hard IP' represents load cell counts


25. Clock Region Cell Placement per Global Clock: Region X1Y2
-------------------------------------------------------------

+-----------+-------+-----------------+------------+-------------+-----------------+------+--------+------+-----+----+------+-----+---------+-----------------------------------------------------------------------------------------------------------------+
| Global Id | Track | Driver Type/Pin | Constraint | Clock Loads | Non-Clock Loads | FF   | LUTRAM | RAMB | DSP | GT | MMCM | PLL | Hard IP | Net                                                                                                             |
+-----------+-------+-----------------+------------+-------------+-----------------+------+--------+------+-----+----+------+-----+---------+-----------------------------------------------------------------------------------------------------------------+
| g0        | n/a   | BUFG/O          | None       |        2036 |               0 | 1987 |      0 |    0 |   0 |  0 |    0 |   0 |       0 | ddr3_top/u_DDR3_CONTROL/u_DDR3_CONTROL_mig/u_ddr3_infrastructure/CLK                                            |
| g1        | n/a   | BUFG/O          | None       |         421 |               0 |  404 |     16 |    1 |   0 |  0 |    0 |   0 |       0 | clk_generate/inst/clk_50m                                                                                       |
| g4        | n/a   | BUFG/O          | None       |         339 |               0 |  339 |      0 |    0 |   0 |  0 |    0 |   0 |       0 | clk_sd_BUFG                                                                                                     |
| g8        | n/a   | BUFG/O          | None       |          17 |               0 |   17 |      0 |    0 |   0 |  0 |    0 |   0 |       0 | clk_sd_180d_reg_n_0_BUFG                                                                                        |
| g10       | n/a   | BUFG/O          | None       |          12 |               0 |    8 |      0 |    0 |   0 |  0 |    0 |   0 |       0 | ddr3_top/u_DDR3_CONTROL/u_DDR3_CONTROL_mig/u_ddr3_infrastructure/mmcm_ps_clk                                    |
| g11       | n/a   | BUFG/O          | None       |           1 |               0 |    0 |      0 |    0 |   0 |  0 |    0 |   0 |       0 | ddr3_top/u_DDR3_CONTROL/u_DDR3_CONTROL_mig/u_iodelay_ctrl/clk_ref_300_400_en.clk_ref_400.u_bufg_clk_ref_400_n_0 |
+-----------+-------+-----------------+------------+-------------+-----------------+------+--------+------+-----+----+------+-----+---------+-----------------------------------------------------------------------------------------------------------------+
* Clock Loads column represents the clock pin loads (pin count)
** Non-Clock Loads column represents the non-clock pin loads (pin count)
*** Columns FF, LUTRAM, RAMB through 'Hard IP' represents load cell counts


26. Clock Region Cell Placement per Global Clock: Region X0Y3
-------------------------------------------------------------

+-----------+-------+-----------------+------------+-------------+-----------------+------+--------+------+-----+----+------+-----+---------+----------------------------------------------------------------------+
| Global Id | Track | Driver Type/Pin | Constraint | Clock Loads | Non-Clock Loads | FF   | LUTRAM | RAMB | DSP | GT | MMCM | PLL | Hard IP | Net                                                                  |
+-----------+-------+-----------------+------------+-------------+-----------------+------+--------+------+-----+----+------+-----+---------+----------------------------------------------------------------------+
| g0        | n/a   | BUFG/O          | None       |           1 |               0 |    0 |      0 |    0 |   0 |  0 |    1 |   0 |       0 | ddr3_top/u_DDR3_CONTROL/u_DDR3_CONTROL_mig/u_ddr3_infrastructure/CLK |
| g1        | n/a   | BUFG/O          | None       |        2228 |               0 | 2171 |     57 |    0 |   0 |  0 |    0 |   0 |       0 | clk_generate/inst/clk_50m                                            |
| g7        | n/a   | BUFG/O          | None       |          46 |               0 |   45 |      0 |    0 |   0 |  0 |    0 |   0 |       0 | ddr3_top/u_DDR3_CONTROL/u_DDR3_CONTROL_mig/u_iodelay_ctrl/CLK        |
| g12       | n/a   | BUFG/O          | None       |           1 |               0 |    0 |      0 |    0 |   0 |  0 |    1 |   0 |       0 | clk_generate/inst/clkfbout_buf_clk_convert                           |
+-----------+-------+-----------------+------------+-------------+-----------------+------+--------+------+-----+----+------+-----+---------+----------------------------------------------------------------------+
* Clock Loads column represents the clock pin loads (pin count)
** Non-Clock Loads column represents the non-clock pin loads (pin count)
*** Columns FF, LUTRAM, RAMB through 'Hard IP' represents load cell counts


27. Clock Region Cell Placement per Global Clock: Region X1Y3
-------------------------------------------------------------

+-----------+-------+-----------------+------------+-------------+-----------------+------+--------+------+-----+----+------+-----+---------+----------------------------------------------------------------------+
| Global Id | Track | Driver Type/Pin | Constraint | Clock Loads | Non-Clock Loads | FF   | LUTRAM | RAMB | DSP | GT | MMCM | PLL | Hard IP | Net                                                                  |
+-----------+-------+-----------------+------------+-------------+-----------------+------+--------+------+-----+----+------+-----+---------+----------------------------------------------------------------------+
| g0        | n/a   | BUFG/O          | None       |           3 |               0 |    3 |      0 |    0 |   0 |  0 |    0 |   0 |       0 | ddr3_top/u_DDR3_CONTROL/u_DDR3_CONTROL_mig/u_ddr3_infrastructure/CLK |
| g1        | n/a   | BUFG/O          | None       |        2017 |               0 | 1915 |    100 |    2 |   0 |  0 |    0 |   0 |       0 | clk_generate/inst/clk_50m                                            |
| g2        | n/a   | BUFG/O          | None       |         179 |               0 |  179 |      0 |    0 |   0 |  0 |    0 |   0 |       0 | BUFGP_INS/O                                                          |
| g4        | n/a   | BUFG/O          | None       |           9 |               0 |    9 |      0 |    0 |   0 |  0 |    0 |   0 |       0 | clk_sd_BUFG                                                          |
+-----------+-------+-----------------+------------+-------------+-----------------+------+--------+------+-----+----+------+-----+---------+----------------------------------------------------------------------+
* Clock Loads column represents the clock pin loads (pin count)
** Non-Clock Loads column represents the non-clock pin loads (pin count)
*** Columns FF, LUTRAM, RAMB through 'Hard IP' represents load cell counts


28. Clock Region Cell Placement per Global Clock: Region X0Y4
-------------------------------------------------------------

+-----------+-------+-----------------+------------+-------------+-----------------+----+--------+------+-----+----+------+-----+---------+---------------------------+
| Global Id | Track | Driver Type/Pin | Constraint | Clock Loads | Non-Clock Loads | FF | LUTRAM | RAMB | DSP | GT | MMCM | PLL | Hard IP | Net                       |
+-----------+-------+-----------------+------------+-------------+-----------------+----+--------+------+-----+----+------+-----+---------+---------------------------+
| g1        | n/a   | BUFG/O          | None       |           6 |               0 |  6 |      0 |    0 |   0 |  0 |    0 |   0 |       0 | clk_generate/inst/clk_50m |
| g2        | n/a   | BUFG/O          | None       |          10 |               0 | 10 |      0 |    0 |   0 |  0 |    0 |   0 |       0 | BUFGP_INS/O               |
+-----------+-------+-----------------+------------+-------------+-----------------+----+--------+------+-----+----+------+-----+---------+---------------------------+
* Clock Loads column represents the clock pin loads (pin count)
** Non-Clock Loads column represents the non-clock pin loads (pin count)
*** Columns FF, LUTRAM, RAMB through 'Hard IP' represents load cell counts


29. Clock Region Cell Placement per Global Clock: Region X1Y4
-------------------------------------------------------------

+-----------+-------+-----------------+------------+-------------+-----------------+-----+--------+------+-----+----+------+-----+---------+---------------------------+
| Global Id | Track | Driver Type/Pin | Constraint | Clock Loads | Non-Clock Loads | FF  | LUTRAM | RAMB | DSP | GT | MMCM | PLL | Hard IP | Net                       |
+-----------+-------+-----------------+------------+-------------+-----------------+-----+--------+------+-----+----+------+-----+---------+---------------------------+
| g1        | n/a   | BUFG/O          | None       |         115 |               0 | 111 |      4 |    0 |   0 |  0 |    0 |   0 |       0 | clk_generate/inst/clk_50m |
| g2        | n/a   | BUFG/O          | None       |          95 |               0 |  95 |      0 |    0 |   0 |  0 |    0 |   0 |       0 | BUFGP_INS/O               |
+-----------+-------+-----------------+------------+-------------+-----------------+-----+--------+------+-----+----+------+-----+---------+---------------------------+
* Clock Loads column represents the clock pin loads (pin count)
** Non-Clock Loads column represents the non-clock pin loads (pin count)
*** Columns FF, LUTRAM, RAMB through 'Hard IP' represents load cell counts



# Location of BUFG Primitives 
set_property LOC BUFGCTRL_X0Y2 [get_cells ddr3_top/u_DDR3_CONTROL/u_DDR3_CONTROL_mig/u_iodelay_ctrl/clk_ref_300_400_en.clk_ref_400.u_bufg_clk_ref_400]
set_property LOC BUFGCTRL_X0Y8 [get_cells ddr3_top/u_DDR3_CONTROL/u_DDR3_CONTROL_mig/u_iodelay_ctrl/clk_ref_200.u_bufg_clk_ref]
set_property LOC BUFGCTRL_X0Y1 [get_cells ddr3_top/u_DDR3_CONTROL/u_DDR3_CONTROL_mig/u_ddr3_infrastructure/gen_mmcm.u_bufg_mmcm_ps_clk]
set_property LOC BUFGCTRL_X0Y0 [get_cells ddr3_top/u_DDR3_CONTROL/u_DDR3_CONTROL_mig/u_ddr3_infrastructure/u_bufg_clkdiv0]
set_property LOC BUFGCTRL_X0Y6 [get_cells dbg_hub/inst/BSCANID.u_xsdbm_id/SWITCH_N_EXT_BSCAN.u_bufg_icon_tck]
set_property LOC BUFGCTRL_X0Y7 [get_cells cur_state_reg[6]_i_2]
set_property LOC BUFGCTRL_X0Y4 [get_cells clk_sd_BUFG_inst]
set_property LOC BUFGCTRL_X0Y9 [get_cells clk_sd_180d_reg_n_0_BUFG_inst]
set_property LOC BUFGCTRL_X0Y11 [get_cells clk_generate/inst/clkf_buf]
set_property LOC BUFGCTRL_X0Y5 [get_cells clk_generate/inst/clkout1_buf]
set_property LOC BUFGCTRL_X0Y3 [get_cells clk_generate/inst/clkout2_buf]
set_property LOC BUFGCTRL_X0Y10 [get_cells clk_generate/inst/clkout4_buf]
set_property LOC BUFGCTRL_X0Y16 [get_cells BUFGP_INS]

# Location of BUFH Primitives 
set_property LOC BUFHCE_X1Y12 [get_cells ddr3_top/u_DDR3_CONTROL/u_DDR3_CONTROL_mig/u_ddr3_infrastructure/u_bufh_pll_clk3]

# Location of IO Primitives which is load of clock spine

# Location of clock ports
set_property LOC IOB_X0Y222 [get_ports clk_fmc_in]
set_property LOC IOB_X1Y75 [get_ports clk_ori_n]
set_property LOC IOB_X1Y76 [get_ports clk_ori_p]

# Clock net "ddr3_top/u_DDR3_CONTROL/u_DDR3_CONTROL_mig/u_iodelay_ctrl/clk_ref_300_400_en.clk_ref_400.u_bufg_clk_ref_400_n_0" driven by instance "ddr3_top/u_DDR3_CONTROL/u_DDR3_CONTROL_mig/u_iodelay_ctrl/clk_ref_300_400_en.clk_ref_400.u_bufg_clk_ref_400" located at site "BUFGCTRL_X0Y2"
#startgroup
create_pblock {CLKAG_ddr3_top/u_DDR3_CONTROL/u_DDR3_CONTROL_mig/u_iodelay_ctrl/clk_ref_300_400_en.clk_ref_400.u_bufg_clk_ref_400_n_0}
add_cells_to_pblock [get_pblocks  {CLKAG_ddr3_top/u_DDR3_CONTROL/u_DDR3_CONTROL_mig/u_iodelay_ctrl/clk_ref_300_400_en.clk_ref_400.u_bufg_clk_ref_400_n_0}] [get_cells -filter { PRIMITIVE_GROUP != I/O && IS_PRIMITIVE==1 && PRIMITIVE_LEVEL !=INTERNAL } -of_object [get_pins -filter {DIRECTION==IN} -of_objects [get_nets -hierarchical -filter {PARENT=="ddr3_top/u_DDR3_CONTROL/u_DDR3_CONTROL_mig/u_iodelay_ctrl/clk_ref_300_400_en.clk_ref_400.u_bufg_clk_ref_400_n_0"}]]]
resize_pblock [get_pblocks {CLKAG_ddr3_top/u_DDR3_CONTROL/u_DDR3_CONTROL_mig/u_iodelay_ctrl/clk_ref_300_400_en.clk_ref_400.u_bufg_clk_ref_400_n_0}] -add {CLOCKREGION_X1Y1:CLOCKREGION_X1Y1 CLOCKREGION_X1Y2:CLOCKREGION_X1Y2}
#endgroup

# Clock net "ddr3_top/u_DDR3_CONTROL/u_DDR3_CONTROL_mig/u_iodelay_ctrl/CLK" driven by instance "ddr3_top/u_DDR3_CONTROL/u_DDR3_CONTROL_mig/u_iodelay_ctrl/clk_ref_200.u_bufg_clk_ref" located at site "BUFGCTRL_X0Y8"
#startgroup
create_pblock {CLKAG_ddr3_top/u_DDR3_CONTROL/u_DDR3_CONTROL_mig/u_iodelay_ctrl/CLK}
add_cells_to_pblock [get_pblocks  {CLKAG_ddr3_top/u_DDR3_CONTROL/u_DDR3_CONTROL_mig/u_iodelay_ctrl/CLK}] [get_cells -filter { PRIMITIVE_GROUP != I/O && IS_PRIMITIVE==1 && PRIMITIVE_LEVEL !=INTERNAL } -of_object [get_pins -filter {DIRECTION==IN} -of_objects [get_nets -hierarchical -filter {PARENT=="ddr3_top/u_DDR3_CONTROL/u_DDR3_CONTROL_mig/u_iodelay_ctrl/CLK"}]]]
resize_pblock [get_pblocks {CLKAG_ddr3_top/u_DDR3_CONTROL/u_DDR3_CONTROL_mig/u_iodelay_ctrl/CLK}] -add {CLOCKREGION_X0Y3:CLOCKREGION_X0Y3 CLOCKREGION_X1Y1:CLOCKREGION_X1Y1}
#endgroup

# Clock net "ddr3_top/u_DDR3_CONTROL/u_DDR3_CONTROL_mig/u_ddr3_infrastructure/mmcm_ps_clk" driven by instance "ddr3_top/u_DDR3_CONTROL/u_DDR3_CONTROL_mig/u_ddr3_infrastructure/gen_mmcm.u_bufg_mmcm_ps_clk" located at site "BUFGCTRL_X0Y1"
#startgroup
create_pblock {CLKAG_ddr3_top/u_DDR3_CONTROL/u_DDR3_CONTROL_mig/u_ddr3_infrastructure/mmcm_ps_clk}
add_cells_to_pblock [get_pblocks  {CLKAG_ddr3_top/u_DDR3_CONTROL/u_DDR3_CONTROL_mig/u_ddr3_infrastructure/mmcm_ps_clk}] [get_cells -filter { PRIMITIVE_GROUP != I/O && IS_PRIMITIVE==1 && PRIMITIVE_LEVEL !=INTERNAL } -of_object [get_pins -filter {DIRECTION==IN} -of_objects [get_nets -hierarchical -filter {PARENT=="ddr3_top/u_DDR3_CONTROL/u_DDR3_CONTROL_mig/u_ddr3_infrastructure/mmcm_ps_clk"}]]]
resize_pblock [get_pblocks {CLKAG_ddr3_top/u_DDR3_CONTROL/u_DDR3_CONTROL_mig/u_ddr3_infrastructure/mmcm_ps_clk}] -add {CLOCKREGION_X1Y0:CLOCKREGION_X1Y0 CLOCKREGION_X1Y1:CLOCKREGION_X1Y1 CLOCKREGION_X1Y2:CLOCKREGION_X1Y2}
#endgroup

# Clock net "ddr3_top/u_DDR3_CONTROL/u_DDR3_CONTROL_mig/u_ddr3_infrastructure/CLK" driven by instance "ddr3_top/u_DDR3_CONTROL/u_DDR3_CONTROL_mig/u_ddr3_infrastructure/u_bufg_clkdiv0" located at site "BUFGCTRL_X0Y0"
#startgroup
create_pblock {CLKAG_ddr3_top/u_DDR3_CONTROL/u_DDR3_CONTROL_mig/u_ddr3_infrastructure/CLK}
add_cells_to_pblock [get_pblocks  {CLKAG_ddr3_top/u_DDR3_CONTROL/u_DDR3_CONTROL_mig/u_ddr3_infrastructure/CLK}] [get_cells -filter { PRIMITIVE_GROUP != I/O && IS_PRIMITIVE==1 && PRIMITIVE_LEVEL !=INTERNAL && NAME!=ddr3_top/u_DDR3_CONTROL/u_DDR3_CONTROL_mig/u_ddr3_infrastructure/gen_mmcm.mmcm_i && NAME!=clk_generate/inst/mmcm_adv_inst} -of_object [get_pins -filter {DIRECTION==IN} -of_objects [get_nets -hierarchical -filter {PARENT=="ddr3_top/u_DDR3_CONTROL/u_DDR3_CONTROL_mig/u_ddr3_infrastructure/CLK"}]]]
resize_pblock [get_pblocks {CLKAG_ddr3_top/u_DDR3_CONTROL/u_DDR3_CONTROL_mig/u_ddr3_infrastructure/CLK}] -add {CLOCKREGION_X0Y2:CLOCKREGION_X0Y2 CLOCKREGION_X1Y0:CLOCKREGION_X1Y0 CLOCKREGION_X1Y1:CLOCKREGION_X1Y1 CLOCKREGION_X1Y2:CLOCKREGION_X1Y2 CLOCKREGION_X1Y3:CLOCKREGION_X1Y3}
#endgroup

# Clock net "dbg_hub/inst/BSCANID.u_xsdbm_id/itck_i" driven by instance "dbg_hub/inst/BSCANID.u_xsdbm_id/SWITCH_N_EXT_BSCAN.u_bufg_icon_tck" located at site "BUFGCTRL_X0Y6"
#startgroup
create_pblock {CLKAG_dbg_hub/inst/BSCANID.u_xsdbm_id/itck_i}
add_cells_to_pblock [get_pblocks  {CLKAG_dbg_hub/inst/BSCANID.u_xsdbm_id/itck_i}] [get_cells -filter { PRIMITIVE_GROUP != I/O && IS_PRIMITIVE==1 && PRIMITIVE_LEVEL !=INTERNAL } -of_object [get_pins -filter {DIRECTION==IN} -of_objects [get_nets -hierarchical -filter {PARENT=="dbg_hub/inst/BSCANID.u_xsdbm_id/itck_i"}]]]
resize_pblock [get_pblocks {CLKAG_dbg_hub/inst/BSCANID.u_xsdbm_id/itck_i}] -add {CLOCKREGION_X0Y2:CLOCKREGION_X0Y2}
#endgroup

# Clock net "cur_state_reg[6]_i_2_n_0" driven by instance "cur_state_reg[6]_i_2" located at site "BUFGCTRL_X0Y7"
#startgroup
create_pblock {CLKAG_cur_state_reg[6]_i_2_n_0}
add_cells_to_pblock [get_pblocks  {CLKAG_cur_state_reg[6]_i_2_n_0}] [get_cells -filter { PRIMITIVE_GROUP != I/O && IS_PRIMITIVE==1 && PRIMITIVE_LEVEL !=INTERNAL } -of_object [get_pins -filter {DIRECTION==IN} -of_objects [get_nets -hierarchical -filter {PARENT=="cur_state_reg[6]_i_2_n_0"}]]]
resize_pblock [get_pblocks {CLKAG_cur_state_reg[6]_i_2_n_0}] -add {CLOCKREGION_X0Y1:CLOCKREGION_X0Y1 CLOCKREGION_X1Y1:CLOCKREGION_X1Y1}
#endgroup

# Clock net "clk_sd_BUFG" driven by instance "clk_sd_BUFG_inst" located at site "BUFGCTRL_X0Y4"
#startgroup
create_pblock {CLKAG_clk_sd_BUFG}
add_cells_to_pblock [get_pblocks  {CLKAG_clk_sd_BUFG}] [get_cells -filter { PRIMITIVE_GROUP != I/O && IS_PRIMITIVE==1 && PRIMITIVE_LEVEL !=INTERNAL } -of_object [get_pins -filter {DIRECTION==IN} -of_objects [get_nets -hierarchical -filter {PARENT=="clk_sd_BUFG"}]]]
resize_pblock [get_pblocks {CLKAG_clk_sd_BUFG}] -add {CLOCKREGION_X1Y1:CLOCKREGION_X1Y1 CLOCKREGION_X1Y2:CLOCKREGION_X1Y2 CLOCKREGION_X1Y3:CLOCKREGION_X1Y3}
#endgroup

# Clock net "clk_sd_180d_reg_n_0_BUFG" driven by instance "clk_sd_180d_reg_n_0_BUFG_inst" located at site "BUFGCTRL_X0Y9"
#startgroup
create_pblock {CLKAG_clk_sd_180d_reg_n_0_BUFG}
add_cells_to_pblock [get_pblocks  {CLKAG_clk_sd_180d_reg_n_0_BUFG}] [get_cells -filter { PRIMITIVE_GROUP != I/O && IS_PRIMITIVE==1 && PRIMITIVE_LEVEL !=INTERNAL } -of_object [get_pins -filter {DIRECTION==IN} -of_objects [get_nets -hierarchical -filter {PARENT=="clk_sd_180d_reg_n_0_BUFG"}]]]
resize_pblock [get_pblocks {CLKAG_clk_sd_180d_reg_n_0_BUFG}] -add {CLOCKREGION_X0Y2:CLOCKREGION_X0Y2 CLOCKREGION_X1Y1:CLOCKREGION_X1Y1 CLOCKREGION_X1Y2:CLOCKREGION_X1Y2}
#endgroup

# Clock net "clk_generate/inst/clk_vga" driven by instance "clk_generate/inst/clkout1_buf" located at site "BUFGCTRL_X0Y5"
#startgroup
create_pblock {CLKAG_clk_generate/inst/clk_vga}
add_cells_to_pblock [get_pblocks  {CLKAG_clk_generate/inst/clk_vga}] [get_cells -filter { PRIMITIVE_GROUP != I/O && IS_PRIMITIVE==1 && PRIMITIVE_LEVEL !=INTERNAL } -of_object [get_pins -filter {DIRECTION==IN} -of_objects [get_nets -hierarchical -filter {PARENT=="clk_generate/inst/clk_vga"}]]]
resize_pblock [get_pblocks {CLKAG_clk_generate/inst/clk_vga}] -add {CLOCKREGION_X1Y0:CLOCKREGION_X1Y0 CLOCKREGION_X1Y1:CLOCKREGION_X1Y1}
#endgroup

# Clock net "clk_generate/inst/clk_50m" driven by instance "clk_generate/inst/clkout2_buf" located at site "BUFGCTRL_X0Y3"
#startgroup
create_pblock {CLKAG_clk_generate/inst/clk_50m}
add_cells_to_pblock [get_pblocks  {CLKAG_clk_generate/inst/clk_50m}] [get_cells -filter { PRIMITIVE_GROUP != I/O && IS_PRIMITIVE==1 && PRIMITIVE_LEVEL !=INTERNAL } -of_object [get_pins -filter {DIRECTION==IN} -of_objects [get_nets -hierarchical -filter {PARENT=="clk_generate/inst/clk_50m"}]]]
resize_pblock [get_pblocks {CLKAG_clk_generate/inst/clk_50m}] -add {CLOCKREGION_X0Y2:CLOCKREGION_X0Y2 CLOCKREGION_X0Y3:CLOCKREGION_X0Y3 CLOCKREGION_X0Y4:CLOCKREGION_X0Y4 CLOCKREGION_X1Y2:CLOCKREGION_X1Y2 CLOCKREGION_X1Y3:CLOCKREGION_X1Y3 CLOCKREGION_X1Y4:CLOCKREGION_X1Y4}
#endgroup

# Clock net "clk_generate/inst/clk_10m" driven by instance "clk_generate/inst/clkout4_buf" located at site "BUFGCTRL_X0Y10"
#startgroup
create_pblock {CLKAG_clk_generate/inst/clk_10m}
add_cells_to_pblock [get_pblocks  {CLKAG_clk_generate/inst/clk_10m}] [get_cells -filter { PRIMITIVE_GROUP != I/O && IS_PRIMITIVE==1 && PRIMITIVE_LEVEL !=INTERNAL } -of_object [get_pins -filter {DIRECTION==IN} -of_objects [get_nets -hierarchical -filter {PARENT=="clk_generate/inst/clk_10m"}]]]
resize_pblock [get_pblocks {CLKAG_clk_generate/inst/clk_10m}] -add {CLOCKREGION_X0Y2:CLOCKREGION_X0Y2}
#endgroup

# Clock net "clk_fmc" driven by instance "BUFGP_INS" located at site "BUFGCTRL_X0Y16"
#startgroup
create_pblock {CLKAG_clk_fmc}
add_cells_to_pblock [get_pblocks  {CLKAG_clk_fmc}] [get_cells -filter { PRIMITIVE_GROUP != I/O && IS_PRIMITIVE==1 && PRIMITIVE_LEVEL !=INTERNAL } -of_object [get_pins -filter {DIRECTION==IN} -of_objects [get_nets -hierarchical -filter {PARENT=="clk_fmc"}]]]
resize_pblock [get_pblocks {CLKAG_clk_fmc}] -add {CLOCKREGION_X0Y4:CLOCKREGION_X0Y4 CLOCKREGION_X1Y3:CLOCKREGION_X1Y3 CLOCKREGION_X1Y4:CLOCKREGION_X1Y4}
#endgroup
