#
# A fatal error has been detected by the Java Runtime Environment:
#
#  EXCEPTION_UNCAUGHT_CXX_EXCEPTION (0xe06d7363) at pc=0x00007ff95c97a839, pid=7560, tid=13516
#
# JRE version: Java(TM) SE Runtime Environment (9.0+11) (build 9.0.4+11)
# Java VM: Java HotSpot(TM) 64-Bit Server VM (9.0.4+11, mixed mode, tiered, compressed oops, g1 gc, windows-amd64)
# Problematic frame:
# C  [KERNELBASE.dll+0x3a839]
#
# No core dump will be written. Minidumps are not enabled by default on client versions of Windows
#
# If you would like to submit a bug report, please visit:
#   http://bugreport.java.com/bugreport/crash.jsp
# The crash happened outside the Java Virtual Machine in native code.
# See problematic frame for where to report the bug.
#

---------------  S U M M A R Y ------------

Command Line: -Dsun.java2d.pmoffscreen=false -Dsun.java2d.xrender=false -Dsun.java2d.d3d=false -Dsun.awt.nopixfmt=true -Dsun.java2d.dpiaware=true -Dsun.java2d.uiScale.enabled=false -Xverify:none -Dswing.aatext=true -XX:-UsePerfData -Djdk.map.althashing.threshold=512 -XX:StringTableSize=4072 --add-opens=java.base/java.nio=ALL-UNNAMED --add-opens=java.desktop/sun.swing=ALL-UNNAMED --add-opens=java.desktop/javax.swing=ALL-UNNAMED --add-opens=java.desktop/javax.swing.tree=ALL-UNNAMED --add-opens=java.desktop/javax.swing.plaf.basic=ALL-UNNAMED --add-opens=java.desktop/javax.swing.plaf.synth=ALL-UNNAMED --add-opens=java.desktop/com.sun.awt=ALL-UNNAMED -XX:NewSize=60m -XX:MaxNewSize=60m -Xms128m -Xmx3072m -Xss5m 

Host: Intel(R) Core(TM) i7-6700 CPU @ 3.40GHz, 8 cores, 7G,  Windows 10 , 64 bit Build 18362 (10.0.18362.86)
Time: Sat Sep 07 19:13:40 2019 ?D1¨²¡À¨º¡Á?¨º¡À?? elapsed time: 2492 seconds (0d 0h 41m 32s)

---------------  T H R E A D  ---------------

Current thread (0x00000120b7fe1000):  JavaThread "AWT-EventQueue-1" [_thread_in_native, id=13516, stack(0x0000000107e00000,0x0000000108300000)]

Stack: [0x0000000107e00000,0x0000000108300000],  sp=0x00000001082f9720,  free space=5093k
Native frames: (J=compiled Java code, j=interpreted, Vv=VM code, C=native code)
C  [KERNELBASE.dll+0x3a839]
C  [VCRUNTIME140.dll+0x4722]
C  [librdi_common.dll+0x56d20b]
C  [MSVCP140.dll+0x1ae27]
C  [ucrtbase.dll+0x66cfc]
C  [librdi_common.dll+0x723ca7]
C  [librdi_common.dll+0x1293b9]
C  0x00007ff8e7833c1a
C  0x00000120a79793ba

Java frames: (J=compiled Java code, j=interpreted, Vv=VM code)
J 19453  ui.data.labtools.lthwdatai.HWSysMonSensor_getMinRegister(J)Ljava/lang/String; (0 bytes) @ 0x00000120a7979321 [0x00000120a79792e0+0x0000000000000041]
J 19451 c1 ui.data.labtools.f.g.bkM()D (63 bytes) @ 0x00000120a11d0a34 [0x00000120a11d0860+0x00000000000001d4]
J 19401 c1 ui.views.v.f.e.fKe()V (156 bytes) @ 0x00000120a0a686d4 [0x00000120a0a67ea0+0x0000000000000834]
J 19399 c1 ui.views.v.f.e.fGl()V (71 bytes) @ 0x00000120a0c4fefc [0x00000120a0c4fc20+0x00000000000002dc]
J 19323 c1 ui.views.v.a.d.e$$Lambda$255.run()V (8 bytes) @ 0x00000120a05c696c [0x00000120a05c6760+0x000000000000020c]
J 13804 c2 java.awt.EventQueue$3.run()Ljava/lang/Object; java.desktop@9.0.4 (5 bytes) @ 0x00000120a6bea424 [0x00000120a6bea320+0x0000000000000104]
v  ~StubRoutines::call_stub
J 4054  java.security.AccessController.doPrivileged(Ljava/security/PrivilegedAction;Ljava/security/AccessControlContext;)Ljava/lang/Object; java.base@9.0.4 (0 bytes) @ 0x00000120a6a32b46 [0x00000120a6a32ae0+0x0000000000000066]
J 18515 c2 java.security.ProtectionDomain$JavaSecurityAccessImpl.doIntersectionPrivilege(Ljava/security/PrivilegedAction;Ljava/security/AccessControlContext;Ljava/security/AccessControlContext;)Ljava/lang/Object; java.base@9.0.4 (22 bytes) @ 0x00000120a74675f0 [0x00000120a7467340+0x00000000000002b0]
J 13819 c2 ui.frmwork.b.d.dispatchEvent(Ljava/awt/AWTEvent;)V (34 bytes) @ 0x00000120a6c02fa4 [0x00000120a6c02de0+0x00000000000001c4]
J 20089 c2 java.awt.EventDispatchThread.pumpOneEventForFilters(I)V java.desktop@9.0.4 (218 bytes) @ 0x00000120a746d93c [0x00000120a746d600+0x000000000000033c]
J 23197 c2 java.awt.EventDispatchThread.pumpEventsForFilter(ILjava/awt/Conditional;Ljava/awt/EventFilter;)V java.desktop@9.0.4 (47 bytes) @ 0x00000120a7eef98c [0x00000120a7eef7e0+0x00000000000001ac]
j  java.awt.EventDispatchThread.pumpEventsForFilter(Ljava/awt/Conditional;Ljava/awt/EventFilter;)V+4 java.desktop@9.0.4
j  java.awt.WaitDispatchSupport$2.run()V+59 java.desktop@9.0.4
j  java.awt.WaitDispatchSupport$4.run()Ljava/lang/Void;+4 java.desktop@9.0.4
j  java.awt.WaitDispatchSupport$4.run()Ljava/lang/Object;+1 java.desktop@9.0.4
v  ~StubRoutines::call_stub
J 919  java.security.AccessController.doPrivileged(Ljava/security/PrivilegedAction;)Ljava/lang/Object; java.base@9.0.4 (0 bytes) @ 0x00000120a683f032 [0x00000120a683efe0+0x0000000000000052]
j  java.awt.WaitDispatchSupport.enter()Z+260 java.desktop@9.0.4
j  java.awt.Dialog.show()V+225 java.desktop@9.0.4
J 9795 c1 java.awt.Component.setVisible(Z)V java.desktop@9.0.4 (6 bytes) @ 0x00000120a0bc15cc [0x00000120a0bc13e0+0x00000000000001ec]
j  java.awt.Window.setVisible(Z)V+2 java.desktop@9.0.4
j  java.awt.Dialog.setVisible(Z)V+2 java.desktop@9.0.4
j  ui.b.c.g.setVisible(Z)V+2
j  ui.b.c.bx.showDialog()V+64
j  ui.b.c.bE.cV()V+4
j  ui.b.c.bE$$Lambda$243.run()V+4
J 13804 c2 java.awt.EventQueue$3.run()Ljava/lang/Object; java.desktop@9.0.4 (5 bytes) @ 0x00000120a6bea424 [0x00000120a6bea320+0x0000000000000104]
v  ~StubRoutines::call_stub
J 4054  java.security.AccessController.doPrivileged(Ljava/security/PrivilegedAction;Ljava/security/AccessControlContext;)Ljava/lang/Object; java.base@9.0.4 (0 bytes) @ 0x00000120a6a32b46 [0x00000120a6a32ae0+0x0000000000000066]
J 18515 c2 java.security.ProtectionDomain$JavaSecurityAccessImpl.doIntersectionPrivilege(Ljava/security/PrivilegedAction;Ljava/security/AccessControlContext;Ljava/security/AccessControlContext;)Ljava/lang/Object; java.base@9.0.4 (22 bytes) @ 0x00000120a74675f0 [0x00000120a7467340+0x00000000000002b0]
J 13819 c2 ui.frmwork.b.d.dispatchEvent(Ljava/awt/AWTEvent;)V (34 bytes) @ 0x00000120a6c02fa4 [0x00000120a6c02de0+0x00000000000001c4]
J 20089 c2 java.awt.EventDispatchThread.pumpOneEventForFilters(I)V java.desktop@9.0.4 (218 bytes) @ 0x00000120a746d93c [0x00000120a746d600+0x000000000000033c]
J 22660% c2 java.awt.EventDispatchThread.pumpEventsForFilter(ILjava/awt/Conditional;Ljava/awt/EventFilter;)V java.desktop@9.0.4 (47 bytes) @ 0x00000120a7db5958 [0x00000120a7db5840+0x0000000000000118]
j  java.awt.EventDispatchThread.pumpEventsForHierarchy(ILjava/awt/Conditional;Ljava/awt/Component;)V+11 java.desktop@9.0.4
j  java.awt.EventDispatchThread.pumpEvents(ILjava/awt/Conditional;)V+4 java.desktop@9.0.4
j  java.awt.EventDispatchThread.pumpEvents(Ljava/awt/Conditional;)V+3 java.desktop@9.0.4
j  java.awt.EventDispatchThread.run()V+9 java.desktop@9.0.4
v  ~StubRoutines::call_stub

siginfo: EXCEPTION_UNCAUGHT_CXX_EXCEPTION (0xe06d7363), ExceptionInformation=0x0000000019930520 0x00000001082f98a0 0x00007ff91168e2b8 0x00007ff910b50000 


Register to memory mapping:

RIP=0x00007ff95c97a839 KERNELBASE.dll
RAX=0x0000000709542a60 is an oop
ui.views.aF 
{0x0000000709542a60} - klass: 'ui/views/aF'
RBX=0x00007ff9110bd1c0 librdi_common.dll
RCX=0x00000001000000d4 is an unknown value
RDX=0x00000001000000d9 is an unknown value
RSP=0x00000001082f9720 is pointing into the stack for thread: 0x00000120b7fe1000
RBP=0x00000001082f9860 is pointing into the stack for thread: 0x00000120b7fe1000
RSI=0x00007ff91168e2b8 librdi_common.dll
RDI=0x0000003800000e14 is an unknown value
R8 =0x0000000701aeb660 is an oop
java.util.ArrayList 
{0x0000000701aeb660} - klass: 'java/util/ArrayList'
R9 =0x0000000000000000 is an unknown value
R10=0x00000120a6bfb068 is at entry_point+616 in (nmethod*)0x00000120a6bfac10
R11=0x00000007093b3640 is an oop
com.jidesoft.swing.SimpleScrollPane 
{0x00000007093b3640} - klass: 'com/jidesoft/swing/SimpleScrollPane'
R12=0x0000000000000000 is an unknown value
R13=0x0000000000000000 is an unknown value
R14=0x00000001082f98a0 is pointing into the stack for thread: 0x00000120b7fe1000
R15=0x0000012091d304f0 is an unknown value


Registers:
RAX=0x0000000709542a60, RBX=0x00007ff9110bd1c0, RCX=0x00000001000000d4, RDX=0x00000001000000d9
RSP=0x00000001082f9720, RBP=0x00000001082f9860, RSI=0x00007ff91168e2b8, RDI=0x0000003800000e14
R8 =0x0000000701aeb660, R9 =0x0000000000000000, R10=0x00000120a6bfb068, R11=0x00000007093b3640
R12=0x0000000000000000, R13=0x0000000000000000, R14=0x00000001082f98a0, R15=0x0000012091d304f0
RIP=0x00007ff95c97a839, EFLAGS=0x0000000000000206

Top of Stack: (sp=0x00000001082f9720)
0x00000001082f9720:   000001208ba202ac 00007ff9110bd1c0
0x00000001082f9730:   00007ff91168e2b8 00000001082f9c50
0x00000001082f9740:   00000001e06d7363 0000000000000000
0x00000001082f9750:   00007ff95c97a839 00007ff900000004
0x00000001082f9760:   0000000019930520 00000001082f98a0
0x00000001082f9770:   00007ff91168e2b8 00007ff910b50000
0x00000001082f9780:   0000000000000000 0000000000000000
0x00000001082f9790:   00007ff91168e2b8 00000001082f9860
0x00000001082f97a0:   00000001082f9880 00007ff95f9bf42f
0x00000001082f97b0:   0000003800000e14 0000007000000000
0x00000001082f97c0:   0000000000000000 0000000000000000
0x00000001082f97d0:   00007ff911956000 00007ff910b50000
0x00000001082f97e0:   0000bcd0ad8dcc68 00000001082f9c50
0x00000001082f97f0:   00007ff9110bd1c0 00007ff94ffb4722
0x00000001082f9800:   000001208fd74040 00007ff95f9dfba1
0x00000001082f9810:   0000000000000000 000001208ba60000 

Instructions: (pc=0x00007ff95c97a839)
0x00007ff95c97a819:   8b d1 44 0f 47 c0 44 89 44 24 38 49 c1 e0 03 e8
0x00007ff95c97a829:   2a 4b 05 00 48 8d 4c 24 20 48 ff 15 df be 16 00
0x00007ff95c97a839:   0f 1f 44 00 00 48 8b 8c 24 c0 00 00 00 48 33 cc
0x00007ff95c97a849:   e8 82 ec 04 00 48 81 c4 d8 00 00 00 c3 83 64 24 



---------------  P R O C E S S  ---------------

Java Threads: ( => current thread )
  0x000001208a5d6800 JavaThread "Auto Connect" [_thread_blocked, id=14204, stack(0x000000010c300000,0x000000010c800000)]
  0x000001208a5d2000 JavaThread "SyntheticaAnimation 50" daemon [_thread_blocked, id=7236, stack(0x000000010b800000,0x000000010bd00000)]
  0x0000012088a06800 JavaThread "Thread-273" [_thread_in_native, id=15252, stack(0x0000000108d00000,0x0000000108e00000)]
  0x0000012088a05800 JavaThread "Thread-206" [_thread_in_native, id=8560, stack(0x0000000108d00000,0x0000000108e00000)]
  0x0000012088a04000 JavaThread "Thread-197" [_thread_in_native, id=15192, stack(0x0000000108d00000,0x0000000108e00000)]
  0x00000120c7d84800 JavaThread "Thread-189" [_thread_in_native, id=5712, stack(0x0000000108d00000,0x0000000108e00000)]
  0x00000120c5550800 JavaThread "Thread-179" [_thread_in_native, id=16212, stack(0x0000000107200000,0x0000000107300000)]
  0x00000120c7d7e800 JavaThread "Thread-165" [_thread_in_native, id=16328, stack(0x0000000107200000,0x0000000107300000)]
  0x00000120c7d83000 JavaThread "Thread-157" [_thread_in_native, id=7476, stack(0x0000000106f00000,0x0000000107000000)]
  0x00000120c7d80000 JavaThread "Thread-150" [_thread_in_native, id=8208, stack(0x000000010a200000,0x000000010a300000)]
  0x00000120c7d84000 JavaThread "Thread-144" [_thread_in_native, id=10860, stack(0x0000000100100000,0x0000000100200000)]
  0x00000120c7d82800 JavaThread "SyntheticaAnimation 50" daemon [_thread_blocked, id=16072, stack(0x000000010b300000,0x000000010b800000)]
  0x00000120c554f000 JavaThread "hw_ila_monitor" [_thread_blocked, id=16868, stack(0x000000010ae00000,0x000000010b300000)]
  0x00000120c554e800 JavaThread "Update Runs Swing Worker" [_thread_blocked, id=12628, stack(0x000000010a900000,0x000000010ae00000)]
  0x00000120c554d800 JavaThread "Refresh Filesets Swing Worker" [_thread_blocked, id=8448, stack(0x0000000108300000,0x0000000108800000)]
  0x00000120928de800 JavaThread "SyntheticaAnimation 70" daemon [_thread_blocked, id=9784, stack(0x000000010a400000,0x000000010a900000)]
  0x00000120928da800 JavaThread "SyntheticaAnimation 25" daemon [_thread_blocked, id=13256, stack(0x0000000109a00000,0x0000000109f00000)]
  0x00000120928db800 JavaThread "SyntheticaAnimation 50" daemon [_thread_blocked, id=12596, stack(0x0000000109500000,0x0000000109a00000)]
  0x00000120928dd000 JavaThread "Monitor HEventQueue" [_thread_blocked, id=17432, stack(0x0000000109000000,0x0000000109500000)]
  0x00000120928e0000 JavaThread "Batik CleanerThread" daemon [_thread_blocked, id=5504, stack(0x0000000108800000,0x0000000108d00000)]
  0x00000120928da000 JavaThread "SyntheticaCleanerThread" daemon [_thread_blocked, id=16888, stack(0x0000000107400000,0x0000000107900000)]
=>0x00000120b7fe1000 JavaThread "AWT-EventQueue-1" [_thread_in_native, id=13516, stack(0x0000000107e00000,0x0000000108300000)]
  0x00000120b7ebf800 JavaThread "Process Messages" [_thread_blocked, id=2988, stack(0x0000000107900000,0x0000000107e00000)]
  0x00000120b8739800 JavaThread "Thread-1" [_thread_in_native, id=13544, stack(0x0000000100700000,0x0000000101b00000)]
  0x00000120b7a21000 JavaThread "TimerQueue" daemon [_thread_blocked, id=2740, stack(0x0000000106a00000,0x0000000106f00000)]
  0x0000012095cf2800 JavaThread "AWT-Windows" daemon [_thread_in_native, id=11876, stack(0x0000000106500000,0x0000000106a00000)]
  0x000001209600d000 JavaThread "AWT-Shutdown" [_thread_blocked, id=3064, stack(0x0000000106000000,0x0000000106500000)]
  0x0000012096090000 JavaThread "Java2D Disposer" daemon [_thread_blocked, id=15048, stack(0x0000000105b00000,0x0000000106000000)]
  0x0000012091a9a800 JavaThread "Service Thread" daemon [_thread_blocked, id=264, stack(0x0000000105500000,0x0000000105a00000)]
  0x0000012097ea9000 JavaThread "Common-Cleaner" daemon [_thread_blocked, id=12324, stack(0x0000000105000000,0x0000000105500000)]
  0x00000120928dc000 JavaThread "Sweeper thread" daemon [_thread_blocked, id=11620, stack(0x0000000104b00000,0x0000000105000000)]
  0x0000012092abb000 JavaThread "C1 CompilerThread3" daemon [_thread_blocked, id=5808, stack(0x0000000104a00000,0x0000000104b00000)]
  0x0000012097477000 JavaThread "C2 CompilerThread2" daemon [_thread_blocked, id=10016, stack(0x0000000104900000,0x0000000104a00000)]
  0x000001209545e000 JavaThread "C2 CompilerThread1" daemon [_thread_blocked, id=6740, stack(0x0000000104800000,0x0000000104900000)]
  0x000001209545d800 JavaThread "C2 CompilerThread0" daemon [_thread_blocked, id=4036, stack(0x0000000104700000,0x0000000104800000)]
  0x00000120973d7000 JavaThread "Attach Listener" daemon [_thread_blocked, id=1136, stack(0x0000000104200000,0x0000000104700000)]
  0x00000120973d6800 JavaThread "Signal Dispatcher" daemon [_thread_blocked, id=12272, stack(0x0000000103d00000,0x0000000104200000)]
  0x0000012095985000 JavaThread "Finalizer" daemon [_thread_blocked, id=3052, stack(0x0000000103800000,0x0000000103d00000)]
  0x0000012095984800 JavaThread "Reference Handler" daemon [_thread_blocked, id=8072, stack(0x0000000103300000,0x0000000103800000)]
  0x000001209295a800 JavaThread "main" [_thread_blocked, id=7128, stack(0x0000000100600000,0x0000000100700000)]

Other Threads:
  0x0000012094ff9000 VMThread "VM Thread" [stack: 0x0000000103200000,0x0000000103300000] [id=16696]
  0x0000012091a9b800 WatcherThread [stack: 0x0000000105a00000,0x0000000105b00000] [id=14392]
  0x00000120923e2800 GCTaskThread "GC Thread#0" [stack: 0x0000000101e00000,0x0000000101f00000] [id=17764]
  0x0000012092ef9800 GCTaskThread "GC Thread#1" [stack: 0x0000000101f00000,0x0000000102000000] [id=16860]
  0x0000012092109800 GCTaskThread "GC Thread#2" [stack: 0x0000000102000000,0x0000000102100000] [id=7748]
  0x0000012092206000 GCTaskThread "GC Thread#3" [stack: 0x0000000102100000,0x0000000102200000] [id=18008]
  0x000001208fd69800 GCTaskThread "GC Thread#4" [stack: 0x0000000102200000,0x0000000102300000] [id=8272]
  0x00000120972c3800 GCTaskThread "GC Thread#5" [stack: 0x0000000102300000,0x0000000102400000] [id=11312]
  0x0000012092392800 GCTaskThread "GC Thread#6" [stack: 0x0000000102400000,0x0000000102500000] [id=15396]
  0x0000012092551800 GCTaskThread "GC Thread#7" [stack: 0x0000000102500000,0x0000000102600000] [id=7100]
  0x00000120975fe800 ConcurrentGCThread "G1 Main Marker" [stack: 0x0000000102f00000,0x0000000103000000] [id=14452]
  0x00000120975ff000 ConcurrentGCThread "G1 Marker#0" [stack: 0x0000000103000000,0x0000000103100000] [id=11012]
  0x0000012098137800 ConcurrentGCThread "G1 Marker#1" [stack: 0x0000000103100000,0x0000000103200000] [id=9356]
  0x00000120974b7800 ConcurrentGCThread "G1 Refine#0" [stack: 0x0000000102d00000,0x0000000102e00000] [id=4448]
  0x0000012098008800 ConcurrentGCThread "G1 Refine#1" [stack: 0x0000000102c00000,0x0000000102d00000] [id=15556]
  0x0000012091b91000 ConcurrentGCThread "G1 Refine#2" [stack: 0x0000000102b00000,0x0000000102c00000] [id=10296]
  0x0000012091b90800 ConcurrentGCThread "G1 Refine#3" [stack: 0x0000000102a00000,0x0000000102b00000] [id=15848]
  0x000001209747b000 ConcurrentGCThread "G1 Refine#4" [stack: 0x0000000102900000,0x0000000102a00000] [id=11888]
  0x00000120972c6800 ConcurrentGCThread "G1 Refine#5" [stack: 0x0000000102800000,0x0000000102900000] [id=16128]
  0x0000012097ead000 ConcurrentGCThread "G1 Refine#6" [stack: 0x0000000102700000,0x0000000102800000] [id=17908]
  0x00000120980d9000 ConcurrentGCThread "G1 Refine#7" [stack: 0x0000000102600000,0x0000000102700000] [id=11476]
  0x00000120974b8000 ConcurrentGCThread "G1 Young RemSet Sampling" [stack: 0x0000000102e00000,0x0000000102f00000] [id=7140]

Threads with active compile tasks:

VM state:not at safepoint (normal execution)

VM Mutex/Monitor currently owned by a thread: None

Heap address: 0x0000000700000000, size: 3072 MB, Compressed Oops mode: Zero based, Oop shift amount: 3
Narrow klass base: 0x0000000000000000, Narrow klass shift: 3
Compressed class space size: 1073741824 Address: 0x00000007c0000000

Heap:
 garbage-first heap   total 214016K, used 127976K [0x0000000700000000, 0x0000000700100688, 0x00000007c0000000)
  region size 1024K, 34 young (34816K), 4 survivors (4096K)
 Metaspace       used 95875K, capacity 102200K, committed 102396K, reserved 1136640K
  class space    used 13974K, capacity 15064K, committed 15100K, reserved 1048576K
Heap Regions: E=young(eden), S=young(survivor), O=old, HS=humongous(starts), HC=humongous(continues), CS=collection set, F=free, A=archive, TS=gc time stamp, AC=allocation context, TAMS=top-at-mark-start (previous, next)
|   0|0x0000000700000000, 0x00000007000e3cc0, 0x0000000700100000| 88%| O|  |TS  0|AC  0|TAMS 0x00000007000e3cc0, 0x00000007000e3cc0|
|   1|0x0000000700100000, 0x0000000700200000, 0x0000000700200000|100%|HS|  |TS  0|AC  0|TAMS 0x0000000700200000, 0x0000000700200000|
|   2|0x0000000700200000, 0x0000000700300000, 0x0000000700300000|100%|HC|  |TS  0|AC  0|TAMS 0x0000000700300000, 0x0000000700300000|
|   3|0x0000000700300000, 0x0000000700400000, 0x0000000700400000|100%|HS|  |TS  0|AC  0|TAMS 0x0000000700400000, 0x0000000700400000|
|   4|0x0000000700400000, 0x00000007004f4ec8, 0x0000000700500000| 95%| O|  |TS  0|AC  0|TAMS 0x00000007004f4ec8, 0x00000007004f4ec8|
|   5|0x0000000700500000, 0x00000007005fffc0, 0x0000000700600000| 99%| O|  |TS  0|AC  0|TAMS 0x00000007005fffc0, 0x00000007005fffc0|
|   6|0x0000000700600000, 0x00000007006ffff8, 0x0000000700700000| 99%| O|  |TS  0|AC  0|TAMS 0x00000007006ffff8, 0x00000007006ffff8|
|   7|0x0000000700700000, 0x00000007007ffff0, 0x0000000700800000| 99%| O|  |TS  0|AC  0|TAMS 0x00000007007ffff0, 0x00000007007ffff0|
|   8|0x0000000700800000, 0x00000007008f6e88, 0x0000000700900000| 96%| O|  |TS  0|AC  0|TAMS 0x00000007008f6e88, 0x00000007008f6e88|
|   9|0x0000000700900000, 0x00000007009ffc20, 0x0000000700a00000| 99%| O|  |TS  0|AC  0|TAMS 0x00000007009ffc20, 0x00000007009ffc20|
|  10|0x0000000700a00000, 0x0000000700ac6990, 0x0000000700b00000| 77%| O|  |TS  0|AC  0|TAMS 0x0000000700ac6990, 0x0000000700ac6990|
|  11|0x0000000700b00000, 0x0000000700bc6678, 0x0000000700c00000| 77%| O|  |TS  0|AC  0|TAMS 0x0000000700bc6678, 0x0000000700bc6678|
|  12|0x0000000700c00000, 0x0000000700ce0fe0, 0x0000000700d00000| 87%| O|  |TS  0|AC  0|TAMS 0x0000000700ce0fe0, 0x0000000700ce0fe0|
|  13|0x0000000700d00000, 0x0000000700dc1540, 0x0000000700e00000| 75%| O|  |TS  0|AC  0|TAMS 0x0000000700dc1540, 0x0000000700dc1540|
|  14|0x0000000700e00000, 0x0000000700effff0, 0x0000000700f00000| 99%| O|  |TS  0|AC  0|TAMS 0x0000000700effff0, 0x0000000700effff0|
|  15|0x0000000700f00000, 0x0000000700ffff98, 0x0000000701000000| 99%| O|  |TS  0|AC  0|TAMS 0x0000000700ffff98, 0x0000000700ffff98|
|  16|0x0000000701000000, 0x00000007010ffff0, 0x0000000701100000| 99%| O|  |TS  0|AC  0|TAMS 0x00000007010ffff0, 0x00000007010ffff0|
|  17|0x0000000701100000, 0x00000007011fffe8, 0x0000000701200000| 99%| O|  |TS  0|AC  0|TAMS 0x00000007011fffe8, 0x00000007011fffe8|
|  18|0x0000000701200000, 0x00000007012fa9e8, 0x0000000701300000| 97%| O|  |TS  0|AC  0|TAMS 0x00000007012fa9e8, 0x00000007012fa9e8|
|  19|0x0000000701300000, 0x00000007013fff78, 0x0000000701400000| 99%| O|  |TS  0|AC  0|TAMS 0x00000007013fff78, 0x00000007013fff78|
|  20|0x0000000701400000, 0x00000007014ffff0, 0x0000000701500000| 99%| O|  |TS  0|AC  0|TAMS 0x00000007014ffff0, 0x00000007014ffff0|
|  21|0x0000000701500000, 0x0000000701600000, 0x0000000701600000|100%| O|  |TS  0|AC  0|TAMS 0x0000000701600000, 0x0000000701600000|
|  22|0x0000000701600000, 0x00000007016ffff8, 0x0000000701700000| 99%| O|  |TS  0|AC  0|TAMS 0x00000007016ffff8, 0x00000007016ffff8|
|  23|0x0000000701700000, 0x00000007017ffff0, 0x0000000701800000| 99%| O|  |TS  0|AC  0|TAMS 0x00000007017ffff0, 0x00000007017ffff0|
|  24|0x0000000701800000, 0x00000007018ffff0, 0x0000000701900000| 99%| O|  |TS  0|AC  0|TAMS 0x00000007018ffff0, 0x00000007018ffff0|
|  25|0x0000000701900000, 0x00000007019fffd8, 0x0000000701a00000| 99%| O|  |TS  0|AC  0|TAMS 0x00000007019fffd8, 0x00000007019fffd8|
|  26|0x0000000701a00000, 0x0000000701b00000, 0x0000000701b00000|100%| O|  |TS  0|AC  0|TAMS 0x0000000701b00000, 0x0000000701b00000|
|  27|0x0000000701b00000, 0x0000000701bffff8, 0x0000000701c00000| 99%| O|  |TS  0|AC  0|TAMS 0x0000000701bffff8, 0x0000000701bffff8|
|  28|0x0000000701c00000, 0x0000000701cffff0, 0x0000000701d00000| 99%| O|  |TS  0|AC  0|TAMS 0x0000000701cffff0, 0x0000000701cffff0|
|  29|0x0000000701d00000, 0x0000000701dffd70, 0x0000000701e00000| 99%| O|  |TS  0|AC  0|TAMS 0x0000000701dffd70, 0x0000000701dffd70|
|  30|0x0000000701e00000, 0x0000000701efffe8, 0x0000000701f00000| 99%| O|  |TS  0|AC  0|TAMS 0x0000000701efffe8, 0x0000000701efffe8|
|  31|0x0000000701f00000, 0x0000000701ffffd0, 0x0000000702000000| 99%| O|  |TS  0|AC  0|TAMS 0x0000000701ffffd0, 0x0000000701ffffd0|
|  32|0x0000000702000000, 0x00000007020ffff8, 0x0000000702100000| 99%| O|  |TS  0|AC  0|TAMS 0x00000007020ffff8, 0x00000007020ffff8|
|  33|0x0000000702100000, 0x00000007021e6050, 0x0000000702200000| 89%| O|  |TS  0|AC  0|TAMS 0x00000007021e6050, 0x00000007021e6050|
|  34|0x0000000702200000, 0x0000000702300000, 0x0000000702300000|100%| O|  |TS  0|AC  0|TAMS 0x0000000702300000, 0x0000000702300000|
|  35|0x0000000702300000, 0x00000007023ffff0, 0x0000000702400000| 99%| O|  |TS  0|AC  0|TAMS 0x00000007023ffff0, 0x00000007023ffff0|
|  36|0x0000000702400000, 0x00000007024fff90, 0x0000000702500000| 99%| O|  |TS  0|AC  0|TAMS 0x00000007024fff90, 0x00000007024fff90|
|  37|0x0000000702500000, 0x00000007025ffff0, 0x0000000702600000| 99%| O|  |TS  0|AC  0|TAMS 0x00000007025ffff0, 0x00000007025ffff0|
|  38|0x0000000702600000, 0x00000007026fffe0, 0x0000000702700000| 99%| O|  |TS  0|AC  0|TAMS 0x00000007026fffe0, 0x00000007026fffe0|
|  39|0x0000000702700000, 0x00000007027ffff0, 0x0000000702800000| 99%| O|  |TS  0|AC  0|TAMS 0x00000007027ffff0, 0x00000007027ffff0|
|  40|0x0000000702800000, 0x00000007028fffd0, 0x0000000702900000| 99%| O|  |TS  0|AC  0|TAMS 0x00000007028fffd0, 0x00000007028fffd0|
|  41|0x0000000702900000, 0x00000007029ffff8, 0x0000000702a00000| 99%| O|  |TS  0|AC  0|TAMS 0x00000007029ffff8, 0x00000007029ffff8|
|  42|0x0000000702a00000, 0x0000000702b00000, 0x0000000702b00000|100%|HS|  |TS  0|AC  0|TAMS 0x0000000702b00000, 0x0000000702b00000|
|  43|0x0000000702b00000, 0x0000000702c00000, 0x0000000702c00000|100%|HC|  |TS  0|AC  0|TAMS 0x0000000702c00000, 0x0000000702c00000|
|  44|0x0000000702c00000, 0x0000000702d00000, 0x0000000702d00000|100%|HC|  |TS  0|AC  0|TAMS 0x0000000702d00000, 0x0000000702d00000|
|  45|0x0000000702d00000, 0x0000000702e00000, 0x0000000702e00000|100%|HC|  |TS  0|AC  0|TAMS 0x0000000702e00000, 0x0000000702e00000|
|  46|0x0000000702e00000, 0x0000000702f00000, 0x0000000702f00000|100%|HC|  |TS  0|AC  0|TAMS 0x0000000702f00000, 0x0000000702f00000|
|  47|0x0000000702f00000, 0x0000000703000000, 0x0000000703000000|100%|HC|  |TS  0|AC  0|TAMS 0x0000000703000000, 0x0000000703000000|
|  48|0x0000000703000000, 0x0000000703100000, 0x0000000703100000|100%|HC|  |TS  0|AC  0|TAMS 0x0000000703100000, 0x0000000703100000|
|  49|0x0000000703100000, 0x0000000703200000, 0x0000000703200000|100%|HC|  |TS  0|AC  0|TAMS 0x0000000703200000, 0x0000000703200000|
|  50|0x0000000703200000, 0x00000007032fffe0, 0x0000000703300000| 99%| O|  |TS  0|AC  0|TAMS 0x00000007032fffe0, 0x00000007032fffe0|
|  51|0x0000000703300000, 0x00000007033ff288, 0x0000000703400000| 99%| O|  |TS  0|AC  0|TAMS 0x00000007033ff288, 0x00000007033ff288|
|  52|0x0000000703400000, 0x00000007034fffe0, 0x0000000703500000| 99%| O|  |TS  0|AC  0|TAMS 0x00000007034fffe0, 0x00000007034fffe0|
|  53|0x0000000703500000, 0x00000007035fffd0, 0x0000000703600000| 99%| O|  |TS  0|AC  0|TAMS 0x00000007035fffd0, 0x00000007035fffd0|
|  54|0x0000000703600000, 0x00000007036ffc48, 0x0000000703700000| 99%| O|  |TS  0|AC  0|TAMS 0x00000007036ffc48, 0x00000007036ffc48|
|  55|0x0000000703700000, 0x00000007037ffff0, 0x0000000703800000| 99%| O|  |TS  0|AC  0|TAMS 0x00000007037ffff0, 0x00000007037ffff0|
|  56|0x0000000703800000, 0x00000007038fff28, 0x0000000703900000| 99%| O|  |TS  0|AC  0|TAMS 0x00000007038fff28, 0x00000007038fff28|
|  57|0x0000000703900000, 0x00000007039fff70, 0x0000000703a00000| 99%| O|  |TS  0|AC  0|TAMS 0x00000007039fff70, 0x00000007039fff70|
|  58|0x0000000703a00000, 0x0000000703affff8, 0x0000000703b00000| 99%| O|  |TS  0|AC  0|TAMS 0x0000000703affff8, 0x0000000703affff8|
|  59|0x0000000703b00000, 0x0000000703bffff8, 0x0000000703c00000| 99%| O|  |TS  0|AC  0|TAMS 0x0000000703bffff8, 0x0000000703bffff8|
|  60|0x0000000703c00000, 0x0000000703cfffe0, 0x0000000703d00000| 99%| O|  |TS  0|AC  0|TAMS 0x0000000703cfffe0, 0x0000000703cfffe0|
|  61|0x0000000703d00000, 0x0000000703e00000, 0x0000000703e00000|100%|HS|  |TS  0|AC  0|TAMS 0x0000000703e00000, 0x0000000703e00000|
|  62|0x0000000703e00000, 0x0000000703f00000, 0x0000000703f00000|100%|HC|  |TS  0|AC  0|TAMS 0x0000000703f00000, 0x0000000703f00000|
|  63|0x0000000703f00000, 0x0000000704000000, 0x0000000704000000|100%|HC|  |TS  0|AC  0|TAMS 0x0000000704000000, 0x0000000704000000|
|  64|0x0000000704000000, 0x00000007040ffff8, 0x0000000704100000| 99%| O|  |TS  0|AC  0|TAMS 0x00000007040ffff8, 0x00000007040ffff8|
|  65|0x0000000704100000, 0x00000007041fffe0, 0x0000000704200000| 99%| O|  |TS  0|AC  0|TAMS 0x00000007041fffe0, 0x00000007041fffe0|
|  66|0x0000000704200000, 0x00000007042fff88, 0x0000000704300000| 99%| O|  |TS  0|AC  0|TAMS 0x00000007042fff88, 0x00000007042fff88|
|  67|0x0000000704300000, 0x0000000704400000, 0x0000000704400000|100%| O|  |TS  0|AC  0|TAMS 0x0000000704400000, 0x0000000704400000|
|  68|0x0000000704400000, 0x00000007044ff678, 0x0000000704500000| 99%| O|  |TS  0|AC  0|TAMS 0x00000007044ff678, 0x00000007044ff678|
|  69|0x0000000704500000, 0x00000007045ffff8, 0x0000000704600000| 99%| O|  |TS  0|AC  0|TAMS 0x00000007045ffff8, 0x00000007045ffff8|
|  70|0x0000000704600000, 0x00000007046ffff0, 0x0000000704700000| 99%| O|  |TS  0|AC  0|TAMS 0x00000007046ffff0, 0x00000007046ffff0|
|  71|0x0000000704700000, 0x00000007047fffd8, 0x0000000704800000| 99%| O|  |TS  0|AC  0|TAMS 0x00000007047fffd8, 0x00000007047fffd8|
|  72|0x0000000704800000, 0x0000000704900000, 0x0000000704900000|100%| O|  |TS 21|AC  0|TAMS 0x0000000704800000, 0x0000000704800000|
|  73|0x0000000704900000, 0x0000000704a00000, 0x0000000704a00000|100%| O|  |TS 21|AC  0|TAMS 0x0000000704900000, 0x0000000704900000|
|  74|0x0000000704a00000, 0x0000000704b00000, 0x0000000704b00000|100%| O|  |TS 21|AC  0|TAMS 0x0000000704a00000, 0x0000000704a00000|
|  75|0x0000000704b00000, 0x0000000704c00000, 0x0000000704c00000|100%| O|  |TS 21|AC  0|TAMS 0x0000000704b00000, 0x0000000704b00000|
|  76|0x0000000704c00000, 0x0000000704d00000, 0x0000000704d00000|100%| O|  |TS 43|AC  0|TAMS 0x0000000704c00000, 0x0000000704c00000|
|  77|0x0000000704d00000, 0x0000000704dbea00, 0x0000000704e00000| 74%| O|  |TS 49|AC  0|TAMS 0x0000000704d00000, 0x0000000704d00000|
|  78|0x0000000704e00000, 0x0000000704efffd0, 0x0000000704f00000| 99%| O|  |TS  0|AC  0|TAMS 0x0000000704efffd0, 0x0000000704efffd0|
|  79|0x0000000704f00000, 0x0000000704f00000, 0x0000000705000000|  0%| F|  |TS  0|AC  0|TAMS 0x0000000704f00000, 0x0000000704f00000|
|  80|0x0000000705000000, 0x00000007050fffe0, 0x0000000705100000| 99%| O|  |TS  0|AC  0|TAMS 0x00000007050fffe0, 0x00000007050fffe0|
|  81|0x0000000705100000, 0x0000000705100000, 0x0000000705200000|  0%| F|  |TS  0|AC  0|TAMS 0x0000000705100000, 0x0000000705100000|
|  82|0x0000000705200000, 0x0000000705200000, 0x0000000705300000|  0%| F|  |TS  0|AC  0|TAMS 0x0000000705200000, 0x0000000705200000|
|  83|0x0000000705300000, 0x00000007053fec90, 0x0000000705400000| 99%| O|  |TS  0|AC  0|TAMS 0x00000007053fec90, 0x00000007053fec90|
|  84|0x0000000705400000, 0x00000007054ffff0, 0x0000000705500000| 99%| O|  |TS  0|AC  0|TAMS 0x00000007054ffff0, 0x00000007054ffff0|
|  85|0x0000000705500000, 0x0000000705500000, 0x0000000705600000|  0%| F|  |TS  3|AC  0|TAMS 0x0000000705500000, 0x0000000705500000|
|  86|0x0000000705600000, 0x00000007056fffe8, 0x0000000705700000| 99%| O|  |TS  0|AC  0|TAMS 0x00000007056fffe8, 0x00000007056fffe8|
|  87|0x0000000705700000, 0x0000000705700000, 0x0000000705800000|  0%| F|  |TS  0|AC  0|TAMS 0x0000000705700000, 0x0000000705700000|
|  88|0x0000000705800000, 0x00000007058fffe8, 0x0000000705900000| 99%| O|  |TS  0|AC  0|TAMS 0x00000007058fffe8, 0x00000007058fffe8|
|  89|0x0000000705900000, 0x00000007059ffb08, 0x0000000705a00000| 99%| O|  |TS  0|AC  0|TAMS 0x00000007059ffb08, 0x00000007059ffb08|
|  90|0x0000000705a00000, 0x0000000705b00000, 0x0000000705b00000|100%| O|  |TS  0|AC  0|TAMS 0x0000000705b00000, 0x0000000705b00000|
|  91|0x0000000705b00000, 0x0000000705bffff0, 0x0000000705c00000| 99%| O|  |TS  0|AC  0|TAMS 0x0000000705bffff0, 0x0000000705bffff0|
|  92|0x0000000705c00000, 0x0000000705cfffe8, 0x0000000705d00000| 99%| O|  |TS  0|AC  0|TAMS 0x0000000705cfffe8, 0x0000000705cfffe8|
|  93|0x0000000705d00000, 0x0000000705e00000, 0x0000000705e00000|100%| O|  |TS  0|AC  0|TAMS 0x0000000705e00000, 0x0000000705e00000|
|  94|0x0000000705e00000, 0x0000000705efffb8, 0x0000000705f00000| 99%| O|  |TS  0|AC  0|TAMS 0x0000000705efffb8, 0x0000000705efffb8|
|  95|0x0000000705f00000, 0x0000000705ffff48, 0x0000000706000000| 99%| O|  |TS  0|AC  0|TAMS 0x0000000705ffff48, 0x0000000705ffff48|
|  96|0x0000000706000000, 0x0000000706100000, 0x0000000706100000|100%| O|  |TS  0|AC  0|TAMS 0x0000000706100000, 0x0000000706100000|
|  97|0x0000000706100000, 0x00000007061ffff8, 0x0000000706200000| 99%| O|  |TS  0|AC  0|TAMS 0x00000007061ffff8, 0x00000007061ffff8|
|  98|0x0000000706200000, 0x000000070629b6e0, 0x0000000706300000| 60%| O|  |TS  0|AC  0|TAMS 0x000000070629b6e0, 0x000000070629b6e0|
|  99|0x0000000706300000, 0x0000000706300000, 0x0000000706400000|  0%| F|  |TS  0|AC  0|TAMS 0x0000000706300000, 0x0000000706300000|
| 100|0x0000000706400000, 0x0000000706400000, 0x0000000706500000|  0%| F|  |TS  0|AC  0|TAMS 0x0000000706400000, 0x0000000706400000|
| 101|0x0000000706500000, 0x0000000706500000, 0x0000000706600000|  0%| F|  |TS  0|AC  0|TAMS 0x0000000706500000, 0x0000000706500000|
| 102|0x0000000706600000, 0x0000000706600000, 0x0000000706700000|  0%| F|  |TS  0|AC  0|TAMS 0x0000000706600000, 0x0000000706600000|
| 103|0x0000000706700000, 0x0000000706700000, 0x0000000706800000|  0%| F|  |TS  0|AC  0|TAMS 0x0000000706700000, 0x0000000706700000|
| 104|0x0000000706800000, 0x0000000706800000, 0x0000000706900000|  0%| F|  |TS  0|AC  0|TAMS 0x0000000706800000, 0x0000000706800000|
| 105|0x0000000706900000, 0x0000000706900000, 0x0000000706a00000|  0%| F|  |TS  0|AC  0|TAMS 0x0000000706900000, 0x0000000706900000|
| 106|0x0000000706a00000, 0x0000000706a00000, 0x0000000706b00000|  0%| F|  |TS  0|AC  0|TAMS 0x0000000706a00000, 0x0000000706a00000|
| 107|0x0000000706b00000, 0x0000000706b00000, 0x0000000706c00000|  0%| F|  |TS  0|AC  0|TAMS 0x0000000706b00000, 0x0000000706b00000|
| 108|0x0000000706c00000, 0x0000000706c00000, 0x0000000706d00000|  0%| F|  |TS  0|AC  0|TAMS 0x0000000706c00000, 0x0000000706c00000|
| 109|0x0000000706d00000, 0x0000000706d00000, 0x0000000706e00000|  0%| F|  |TS  0|AC  0|TAMS 0x0000000706d00000, 0x0000000706d00000|
| 110|0x0000000706e00000, 0x0000000706e00000, 0x0000000706f00000|  0%| F|  |TS  0|AC  0|TAMS 0x0000000706e00000, 0x0000000706e00000|
| 111|0x0000000706f00000, 0x0000000706f00000, 0x0000000707000000|  0%| F|  |TS  0|AC  0|TAMS 0x0000000706f00000, 0x0000000706f00000|
| 112|0x0000000707000000, 0x0000000707000000, 0x0000000707100000|  0%| F|  |TS  0|AC  0|TAMS 0x0000000707000000, 0x0000000707000000|
| 113|0x0000000707100000, 0x0000000707100000, 0x0000000707200000|  0%| F|  |TS  0|AC  0|TAMS 0x0000000707100000, 0x0000000707100000|
| 114|0x0000000707200000, 0x0000000707200000, 0x0000000707300000|  0%| F|  |TS  0|AC  0|TAMS 0x0000000707200000, 0x0000000707200000|
| 115|0x0000000707300000, 0x0000000707300000, 0x0000000707400000|  0%| F|  |TS  0|AC  0|TAMS 0x0000000707300000, 0x0000000707300000|
| 116|0x0000000707400000, 0x0000000707400000, 0x0000000707500000|  0%| F|  |TS  0|AC  0|TAMS 0x0000000707400000, 0x0000000707400000|
| 117|0x0000000707500000, 0x0000000707500000, 0x0000000707600000|  0%| F|  |TS  0|AC  0|TAMS 0x0000000707500000, 0x0000000707500000|
| 118|0x0000000707600000, 0x0000000707600000, 0x0000000707700000|  0%| F|  |TS  0|AC  0|TAMS 0x0000000707600000, 0x0000000707600000|
| 119|0x0000000707700000, 0x0000000707700000, 0x0000000707800000|  0%| F|  |TS  0|AC  0|TAMS 0x0000000707700000, 0x0000000707700000|
| 120|0x0000000707800000, 0x0000000707800000, 0x0000000707900000|  0%| F|  |TS  0|AC  0|TAMS 0x0000000707800000, 0x0000000707800000|
| 121|0x0000000707900000, 0x0000000707900000, 0x0000000707a00000|  0%| F|  |TS  0|AC  0|TAMS 0x0000000707900000, 0x0000000707900000|
| 122|0x0000000707a00000, 0x0000000707a00000, 0x0000000707b00000|  0%| F|  |TS  0|AC  0|TAMS 0x0000000707a00000, 0x0000000707a00000|
| 123|0x0000000707b00000, 0x0000000707b00000, 0x0000000707c00000|  0%| F|  |TS  0|AC  0|TAMS 0x0000000707b00000, 0x0000000707b00000|
| 124|0x0000000707c00000, 0x0000000707c00000, 0x0000000707d00000|  0%| F|  |TS  0|AC  0|TAMS 0x0000000707c00000, 0x0000000707c00000|
| 125|0x0000000707d00000, 0x0000000707d00000, 0x0000000707e00000|  0%| F|  |TS  0|AC  0|TAMS 0x0000000707d00000, 0x0000000707d00000|
| 126|0x0000000707e00000, 0x0000000707e00000, 0x0000000707f00000|  0%| F|  |TS  0|AC  0|TAMS 0x0000000707e00000, 0x0000000707e00000|
| 127|0x0000000707f00000, 0x0000000707f00000, 0x0000000708000000|  0%| F|  |TS  0|AC  0|TAMS 0x0000000707f00000, 0x0000000707f00000|
| 128|0x0000000708000000, 0x0000000708000000, 0x0000000708100000|  0%| F|  |TS  0|AC  0|TAMS 0x0000000708000000, 0x0000000708000000|
| 129|0x0000000708100000, 0x0000000708100000, 0x0000000708200000|  0%| F|  |TS  0|AC  0|TAMS 0x0000000708100000, 0x0000000708100000|
| 130|0x0000000708200000, 0x0000000708200000, 0x0000000708300000|  0%| F|  |TS  0|AC  0|TAMS 0x0000000708200000, 0x0000000708200000|
| 131|0x0000000708300000, 0x0000000708300000, 0x0000000708400000|  0%| F|  |TS  0|AC  0|TAMS 0x0000000708300000, 0x0000000708300000|
| 132|0x0000000708400000, 0x0000000708400000, 0x0000000708500000|  0%| F|  |TS  0|AC  0|TAMS 0x0000000708400000, 0x0000000708400000|
| 133|0x0000000708500000, 0x0000000708500000, 0x0000000708600000|  0%| F|  |TS  0|AC  0|TAMS 0x0000000708500000, 0x0000000708500000|
| 134|0x0000000708600000, 0x0000000708600000, 0x0000000708700000|  0%| F|  |TS  0|AC  0|TAMS 0x0000000708600000, 0x0000000708600000|
| 135|0x0000000708700000, 0x0000000708700000, 0x0000000708800000|  0%| F|  |TS  0|AC  0|TAMS 0x0000000708700000, 0x0000000708700000|
| 136|0x0000000708800000, 0x0000000708800000, 0x0000000708900000|  0%| F|  |TS  0|AC  0|TAMS 0x0000000708800000, 0x0000000708800000|
| 137|0x0000000708900000, 0x0000000708900000, 0x0000000708a00000|  0%| F|  |TS  0|AC  0|TAMS 0x0000000708900000, 0x0000000708900000|
| 138|0x0000000708a00000, 0x0000000708a00000, 0x0000000708b00000|  0%| F|  |TS  0|AC  0|TAMS 0x0000000708a00000, 0x0000000708a00000|
| 139|0x0000000708b00000, 0x0000000708b00000, 0x0000000708c00000|  0%| F|  |TS  0|AC  0|TAMS 0x0000000708b00000, 0x0000000708b00000|
| 140|0x0000000708c00000, 0x0000000708c00000, 0x0000000708d00000|  0%| F|  |TS  0|AC  0|TAMS 0x0000000708c00000, 0x0000000708c00000|
| 141|0x0000000708d00000, 0x0000000708d00000, 0x0000000708e00000|  0%| F|  |TS  0|AC  0|TAMS 0x0000000708d00000, 0x0000000708d00000|
| 142|0x0000000708e00000, 0x0000000708e00000, 0x0000000708f00000|  0%| F|  |TS  0|AC  0|TAMS 0x0000000708e00000, 0x0000000708e00000|
| 143|0x0000000708f00000, 0x0000000708f00000, 0x0000000709000000|  0%| F|  |TS 43|AC  0|TAMS 0x0000000708f00000, 0x0000000708f00000|
| 144|0x0000000709000000, 0x0000000709000000, 0x0000000709100000|  0%| F|  |TS 43|AC  0|TAMS 0x0000000709000000, 0x0000000709000000|
| 145|0x0000000709100000, 0x00000007091c4740, 0x0000000709200000| 76%| S|CS|TS 49|AC  0|TAMS 0x0000000709100000, 0x0000000709100000|
| 146|0x0000000709200000, 0x0000000709300000, 0x0000000709300000|100%| S|CS|TS 49|AC  0|TAMS 0x0000000709200000, 0x0000000709200000|
| 147|0x0000000709300000, 0x0000000709400000, 0x0000000709400000|100%| S|CS|TS 49|AC  0|TAMS 0x0000000709300000, 0x0000000709300000|
| 148|0x0000000709400000, 0x0000000709400000, 0x0000000709500000|  0%| F|  |TS 49|AC  0|TAMS 0x0000000709400000, 0x0000000709400000|
| 149|0x0000000709500000, 0x0000000709600000, 0x0000000709600000|100%| S|CS|TS 49|AC  0|TAMS 0x0000000709500000, 0x0000000709500000|
| 150|0x0000000709600000, 0x0000000709600000, 0x0000000709700000|  0%| F|  |TS 49|AC  0|TAMS 0x0000000709600000, 0x0000000709600000|
| 151|0x0000000709700000, 0x0000000709700000, 0x0000000709800000|  0%| F|  |TS 49|AC  0|TAMS 0x0000000709700000, 0x0000000709700000|
| 152|0x0000000709800000, 0x0000000709800000, 0x0000000709900000|  0%| F|  |TS 49|AC  0|TAMS 0x0000000709800000, 0x0000000709800000|
| 153|0x0000000709900000, 0x0000000709900000, 0x0000000709a00000|  0%| F|  |TS 49|AC  0|TAMS 0x0000000709900000, 0x0000000709900000|
| 154|0x0000000709a00000, 0x0000000709a00000, 0x0000000709b00000|  0%| F|  |TS 49|AC  0|TAMS 0x0000000709a00000, 0x0000000709a00000|
| 155|0x0000000709b00000, 0x0000000709b00000, 0x0000000709c00000|  0%| F|  |TS 49|AC  0|TAMS 0x0000000709b00000, 0x0000000709b00000|
| 156|0x0000000709c00000, 0x0000000709c00000, 0x0000000709d00000|  0%| F|  |TS 49|AC  0|TAMS 0x0000000709c00000, 0x0000000709c00000|
| 157|0x0000000709d00000, 0x0000000709d00000, 0x0000000709e00000|  0%| F|  |TS 49|AC  0|TAMS 0x0000000709d00000, 0x0000000709d00000|
| 158|0x0000000709e00000, 0x0000000709e00000, 0x0000000709f00000|  0%| F|  |TS 49|AC  0|TAMS 0x0000000709e00000, 0x0000000709e00000|
| 159|0x0000000709f00000, 0x0000000709f00000, 0x000000070a000000|  0%| F|  |TS 49|AC  0|TAMS 0x0000000709f00000, 0x0000000709f00000|
| 160|0x000000070a000000, 0x000000070a000000, 0x000000070a100000|  0%| F|  |TS 49|AC  0|TAMS 0x000000070a000000, 0x000000070a000000|
| 161|0x000000070a100000, 0x000000070a100000, 0x000000070a200000|  0%| F|  |TS 49|AC  0|TAMS 0x000000070a100000, 0x000000070a100000|
| 162|0x000000070a200000, 0x000000070a200000, 0x000000070a300000|  0%| F|  |TS 49|AC  0|TAMS 0x000000070a200000, 0x000000070a200000|
| 163|0x000000070a300000, 0x000000070a300000, 0x000000070a400000|  0%| F|  |TS 49|AC  0|TAMS 0x000000070a300000, 0x000000070a300000|
| 164|0x000000070a400000, 0x000000070a400000, 0x000000070a500000|  0%| F|  |TS 49|AC  0|TAMS 0x000000070a400000, 0x000000070a400000|
| 165|0x000000070a500000, 0x000000070a500000, 0x000000070a600000|  0%| F|  |TS 49|AC  0|TAMS 0x000000070a500000, 0x000000070a500000|
| 166|0x000000070a600000, 0x000000070a600000, 0x000000070a700000|  0%| F|  |TS 49|AC  0|TAMS 0x000000070a600000, 0x000000070a600000|
| 167|0x000000070a700000, 0x000000070a700000, 0x000000070a800000|  0%| F|  |TS 49|AC  0|TAMS 0x000000070a700000, 0x000000070a700000|
| 168|0x000000070a800000, 0x000000070a800000, 0x000000070a900000|  0%| F|  |TS 49|AC  0|TAMS 0x000000070a800000, 0x000000070a800000|
| 169|0x000000070a900000, 0x000000070a900000, 0x000000070aa00000|  0%| F|  |TS 49|AC  0|TAMS 0x000000070a900000, 0x000000070a900000|
| 170|0x000000070aa00000, 0x000000070aa00000, 0x000000070ab00000|  0%| F|  |TS 49|AC  0|TAMS 0x000000070aa00000, 0x000000070aa00000|
| 171|0x000000070ab00000, 0x000000070ab00000, 0x000000070ac00000|  0%| F|  |TS 49|AC  0|TAMS 0x000000070ab00000, 0x000000070ab00000|
| 172|0x000000070ac00000, 0x000000070ac00000, 0x000000070ad00000|  0%| F|  |TS 49|AC  0|TAMS 0x000000070ac00000, 0x000000070ac00000|
| 173|0x000000070ad00000, 0x000000070ad00000, 0x000000070ae00000|  0%| F|  |TS 49|AC  0|TAMS 0x000000070ad00000, 0x000000070ad00000|
| 174|0x000000070ae00000, 0x000000070ae00000, 0x000000070af00000|  0%| F|  |TS 49|AC  0|TAMS 0x000000070ae00000, 0x000000070ae00000|
| 175|0x000000070af00000, 0x000000070af00000, 0x000000070b000000|  0%| F|  |TS 49|AC  0|TAMS 0x000000070af00000, 0x000000070af00000|
| 176|0x000000070b000000, 0x000000070b000000, 0x000000070b100000|  0%| F|  |TS 49|AC  0|TAMS 0x000000070b000000, 0x000000070b000000|
| 177|0x000000070b100000, 0x000000070b100000, 0x000000070b200000|  0%| F|  |TS 49|AC  0|TAMS 0x000000070b100000, 0x000000070b100000|
| 178|0x000000070b200000, 0x000000070b200000, 0x000000070b300000|  0%| F|  |TS 49|AC  0|TAMS 0x000000070b200000, 0x000000070b200000|
| 179|0x000000070b300000, 0x000000070b32da58, 0x000000070b400000| 17%| E|  |TS 49|AC  0|TAMS 0x000000070b300000, 0x000000070b300000|
| 180|0x000000070b400000, 0x000000070b500000, 0x000000070b500000|100%| E|CS|TS 49|AC  0|TAMS 0x000000070b400000, 0x000000070b400000|
| 181|0x000000070b500000, 0x000000070b600000, 0x000000070b600000|100%| E|CS|TS 49|AC  0|TAMS 0x000000070b500000, 0x000000070b500000|
| 182|0x000000070b600000, 0x000000070b700000, 0x000000070b700000|100%| E|CS|TS 49|AC  0|TAMS 0x000000070b600000, 0x000000070b600000|
| 183|0x000000070b700000, 0x000000070b800000, 0x000000070b800000|100%| E|CS|TS 49|AC  0|TAMS 0x000000070b700000, 0x000000070b700000|
| 184|0x000000070b800000, 0x000000070b900000, 0x000000070b900000|100%| E|CS|TS 49|AC  0|TAMS 0x000000070b800000, 0x000000070b800000|
| 185|0x000000070b900000, 0x000000070ba00000, 0x000000070ba00000|100%| E|CS|TS 49|AC  0|TAMS 0x000000070b900000, 0x000000070b900000|
| 186|0x000000070ba00000, 0x000000070bb00000, 0x000000070bb00000|100%| E|CS|TS 49|AC  0|TAMS 0x000000070ba00000, 0x000000070ba00000|
| 187|0x000000070bb00000, 0x000000070bc00000, 0x000000070bc00000|100%| E|CS|TS 49|AC  0|TAMS 0x000000070bb00000, 0x000000070bb00000|
| 188|0x000000070bc00000, 0x000000070bd00000, 0x000000070bd00000|100%| E|CS|TS 49|AC  0|TAMS 0x000000070bc00000, 0x000000070bc00000|
| 189|0x000000070bd00000, 0x000000070be00000, 0x000000070be00000|100%| E|CS|TS 49|AC  0|TAMS 0x000000070bd00000, 0x000000070bd00000|
| 190|0x000000070be00000, 0x000000070bf00000, 0x000000070bf00000|100%| E|CS|TS 49|AC  0|TAMS 0x000000070be00000, 0x000000070be00000|
| 191|0x000000070bf00000, 0x000000070c000000, 0x000000070c000000|100%| E|CS|TS 49|AC  0|TAMS 0x000000070bf00000, 0x000000070bf00000|
| 192|0x000000070c000000, 0x000000070c100000, 0x000000070c100000|100%| E|CS|TS 49|AC  0|TAMS 0x000000070c000000, 0x000000070c000000|
| 193|0x000000070c100000, 0x000000070c200000, 0x000000070c200000|100%| E|CS|TS 49|AC  0|TAMS 0x000000070c100000, 0x000000070c100000|
| 194|0x000000070c200000, 0x000000070c300000, 0x000000070c300000|100%| E|CS|TS 49|AC  0|TAMS 0x000000070c200000, 0x000000070c200000|
| 195|0x000000070c300000, 0x000000070c400000, 0x000000070c400000|100%| E|CS|TS 49|AC  0|TAMS 0x000000070c300000, 0x000000070c300000|
| 196|0x000000070c400000, 0x000000070c500000, 0x000000070c500000|100%| E|CS|TS 49|AC  0|TAMS 0x000000070c400000, 0x000000070c400000|
| 197|0x000000070c500000, 0x000000070c600000, 0x000000070c600000|100%| E|CS|TS 49|AC  0|TAMS 0x000000070c500000, 0x000000070c500000|
| 198|0x000000070c600000, 0x000000070c700000, 0x000000070c700000|100%| E|CS|TS 49|AC  0|TAMS 0x000000070c600000, 0x000000070c600000|
| 199|0x000000070c700000, 0x000000070c800000, 0x000000070c800000|100%| E|CS|TS 49|AC  0|TAMS 0x000000070c700000, 0x000000070c700000|
| 200|0x000000070c800000, 0x000000070c900000, 0x000000070c900000|100%| E|CS|TS 49|AC  0|TAMS 0x000000070c800000, 0x000000070c800000|
| 201|0x000000070c900000, 0x000000070ca00000, 0x000000070ca00000|100%| E|CS|TS 49|AC  0|TAMS 0x000000070c900000, 0x000000070c900000|
| 202|0x000000070ca00000, 0x000000070cb00000, 0x000000070cb00000|100%| E|CS|TS 49|AC  0|TAMS 0x000000070ca00000, 0x000000070ca00000|
| 203|0x000000070cb00000, 0x000000070cc00000, 0x000000070cc00000|100%| E|CS|TS 49|AC  0|TAMS 0x000000070cb00000, 0x000000070cb00000|
| 204|0x000000070cc00000, 0x000000070cd00000, 0x000000070cd00000|100%| E|CS|TS 49|AC  0|TAMS 0x000000070cc00000, 0x000000070cc00000|
| 205|0x000000070cd00000, 0x000000070ce00000, 0x000000070ce00000|100%| E|CS|TS 49|AC  0|TAMS 0x000000070cd00000, 0x000000070cd00000|
| 206|0x000000070ce00000, 0x000000070cf00000, 0x000000070cf00000|100%| E|CS|TS 49|AC  0|TAMS 0x000000070ce00000, 0x000000070ce00000|
| 207|0x000000070cf00000, 0x000000070d000000, 0x000000070d000000|100%| E|CS|TS 49|AC  0|TAMS 0x000000070cf00000, 0x000000070cf00000|
| 208|0x000000070d000000, 0x000000070d100000, 0x000000070d100000|100%| E|CS|TS 49|AC  0|TAMS 0x000000070d000000, 0x000000070d000000|

Card table byte_map: [0x00000120add20000,0x00000120ae320000] byte_map_base: 0x00000120aa520000

Marking Bits (Prev, Next): (CMBitMap*) 0x00000120972e1cd8, (CMBitMap*) 0x00000120972e1ca0
 Prev Bits: [0x00000120b1920000, 0x00000120b4920000)
 Next Bits: [0x00000120ae920000, 0x00000120b1920000)

Polling page: 0x000001208d4f0000

CodeHeap 'non-profiled nmethods': size=120000Kb used=25464Kb max_used=25464Kb free=94535Kb
 bounds [0x00000120a67f0000, 0x00000120a80e0000, 0x00000120add20000]
CodeHeap 'profiled nmethods': size=120000Kb used=48903Kb max_used=48903Kb free=71096Kb
 bounds [0x000001209f2c0000, 0x00000120a22d0000, 0x00000120a67f0000]
CodeHeap 'non-nmethods': size=5760Kb used=1859Kb max_used=1921Kb free=3900Kb
 bounds [0x000001209ed20000, 0x000001209ef90000, 0x000001209f2c0000]
 total_blobs=35086 nmethods=18797 adapters=1233
 compilation: enabled

Compilation events (10 events):
Event: 2492.732 Thread 0x0000012092abb000 23983       3       com.jidesoft.editor.CodeEditor::isSpecialCharactersVisible (34 bytes)
Event: 2492.732 Thread 0x0000012092abb000 nmethod 23983 0x00000120a22bf890 code [0x00000120a22bfa40, 0x00000120a22bfe58]
Event: 2492.732 Thread 0x0000012092abb000 23984       3       com.jidesoft.editor.CodeEditor::getSpecialCharactersColor (34 bytes)
Event: 2492.732 Thread 0x0000012092abb000 nmethod 23984 0x00000120a22bff90 code [0x00000120a22c0140, 0x00000120a22c0538]
Event: 2492.761 Thread 0x000001209545e000 23985       4       com.jidesoft.editor.CodeEditor::getFirstLine (90 bytes)
Event: 2492.762 Thread 0x000001209545e000 nmethod 23985 0x00000120a80cf290 code [0x00000120a80cf440, 0x00000120a80cf5b8]
Event: 2492.788 Thread 0x000001209545d800 23986       4       com.jidesoft.swing.DefaultOverlayable::setOverlayVisible (40 bytes)
Event: 2492.795 Thread 0x000001209545d800 nmethod 23986 0x00000120a80cf790 code [0x00000120a80cf940, 0x00000120a80d0158]
Event: 2492.800 Thread 0x0000012092abb000 23987       3       ui.utils.o.p.y::setSize (16 bytes)
Event: 2492.801 Thread 0x0000012092abb000 nmethod 23987 0x00000120a22c0610 code [0x00000120a22c07e0, 0x00000120a22c0c20]

GC Heap History (10 events):
Event: 2486.407 GC heap before
{Heap before GC invocations=233 (full 19):
 garbage-first heap   total 214016K, used 153888K [0x0000000700000000, 0x0000000700100688, 0x00000007c0000000)
  region size 1024K, 60 young (61440K), 3 survivors (3072K)
 Metaspace       used 95789K, capacity 102136K, committed 102396K, reserved 1136640K
  class space    used 13974K, capacity 15064K, committed 15100K, reserved 1048576K
}
Event: 2486.414 GC heap after
{Heap after GC invocations=234 (full 19):
 garbage-first heap   total 214016K, used 98381K [0x0000000700000000, 0x0000000700100688, 0x00000007c0000000)
  region size 1024K, 6 young (6144K), 6 survivors (6144K)
 Metaspace       used 95789K, capacity 102136K, committed 102396K, reserved 1136640K
  class space    used 13974K, capacity 15064K, committed 15100K, reserved 1048576K
}
Event: 2486.612 GC heap before
{Heap before GC invocations=234 (full 19):
 garbage-first heap   total 214016K, used 153677K [0x0000000700000000, 0x0000000700100688, 0x00000007c0000000)
  region size 1024K, 60 young (61440K), 6 survivors (6144K)
 Metaspace       used 95803K, capacity 102136K, committed 102396K, reserved 1136640K
  class space    used 13974K, capacity 15064K, committed 15100K, reserved 1048576K
}
Event: 2486.618 GC heap after
{Heap after GC invocations=235 (full 19):
 garbage-first heap   total 214016K, used 98951K [0x0000000700000000, 0x0000000700100688, 0x00000007c0000000)
  region size 1024K, 5 young (5120K), 5 survivors (5120K)
 Metaspace       used 95803K, capacity 102136K, committed 102396K, reserved 1136640K
  class space    used 13974K, capacity 15064K, committed 15100K, reserved 1048576K
}
Event: 2486.988 GC heap before
{Heap before GC invocations=235 (full 19):
 garbage-first heap   total 214016K, used 155271K [0x0000000700000000, 0x0000000700100688, 0x00000007c0000000)
  region size 1024K, 60 young (61440K), 5 survivors (5120K)
 Metaspace       used 95821K, capacity 102136K, committed 102396K, reserved 1136640K
  class space    used 13974K, capacity 15064K, committed 15100K, reserved 1048576K
}
Event: 2486.993 GC heap after
{Heap after GC invocations=236 (full 19):
 garbage-first heap   total 214016K, used 98209K [0x0000000700000000, 0x0000000700100688, 0x00000007c0000000)
  region size 1024K, 4 young (4096K), 4 survivors (4096K)
 Metaspace       used 95821K, capacity 102136K, committed 102396K, reserved 1136640K
  class space    used 13974K, capacity 15064K, committed 15100K, reserved 1048576K
}
Event: 2487.112 GC heap before
{Heap before GC invocations=236 (full 19):
 garbage-first heap   total 214016K, used 155553K [0x0000000700000000, 0x0000000700100688, 0x00000007c0000000)
  region size 1024K, 60 young (61440K), 4 survivors (4096K)
 Metaspace       used 95862K, capacity 102200K, committed 102396K, reserved 1136640K
  class space    used 13974K, capacity 15064K, committed 15100K, reserved 1048576K
}
Event: 2487.117 GC heap after
{Heap after GC invocations=237 (full 19):
 garbage-first heap   total 214016K, used 98220K [0x0000000700000000, 0x0000000700100688, 0x00000007c0000000)
  region size 1024K, 4 young (4096K), 4 survivors (4096K)
 Metaspace       used 95862K, capacity 102200K, committed 102396K, reserved 1136640K
  class space    used 13974K, capacity 15064K, committed 15100K, reserved 1048576K
}
Event: 2490.991 GC heap before
{Heap before GC invocations=237 (full 19):
 garbage-first heap   total 214016K, used 155564K [0x0000000700000000, 0x0000000700100688, 0x00000007c0000000)
  region size 1024K, 60 young (61440K), 4 survivors (4096K)
 Metaspace       used 95864K, capacity 102200K, committed 102396K, reserved 1136640K
  class space    used 13974K, capacity 15064K, committed 15100K, reserved 1048576K
}
Event: 2490.996 GC heap after
{Heap after GC invocations=238 (full 19):
 garbage-first heap   total 214016K, used 98280K [0x0000000700000000, 0x0000000700100688, 0x00000007c0000000)
  region size 1024K, 4 young (4096K), 4 survivors (4096K)
 Metaspace       used 95864K, capacity 102200K, committed 102396K, reserved 1136640K
  class space    used 13974K, capacity 15064K, committed 15100K, reserved 1048576K
}

Deoptimization events (10 events):
Event: 2474.613 Thread 0x00000120b7fe1000 Uncommon trap: reason=class_check action=maybe_recompile pc=0x00000120a755c1c8 method=com.jidesoft.grid.TableModelWrapperUtils.getActualColumnAt(Ljavax/swing/table/TableModel;ILjavax/swing/table/TableModel;)I @ 55 c2
Event: 2474.634 Thread 0x00000120b7fe1000 Uncommon trap: reason=unstable_if action=reinterpret pc=0x00000120a7313d34 method=ui.utils.i.j.a.j.setValue(Ljava/lang/Object;)V @ 175 c2
Event: 2481.798 Thread 0x00000120b7fe1000 Uncommon trap: reason=unstable_if action=reinterpret pc=0x00000120a7684ae4 method=ui.project.a.enz()Lui/project/f; @ 4 c2
Event: 2482.039 Thread 0x00000120b7fe1000 Uncommon trap: reason=bimorphic_or_optimized_type_check action=maybe_recompile pc=0x00000120a7c9e114 method=com.jidesoft.swing.JideSwingUtilities.setRecursively0(Ljava/awt/Component;Lcom/jidesoft/swing/JideSwingUtilities$Handler;)V @ 12 c2
Event: 2482.039 Thread 0x00000120b7fe1000 Uncommon trap: reason=bimorphic_or_optimized_type_check action=maybe_recompile pc=0x00000120a7c9db70 method=com.jidesoft.swing.JideSwingUtilities.setRecursively0(Ljava/awt/Component;Lcom/jidesoft/swing/JideSwingUtilities$Handler;)V @ 12 c2
Event: 2482.039 Thread 0x00000120b7fe1000 Uncommon trap: reason=bimorphic_or_optimized_type_check action=maybe_recompile pc=0x00000120a7c9db70 method=com.jidesoft.swing.JideSwingUtilities.setRecursively0(Ljava/awt/Component;Lcom/jidesoft/swing/JideSwingUtilities$Handler;)V @ 12 c2
Event: 2482.039 Thread 0x00000120b7fe1000 Uncommon trap: reason=bimorphic_or_optimized_type_check action=maybe_recompile pc=0x00000120a7c9db70 method=com.jidesoft.swing.JideSwingUtilities.setRecursively0(Ljava/awt/Component;Lcom/jidesoft/swing/JideSwingUtilities$Handler;)V @ 12 c2
Event: 2486.416 Thread 0x00000120b7fe1000 Uncommon trap: reason=speculate_class_check action=maybe_recompile pc=0x00000120a7ff3ae4 method=com.jidesoft.plaf.basic.BasicJideTabbedPaneUI.ensureCloseButtonCreated()V @ 246 c2
Event: 2491.264 Thread 0x00000120b7fe1000 Uncommon trap: reason=unstable_if action=reinterpret pc=0x00000120a7fc9680 method=javax.swing.JComponent.getObscuredState(IIIII)I @ 158 c2
Event: 2491.967 Thread 0x00000120b7fe1000 Uncommon trap: reason=unstable_if action=reinterpret pc=0x00000120a71fd2dc method=com.jidesoft.editor.SyntaxUtils.a(Lcom/jidesoft/editor/CodeEditor;Ljavax/swing/text/Segment;IILjava/awt/Graphics;Ljavax/swing/text/TabExpander;I[I)I @ 398 c2

Classes redefined (0 events):
No events

Internal exceptions (10 events):
Event: 1826.728 Thread 0x00000120b7fe1000 Implicit null exception at 0x00000120a7c471b7 to 0x00000120a7c48485
Event: 1848.799 Thread 0x00000120b7fe1000 Implicit null exception at 0x00000120a7733053 to 0x00000120a773442d
Event: 1848.809 Thread 0x00000120b7fe1000 Exception <a 'java/lang/NoSuchMethodError'{0x000000070aaf74e8}: java.lang.invoke.DirectMethodHandle$Holder.invokeSpecial(Ljava/lang/Object;Ljava/lang/Object;IIILjava/lang/Object;Ljava/lang/Object;Ljava/lang/Object;ILjava/lang/Object;)Ljava/lang/Object;> (
Event: 1848.809 Thread 0x00000120b7fe1000 Exception <a 'java/lang/NoSuchMethodError'{0x000000070aafb380}: java.lang.invoke.DelegatingMethodHandle$Holder.reinvoke_L(Ljava/lang/Object;IIILjava/lang/Object;Ljava/lang/Object;Ljava/lang/Object;ILjava/lang/Object;)Ljava/lang/Object;> (0x000000070aafb38
Event: 1848.811 Thread 0x00000120b7fe1000 Exception <a 'java/lang/NoSuchMethodError'{0x000000070a95c4f8}: method resolution failed> (0x000000070a95c4f8) thrown at [t:/workspace/hotspot/src/share/vm/prims/methodHandles.cpp, line 1256]
Event: 1848.811 Thread 0x00000120b7fe1000 Exception <a 'java/lang/NoSuchMethodError'{0x000000070a96aff8}: method resolution failed> (0x000000070a96aff8) thrown at [t:/workspace/hotspot/src/share/vm/prims/methodHandles.cpp, line 1256]
Event: 1848.811 Thread 0x00000120b7fe1000 Exception <a 'java/lang/NoSuchMethodError'{0x000000070a96eec0}: java.lang.invoke.DelegatingMethodHandle$Holder.reinvoke_L(Ljava/lang/Object;Ljava/lang/Object;Ljava/lang/Object;Ljava/lang/Object;ILjava/lang/Object;)Ljava/lang/Object;> (0x000000070a96eec0) 
Event: 1854.551 Thread 0x00000120b7fe1000 Exception <a 'java/io/FileNotFoundException'{0x000000070aa7bd50}> (0x000000070aa7bd50) thrown at [t:/workspace/hotspot/src/share/vm/prims/jni.cpp, line 604]
Event: 1854.551 Thread 0x00000120b7fe1000 Exception <a 'java/io/FileNotFoundException'{0x000000070aa7c9e8}> (0x000000070aa7c9e8) thrown at [t:/workspace/hotspot/src/share/vm/prims/jni.cpp, line 604]
Event: 2481.004 Thread 0x000001208a5d0800 Exception <a 'java/lang/InterruptedException'{0x000000070ce8b690}: sleep interrupted> (0x000000070ce8b690) thrown at [t:/workspace/hotspot/src/share/vm/prims/jvm.cpp, line 2984]

Events (10 events):
Event: 2491.272 Executing VM operation: RevokeBias
Event: 2491.273 Executing VM operation: RevokeBias done
Event: 2491.273 Thread 0x000001208a5d0800 Thread exited: 0x000001208a5d0800
Event: 2491.784 Thread 0x000001208a5d7000 Thread added: 0x000001208a5d7000
Event: 2491.786 Thread 0x000001208a5d7000 Thread exited: 0x000001208a5d7000
Event: 2491.967 Thread 0x00000120b7fe1000 Uncommon trap: trap_request=0xffffff5d fr.pc=0x00000120a71fd2dc relative=0x000000000000065c
Event: 2491.967 Thread 0x00000120b7fe1000 DEOPT PACKING pc=0x00000120a71fd2dc sp=0x00000001082f7a80
Event: 2491.967 Thread 0x00000120b7fe1000 DEOPT UNPACKING pc=0x000001209ed6df29 sp=0x00000001082f7a18 mode 2
Event: 2492.805 Thread 0x000001208a5d0800 Thread added: 0x000001208a5d0800
Event: 2492.808 Thread 0x000001208a5d0800 Thread exited: 0x000001208a5d0800


Dynamic libraries:
0x00007ff7d7c80000 - 0x00007ff7d7cb0000 	C:\Xilinx\Vivado\2018.3\bin\unwrapped\win64.o\vivado.exe
0x00007ff95f9a0000 - 0x00007ff95fb90000 	C:\Windows\SYSTEM32\ntdll.dll
0x00007ff95f8a0000 - 0x00007ff95f952000 	C:\Windows\System32\KERNEL32.DLL
0x00007ff95c940000 - 0x00007ff95cbe3000 	C:\Windows\System32\KERNELBASE.dll
0x00007ff95cf30000 - 0x00007ff95d02a000 	C:\Windows\System32\ucrtbase.dll
0x00007ff94e080000 - 0x00007ff94e127000 	C:\Windows\SYSTEM32\MSVCP140.dll
0x00007ff94e2c0000 - 0x00007ff94e2d4000 	C:\Xilinx\Vivado\2018.3\lib\win64.o\libboost_signals.dll
0x00007ff94e1a0000 - 0x00007ff94e1b4000 	C:\Xilinx\Vivado\2018.3\lib\win64.o\librdi_commonmain.dll
0x00007ff910b50000 - 0x00007ff9119e4000 	C:\Xilinx\Vivado\2018.3\lib\win64.o\librdi_common.dll
0x00007ff94ffb0000 - 0x00007ff94ffc6000 	C:\Windows\SYSTEM32\VCRUNTIME140.dll
0x00007ff95e890000 - 0x00007ff95ea23000 	C:\Windows\System32\USER32.dll
0x00007ff95d7b0000 - 0x00007ff95d7d1000 	C:\Windows\System32\win32u.dll
0x00007ff95da90000 - 0x00007ff95dab6000 	C:\Windows\System32\GDI32.dll
0x00007ff954df0000 - 0x00007ff954dfa000 	C:\Xilinx\Vivado\2018.3\lib\win64.o\librdi_commonversion.dll
0x00007ff94e050000 - 0x00007ff94e076000 	C:\Xilinx\Vivado\2018.3\lib\win64.o\libboost_filesystem.dll
0x00007ff95cd40000 - 0x00007ff95ced4000 	C:\Windows\System32\gdi32full.dll
0x00007ff95f790000 - 0x00007ff95f833000 	C:\Windows\System32\ADVAPI32.dll
0x00007ff94d8e0000 - 0x00007ff94da01000 	C:\Xilinx\Vivado\2018.3\lib\win64.o\librdi_commonxillic.dll
0x00007ff95d8b0000 - 0x00007ff95d94e000 	C:\Windows\System32\msvcp_win.dll
0x00007ff95e1d0000 - 0x00007ff95e26e000 	C:\Windows\System32\msvcrt.dll
0x00007ff95dc20000 - 0x00007ff95dcb7000 	C:\Windows\System32\sechost.dll
0x00007ff95ec80000 - 0x00007ff95f360000 	C:\Windows\System32\SHELL32.dll
0x00007ff95eae0000 - 0x00007ff95ec00000 	C:\Windows\System32\RPCRT4.dll
0x00007ff95cee0000 - 0x00007ff95cf2a000 	C:\Windows\System32\cfgmgr32.dll
0x00007ff93e060000 - 0x00007ff93e3ce000 	C:\Xilinx\Vivado\2018.3\lib\win64.o\libCOIN-all.dll
0x00007ff95ea30000 - 0x00007ff95ead9000 	C:\Windows\System32\shcore.dll
0x00007ff93dda0000 - 0x00007ff93e055000 	C:\Xilinx\Vivado\2018.3\lib\win64.o\libXil_lmgr11.dll
0x00007ff95daf0000 - 0x00007ff95dbbf000 	C:\Windows\System32\COMDLG32.dll
0x00007ff95de90000 - 0x00007ff95e1c6000 	C:\Windows\System32\combase.dll
0x00007ff94e180000 - 0x00007ff94e194000 	C:\Xilinx\Vivado\2018.3\lib\win64.o\libboost_date_time.dll
0x0000000053a30000 - 0x0000000053b5b000 	C:\Xilinx\Vivado\2018.3\lib\win64.o\tcl85t.dll
0x00007ff95d830000 - 0x00007ff95d8b0000 	C:\Windows\System32\bcryptPrimitives.dll
0x00007ff95f840000 - 0x00007ff95f892000 	C:\Windows\System32\SHLWAPI.dll
0x00007ff95f370000 - 0x00007ff95f3df000 	C:\Windows\System32\WS2_32.dll
0x00007ff95d030000 - 0x00007ff95d7ab000 	C:\Windows\System32\windows.storage.dll
0x00007ff95c8b0000 - 0x00007ff95c8cf000 	C:\Windows\System32\profapi.dll
0x00007ff95f3e0000 - 0x00007ff95f4a4000 	C:\Windows\System32\OLEAUT32.dll
0x00007ff95c8d0000 - 0x00007ff95c91a000 	C:\Windows\System32\powrprof.dll
0x00007ff95dcc0000 - 0x00007ff95de16000 	C:\Windows\System32\ole32.dll
0x00007ff95c880000 - 0x00007ff95c890000 	C:\Windows\System32\UMPDC.dll
0x00007ff95c920000 - 0x00007ff95c931000 	C:\Windows\System32\kernel.appcore.dll
0x00007ff94dbd0000 - 0x00007ff94dc4f000 	C:\Xilinx\Vivado\2018.3\lib\win64.o\libboost_program_options.dll
0x00007ff95d950000 - 0x00007ff95d9ac000 	C:\Windows\System32\WINTRUST.dll
0x00007ff93dac0000 - 0x00007ff93dbd4000 	C:\Xilinx\Vivado\2018.3\lib\win64.o\libboost_regex.dll
0x00007ff95d7e0000 - 0x00007ff95d7f7000 	C:\Windows\System32\cryptsp.dll
0x00007ff95c890000 - 0x00007ff95c8a2000 	C:\Windows\System32\MSASN1.dll
0x00007ff95cbf0000 - 0x00007ff95cd39000 	C:\Windows\System32\CRYPT32.dll
0x00007ff94dcf0000 - 0x00007ff94dd11000 	C:\Xilinx\Vivado\2018.3\lib\win64.o\libboost_thread.dll
0x00007ff954cb0000 - 0x00007ff954cbb000 	C:\Xilinx\Vivado\2018.3\lib\win64.o\libboost_system.dll
0x00007ff94ffd0000 - 0x00007ff94ffdf000 	C:\Xilinx\Vivado\2018.3\lib\win64.o\libboost_xilinx.dll
0x00007ff94afd0000 - 0x00007ff94b075000 	C:\Xilinx\Vivado\2018.3\lib\win64.o\libhdxml.dll
0x00007ff94aaa0000 - 0x00007ff94ab22000 	C:\Xilinx\Vivado\2018.3\lib\win64.o\libhdlpsolve.dll
0x00007ff94dba0000 - 0x00007ff94dbce000 	C:\Xilinx\Vivado\2018.3\lib\win64.o\libisl_sysinfo.dll
0x00007ff9499a0000 - 0x00007ff949a05000 	C:\Xilinx\Vivado\2018.3\lib\win64.o\liblmx6.0.dll
0x00007ff926b80000 - 0x00007ff9273ce600 	C:\Xilinx\Vivado\2018.3\lib\win64.o\libisl_iostreams.dll
0x00007ff94e030000 - 0x00007ff94e04a000 	C:\Xilinx\Vivado\2018.3\lib\win64.o\pthreadVC2.dll
0x00007ff94db20000 - 0x00007ff94db3c000 	C:\Xilinx\Vivado\2018.3\lib\win64.o\librdiconfig.dll
0x00007ff94dac0000 - 0x00007ff94dae1000 	C:\Xilinx\Vivado\2018.3\lib\win64.o\librdizlib.dll
0x0000000012000000 - 0x0000000012272000 	C:\Xilinx\Vivado\2018.3\lib\win64.o\xerces-c_3_1.dll
0x00007ff9566c0000 - 0x00007ff9566d7000 	C:\Windows\SYSTEM32\NETAPI32.dll
0x00007ff948cb0000 - 0x00007ff949186000 	C:\Windows\SYSTEM32\WININET.dll
0x00007ff957150000 - 0x00007ff957240000 	C:\Windows\SYSTEM32\WINHTTP.dll
0x00007ff950cf0000 - 0x00007ff950ec6000 	C:\Windows\SYSTEM32\urlmon.dll
0x00007ff94cc70000 - 0x00007ff94cd19000 	C:\Windows\WinSxS\amd64_microsoft.windows.common-controls_6595b64144ccf1df_5.82.18362.239_none_2a25bd6a466b9e19\COMCTL32.dll
0x00007ff94fcc0000 - 0x00007ff94fcc9000 	C:\Windows\SYSTEM32\WSOCK32.dll
0x00007ff958040000 - 0x00007ff95805c000 	C:\Windows\SYSTEM32\dhcpcsvc.DLL
0x00007ff95f560000 - 0x00007ff95f568000 	C:\Windows\System32\NSI.dll
0x00007ff94b800000 - 0x00007ff94b82e000 	C:\Windows\SYSTEM32\VCOMP140.DLL
0x00007ff90fcb0000 - 0x00007ff910b41000 	C:\Xilinx\Vivado\2018.3\lib\win64.o\gurobi65.dll
0x00007ff94e3a0000 - 0x00007ff94e3ad000 	C:\Xilinx\Vivado\2018.3\lib\win64.o\libboost_chrono.dll
0x00007ff94d8c0000 - 0x00007ff94d8db000 	C:\Xilinx\Vivado\2018.3\lib\win64.o\libboost_iostreams.dll
0x00007ff94b430000 - 0x00007ff94b455000 	C:\Xilinx\Vivado\2018.3\lib\win64.o\libisl_iosutils.dll
0x00007ff950a40000 - 0x00007ff950ce6000 	C:\Windows\SYSTEM32\iertutil.dll
0x00007ff95c260000 - 0x00007ff95c26c000 	C:\Windows\SYSTEM32\CRYPTBASE.DLL
0x00007ff95bf00000 - 0x00007ff95bf0c000 	C:\Windows\SYSTEM32\NETUTILS.DLL
0x00007ff95da60000 - 0x00007ff95da8e000 	C:\Windows\System32\IMM32.DLL
0x00007ff93a430000 - 0x00007ff93a925000 	C:\Xilinx\Vivado\2018.3\lib\win64.o\librdi_commontasks.dll
0x00007ff957350000 - 0x00007ff95735a000 	C:\Windows\SYSTEM32\VERSION.dll
0x0000000053000000 - 0x0000000053a25000 	C:\Xilinx\Vivado\2018.3\tps\win64\jre9.0.4\bin\server\jvm.dll
0x00007ff93ae00000 - 0x00007ff93b07f000 	C:\Xilinx\Vivado\2018.3\lib\win64.o\librdi_sio.dll
0x00007ff95dae0000 - 0x00007ff95dae8000 	C:\Windows\System32\PSAPI.DLL
0x00007ff95a970000 - 0x00007ff95a994000 	C:\Windows\SYSTEM32\WINMM.dll
0x00007ff95bdf0000 - 0x00007ff95be2a000 	C:\Windows\SYSTEM32\IPHLPAPI.DLL
0x00007ff95a910000 - 0x00007ff95a93d000 	C:\Windows\SYSTEM32\WINMMBASE.dll
0x00007ff93e5e0000 - 0x00007ff93e6cf000 	C:\Xilinx\Vivado\2018.3\tps\win64\jre9.0.4\bin\MSVCR120.dll
0x00007ff95c090000 - 0x00007ff95c0f7000 	C:\Windows\SYSTEM32\MSWSOCK.DLL
0x00007ff90d8e0000 - 0x00007ff90fca2000 	C:\Xilinx\Vivado\2018.3\lib\win64.o\librdi_tcltasks.dll
0x00007ff949780000 - 0x00007ff9497ea000 	C:\Xilinx\Vivado\2018.3\lib\win64.o\librdi_boarddep.dll
0x00007ff93c140000 - 0x00007ff93c21c000 	C:\Xilinx\Vivado\2018.3\lib\win64.o\librdi_chipscope.dll
0x00007ff932290000 - 0x00007ff93266c000 	C:\Xilinx\Vivado\2018.3\lib\win64.o\librdi_bitstream.dll
0x00007ff934bf0000 - 0x00007ff934d6e000 	C:\Xilinx\Vivado\2018.3\lib\win64.o\librdi_board.dll
0x00007ff93bba0000 - 0x00007ff93bce8000 	C:\Xilinx\Vivado\2018.3\lib\win64.o\librdi_containers.dll
0x00007ff92c3d0000 - 0x00007ff92c589000 	C:\Xilinx\Vivado\2018.3\lib\win64.o\librdi_chipscopeimpl.dll
0x00007ff90bfd0000 - 0x00007ff90d8d5000 	C:\Xilinx\Vivado\2018.3\lib\win64.o\librdi_constraints.dll
0x00007ff90a1b0000 - 0x00007ff90bfcf000 	C:\Xilinx\Vivado\2018.3\lib\win64.o\librdi_coregen.dll
0x00007ff925500000 - 0x00007ff925bda000 	C:\Xilinx\Vivado\2018.3\lib\win64.o\librdi_coregenipxact.dll
0x00007ff92aed0000 - 0x00007ff92b1eb000 	C:\Xilinx\Vivado\2018.3\lib\win64.o\librdi_dlyest.dll
0x00007ff926200000 - 0x00007ff926760000 	C:\Xilinx\Vivado\2018.3\lib\win64.o\librdi_drc.dll
0x00007ff9063b0000 - 0x00007ff90a1ab000 	C:\Xilinx\Vivado\2018.3\lib\win64.o\librdi_designutils.dll
0x00007ff943f60000 - 0x00007ff944022000 	C:\Xilinx\Vivado\2018.3\lib\win64.o\librdi_dsp.dll
0x00007ff921110000 - 0x00007ff92174f000 	C:\Xilinx\Vivado\2018.3\lib\win64.o\librdi_filemgmt.dll
0x00007ff92abf0000 - 0x00007ff92aeca000 	C:\Xilinx\Vivado\2018.3\lib\win64.o\librdi_guitools.dll
0x00007ff94aec0000 - 0x00007ff94af1d000 	C:\Xilinx\Vivado\2018.3\lib\win64.o\librdi_hdf.dll
0x00007ff8f42b0000 - 0x00007ff8f5641000 	C:\Xilinx\Vivado\2018.3\lib\win64.o\librdi_implflow.dll
0x00007ff91bb10000 - 0x00007ff91c125000 	C:\Xilinx\Vivado\2018.3\lib\win64.o\librdi_memdata.dll
0x00007ff948230000 - 0x00007ff9482a1000 	C:\Xilinx\Vivado\2018.3\lib\win64.o\librdi_memoryarray.dll
0x00007ff94aba0000 - 0x00007ff94abf0000 	C:\Xilinx\Vivado\2018.3\lib\win64.o\librdi_pfi.dll
0x00007ff8f5650000 - 0x00007ff9063a2000 	C:\Xilinx\Vivado\2018.3\lib\win64.o\librdi_device.dll
0x00007ff8f0900000 - 0x00007ff8f42ac000 	C:\Xilinx\Vivado\2018.3\lib\win64.o\librdi_mig.dll
0x00007ff9158a0000 - 0x00007ff915edb000 	C:\Xilinx\Vivado\2018.3\lib\win64.o\librdi_netlist.dll
0x00007ff92a4b0000 - 0x00007ff92a7b7000 	C:\Xilinx\Vivado\2018.3\lib\win64.o\librdi_platform.dll
0x00007ff8ee3e0000 - 0x00007ff8f08f4000 	C:\Xilinx\Vivado\2018.3\lib\win64.o\librdi_place.dll
0x00007ff924fa0000 - 0x00007ff9254f6000 	C:\Xilinx\Vivado\2018.3\lib\win64.o\librdi_project.dll
0x00007ff8edce0000 - 0x00007ff8ee3d3000 	C:\Xilinx\Vivado\2018.3\lib\win64.o\librdi_psta.dll
0x00007ff8ed600000 - 0x00007ff8edcd9000 	C:\Xilinx\Vivado\2018.3\lib\win64.o\librdi_rsb.dll
0x00007ff9122f0000 - 0x00007ff9129e5000 	C:\Xilinx\Vivado\2018.3\lib\win64.o\librdi_power.dll
0x00007ff93b780000 - 0x00007ff93b858000 	C:\Xilinx\Vivado\2018.3\lib\win64.o\librdi_runsbase.dll
0x00007ff92bb30000 - 0x00007ff92bd58000 	C:\Xilinx\Vivado\2018.3\lib\win64.o\librdi_simdata.dll
0x00007ff9154c0000 - 0x00007ff915897000 	C:\Xilinx\Vivado\2018.3\lib\win64.o\librdi_runs.dll
0x00007ff8ec870000 - 0x00007ff8ed5fd000 	C:\Xilinx\Vivado\2018.3\lib\win64.o\librdi_timing.dll
0x00007ff9353b0000 - 0x00007ff935504000 	C:\Xilinx\Vivado\2018.3\lib\win64.o\librdi_advchipscopeimpl.dll
0x00007ff94aa50000 - 0x00007ff94aa9c000 	C:\Xilinx\Vivado\2018.3\lib\win64.o\libboost_serialization.dll
0x00007ff941c90000 - 0x00007ff941d3b000 	C:\Xilinx\Vivado\2018.3\lib\win64.o\librdi_ipconfig_readwrite.dll
0x00007ff94a4b0000 - 0x00007ff94a4e8000 	C:\Xilinx\Vivado\2018.3\lib\win64.o\librdi_noc_frameworks.dll
0x00007ff93f2c0000 - 0x00007ff93f378000 	C:\Xilinx\Vivado\2018.3\lib\win64.o\librdi_hip_devdesign.dll
0x00007ff942570000 - 0x00007ff94260e000 	C:\Xilinx\Vivado\2018.3\lib\win64.o\libise.dll
0x00007ff8ebd20000 - 0x00007ff8ec867000 	C:\Xilinx\Vivado\2018.3\lib\win64.o\libverific.dll
0x00007ff911f30000 - 0x00007ff9122e5000 	C:\Xilinx\Vivado\2018.3\lib\win64.o\librdi_hip_config.dll

VM Arguments:
jvm_args: -Dsun.java2d.pmoffscreen=false -Dsun.java2d.xrender=false -Dsun.java2d.d3d=false -Dsun.awt.nopixfmt=true -Dsun.java2d.dpiaware=true -Dsun.java2d.uiScale.enabled=false -Xverify:none -Dswing.aatext=true -XX:-UsePerfData -Djdk.map.althashing.threshold=512 -XX:StringTableSize=4072 --add-opens=java.base/java.nio=ALL-UNNAMED --add-opens=java.desktop/sun.swing=ALL-UNNAMED --add-opens=java.desktop/javax.swing=ALL-UNNAMED --add-opens=java.desktop/javax.swing.tree=ALL-UNNAMED --add-opens=java.desktop/javax.swing.plaf.basic=ALL-UNNAMED --add-opens=java.desktop/javax.swing.plaf.synth=ALL-UNNAMED --add-opens=java.desktop/com.sun.awt=ALL-UNNAMED -XX:NewSize=60m -XX:MaxNewSize=60m -Xms128m -Xmx3072m -Xss5m 
java_command: <unknown>
java_class_path (initial): C:/Xilinx/Vivado/2018.3\lib\classes\alloy.jar;C:/Xilinx/Vivado/2018.3\lib\classes\autopilot.scelaborator.jar;C:/Xilinx/Vivado/2018.3\lib\classes\autopilot.sourceprocessor.jar;C:/Xilinx/Vivado/2018.3\lib\classes\autopilot.tbprocessor.jar;C:/Xilinx/Vivado/2018.3\lib\classes\batik-anim.jar;C:/Xilinx/Vivado/2018.3\lib\classes\batik-awt-util.jar;C:/Xilinx/Vivado/2018.3\lib\classes\batik-bridge.jar;C:/Xilinx/Vivado/2018.3\lib\classes\batik-codec.jar;C:/Xilinx/Vivado/2018.3\lib\classes\batik-css.jar;C:/Xilinx/Vivado/2018.3\lib\classes\batik-dom.jar;C:/Xilinx/Vivado/2018.3\lib\classes\batik-ext.jar;C:/Xilinx/Vivado/2018.3\lib\classes\batik-gui-util.jar;C:/Xilinx/Vivado/2018.3\lib\classes\batik-gvt.jar;C:/Xilinx/Vivado/2018.3\lib\classes\batik-parser.jar;C:/Xilinx/Vivado/2018.3\lib\classes\batik-script.jar;C:/Xilinx/Vivado/2018.3\lib\classes\batik-svg-dom.jar;C:/Xilinx/Vivado/2018.3\lib\classes\batik-swing.jar;C:/Xilinx/Vivado/2018.3\lib\classes\batik-transcoder.jar;C:/Xilinx/Vivado/2018.3\lib\classes\batik-util.jar;C:/Xilinx/Vivado/2018.3\lib\classes\batik-xml.jar;C:/Xilinx/Vivado/2018.3\lib\classes\com.ibm.icu_4.4.2.v20110208.jar;C:/Xilinx/Vivado/2018.3\lib\classes\commons-collections4-4.1.jar;C:/Xilinx/Vivado/2018.3\lib\classes\commons-math-2.2.jar;C:/Xilinx/Vivado/2018.3\lib\classes\dom4j-1.6.1.jar;C:/Xilinx/Vivado/2018.3\lib\classes\guava-18.0.jar;C:/Xilinx/Vivado/2018.3\lib\classes\help.jar;C:/Xilinx/Vivado/2018.3\lib\classes\hsqldb.jar;C:/Xilinx/Vivado/2018.3\lib\classes\jargs.jar;C:/Xilinx/Vivado/2018.3\lib\classes\jaxb-api-2.3.0.jar;C:/Xilinx/Vivado/2018.3\lib\classes\jh.jar;C:/Xilinx/Vivado/2018.3\lib\classes\jide-action.jar;C:/Xilinx/Vivado/2018.3\lib\classes\jide-charts.jar;C:/Xilinx/Vivado/2018.3\lib\classes\jide-common.jar;C:/Xilinx/Vivado/2018.3\lib\classes\jide-components.jar;C:/Xilinx/Vivado/2018.3\lib\classes\jide-dashboard.jar;C:/Xilinx/Vivado/2018.3\lib\classes\jide-data.jar;C:/Xilinx/Vivado/2018.3\lib\classes\jide-dialogs.jar
Launcher Type: generic

Logging:
Log output configuration:
#0: stdout all=warning uptime,level,tags
#1: stderr all=off uptime,level,tags

Environment Variables:
PATH=C:/Xilinx/Vivado/2018.3/bin;C:/Xilinx/Vivado/2018.3/lib/win64.o;C:/Xilinx/Vivado/2018.3/tps/win64/jre9.0.4/bin/server;C:/Xilinx/Vivado/2018.3/tps/win64/jre9.0.4/bin;C:/Xilinx/SDK/2018.3/bin;C:/Xilinx/Vivado/2018.3/ids_lite/ISE/bin/nt64;C:/Xilinx/Vivado/2018.3/ids_lite/ISE/lib/nt64;C:\Windows\system32;C:\Windows;C:\Windows\System32\Wbem;C:\Windows\System32\WindowsPowerShell\v1.0\;C:\Windows\System32\OpenSSH\;C:\Program Files\MATLAB\R2017b\bin;C:\Users\gyz\AppData\Local\Programs\Python\Python37\Scripts\;C:\Users\gyz\AppData\Local\Programs\Python\Python37\;%USERPROFILE%\AppData\Local\Microsoft\WindowsApps;C:\Users\gyz\AppData\Local\Programs\MiKTeX 2.9\miktex\bin\x64\;C:\modeltech64_10.4\win64;C:/Xilinx/Vivado/2018.3\tps\mingw\6.2.0\win64.o\nt\bin;C:/Xilinx/Vivado/2018.3\tps\mingw\6.2.0\win64.o\nt\libexec\gcc\x86_64-w64-mingw32\6.2.0
USERNAME=gyz
OS=Windows_NT
PROCESSOR_IDENTIFIER=Intel64 Family 6 Model 94 Stepping 3, GenuineIntel



---------------  S Y S T E M  ---------------

OS: Windows 10 , 64 bit Build 18362 (10.0.18362.86)

CPU:total 8 (initial active 8) (4 cores per cpu, 2 threads per core) family 6 model 94 stepping 3, cmov, cx8, fxsr, mmx, sse, sse2, sse3, ssse3, sse4.1, sse4.2, popcnt, avx, avx2, aes, clmul, erms, rtm, 3dnowpref, lzcnt, ht, tsc, tscinvbit, bmi1, bmi2, adx, fma

Memory: 4k page, physical 8310932k(4398252k free), swap 20369556k(8874596k free)

vm_info: Java HotSpot(TM) 64-Bit Server VM (9.0.4+11) for windows-amd64 JRE (9.0.4+11), built on Dec 20 2017 02:18:54 by "mach5one" with MS VC++ 12.0 (VS2013)

END.
