#-----------------------------------------------------------
# Vivado v2018.3 (64-bit)
# SW Build 2405991 on Thu Dec  6 23:38:27 MST 2018
# IP Build 2404404 on Fri Dec  7 01:43:56 MST 2018
# Start of session at: Tue Nov  5 18:00:39 2019
# Process ID: 17216
# Current directory: C:/Users/gyz/Desktop/ddrtovga/fmc_input/my_ddr_to_vga
# Command line: vivado.exe -gui_launcher_event rodinguilauncherevent18168 C:\Users\gyz\Desktop\ddrtovga\fmc_input\my_ddr_to_vga\my_ddr_to_vga.xpr
# Log file: C:/Users/gyz/Desktop/ddrtovga/fmc_input/my_ddr_to_vga/vivado.log
# Journal file: C:/Users/gyz/Desktop/ddrtovga/fmc_input/my_ddr_to_vga\vivado.jou
#-----------------------------------------------------------
start_gui
open_project C:/Users/gyz/Desktop/ddrtovga/fmc_input/my_ddr_to_vga/my_ddr_to_vga.xpr
Scanning sources...
Finished scanning sources
INFO: [IP_Flow 19-234] Refreshing IP repositories
INFO: [IP_Flow 19-1704] No user IP repositories specified
INFO: [IP_Flow 19-2313] Loaded Vivado IP repository 'C:/Xilinx/Vivado/2018.3/data/ip'.
open_project: Time (s): cpu = 00:00:13 ; elapsed = 00:00:08 . Memory (MB): peak = 768.938 ; gain = 145.230
update_compile_order -fileset sources_1
open_hw
connect_hw_server
INFO: [Labtools 27-2285] Connecting to hw_server url TCP:localhost:3121
INFO: [Labtools 27-2222] Launching hw_server...
INFO: [Labtools 27-2221] Launch Output:

****** Xilinx hw_server v2018.3
  **** Build date : Dec  7 2018-00:40:27
    ** Copyright 1986-2018 Xilinx, Inc. All Rights Reserved.


open_hw_target
INFO: [Labtoolstcl 44-466] Opening hw_target localhost:3121/xilinx_tcf/Digilent/200300A8C54AB
set_property PROGRAM.FILE {C:/Users/gyz/Desktop/ddrtovga/fmc_input/my_ddr_to_vga/my_ddr_to_vga.runs/impl_1/ddrtovga_top.bit} [get_hw_devices xc7k325t_0]
set_property PROBES.FILE {C:/Users/gyz/Desktop/ddrtovga/fmc_input/my_ddr_to_vga/my_ddr_to_vga.runs/impl_1/ddrtovga_top.ltx} [get_hw_devices xc7k325t_0]
set_property FULL_PROBES.FILE {C:/Users/gyz/Desktop/ddrtovga/fmc_input/my_ddr_to_vga/my_ddr_to_vga.runs/impl_1/ddrtovga_top.ltx} [get_hw_devices xc7k325t_0]
current_hw_device [get_hw_devices xc7k325t_0]
refresh_hw_device [lindex [get_hw_devices xc7k325t_0] 0]
INFO: [Labtools 27-2302] Device xc7k325t (JTAG device index = 0) is programmed with a design that has 1 ILA core(s).
display_hw_ila_data [ get_hw_ila_data hw_ila_data_1 -of_objects [get_hw_ilas -of_objects [get_hw_devices xc7k325t_0] -filter {CELL_NAME=~"u_ila_0"}]]
set_property CAPTURE_COMPARE_VALUE eq1'b1 [get_hw_probes rd_data_valid -of_objects [get_hw_ilas -of_objects [get_hw_devices xc7k325t_0] -filter {CELL_NAME=~"u_ila_0"}]]
run_hw_ila [get_hw_ilas -of_objects [get_hw_devices xc7k325t_0] -filter {CELL_NAME=~"u_ila_0"}]
INFO: [Labtools 27-1964] The ILA core 'hw_ila_1' trigger was armed at 2019-Nov-05 18:01:20
wait_on_hw_ila -timeout 0 [get_hw_ilas -of_objects [get_hw_devices xc7k325t_0] -filter {CELL_NAME=~"u_ila_0"}]
display_hw_ila_data [upload_hw_ila_data [get_hw_ilas -of_objects [get_hw_devices xc7k325t_0] -filter {CELL_NAME=~"u_ila_0"}]]
INFO: [Labtools 27-1965] The ILA core 'hw_ila_1' trigger was stopped by user at 2019-Nov-05 18:03:20
INFO: [Labtools 27-2213] The ILA core 'hw_ila_1' captured one window with '10001' samples.
INFO: [Labtools 27-3304] ILA Waveform data saved to file C:/Users/gyz/Desktop/ddrtovga/fmc_input/my_ddr_to_vga/my_ddr_to_vga.hw/backup/hw_ila_data_1.ila. Use Tcl command 'read_hw_ila_data' or Vivado File->Import->Import ILA Data menu item to import the previously saved data.
run_hw_ila [get_hw_ilas -of_objects [get_hw_devices xc7k325t_0] -filter {CELL_NAME=~"u_ila_0"}] -trigger_now
INFO: [Labtools 27-1964] The ILA core 'hw_ila_1' trigger was armed at 2019-Nov-05 18:03:41
wait_on_hw_ila [get_hw_ilas -of_objects [get_hw_devices xc7k325t_0] -filter {CELL_NAME=~"u_ila_0"}]
display_hw_ila_data [upload_hw_ila_data [get_hw_ilas -of_objects [get_hw_devices xc7k325t_0] -filter {CELL_NAME=~"u_ila_0"}]]
INFO: [Labtools 27-1966] The ILA core 'hw_ila_1' triggered at 2019-Nov-05 18:03:41
INFO: [Labtools 27-3304] ILA Waveform data saved to file C:/Users/gyz/Desktop/ddrtovga/fmc_input/my_ddr_to_vga/my_ddr_to_vga.hw/backup/hw_ila_data_1.ila. Use Tcl command 'read_hw_ila_data' or Vivado File->Import->Import ILA Data menu item to import the previously saved data.
run_hw_ila [get_hw_ilas -of_objects [get_hw_devices xc7k325t_0] -filter {CELL_NAME=~"u_ila_0"}] -trigger_now
INFO: [Labtools 27-1964] The ILA core 'hw_ila_1' trigger was armed at 2019-Nov-05 18:04:00
wait_on_hw_ila [get_hw_ilas -of_objects [get_hw_devices xc7k325t_0] -filter {CELL_NAME=~"u_ila_0"}]
display_hw_ila_data [upload_hw_ila_data [get_hw_ilas -of_objects [get_hw_devices xc7k325t_0] -filter {CELL_NAME=~"u_ila_0"}]]
INFO: [Labtools 27-1966] The ILA core 'hw_ila_1' triggered at 2019-Nov-05 18:04:00
INFO: [Labtools 27-3304] ILA Waveform data saved to file C:/Users/gyz/Desktop/ddrtovga/fmc_input/my_ddr_to_vga/my_ddr_to_vga.hw/backup/hw_ila_data_1.ila. Use Tcl command 'read_hw_ila_data' or Vivado File->Import->Import ILA Data menu item to import the previously saved data.
run_hw_ila [get_hw_ilas -of_objects [get_hw_devices xc7k325t_0] -filter {CELL_NAME=~"u_ila_0"}] -trigger_now
INFO: [Labtools 27-1964] The ILA core 'hw_ila_1' trigger was armed at 2019-Nov-05 18:04:10
wait_on_hw_ila [get_hw_ilas -of_objects [get_hw_devices xc7k325t_0] -filter {CELL_NAME=~"u_ila_0"}]
display_hw_ila_data [upload_hw_ila_data [get_hw_ilas -of_objects [get_hw_devices xc7k325t_0] -filter {CELL_NAME=~"u_ila_0"}]]
INFO: [Labtools 27-1966] The ILA core 'hw_ila_1' triggered at 2019-Nov-05 18:04:10
INFO: [Labtools 27-3304] ILA Waveform data saved to file C:/Users/gyz/Desktop/ddrtovga/fmc_input/my_ddr_to_vga/my_ddr_to_vga.hw/backup/hw_ila_data_1.ila. Use Tcl command 'read_hw_ila_data' or Vivado File->Import->Import ILA Data menu item to import the previously saved data.
run_hw_ila [get_hw_ilas -of_objects [get_hw_devices xc7k325t_0] -filter {CELL_NAME=~"u_ila_0"}]
INFO: [Labtools 27-1964] The ILA core 'hw_ila_1' trigger was armed at 2019-Nov-05 18:04:40
wait_on_hw_ila -timeout 0 [get_hw_ilas -of_objects [get_hw_devices xc7k325t_0] -filter {CELL_NAME=~"u_ila_0"}]
display_hw_ila_data [upload_hw_ila_data [get_hw_ilas -of_objects [get_hw_devices xc7k325t_0] -filter {CELL_NAME=~"u_ila_0"}]]
INFO: [Labtools 27-2213] The ILA core 'hw_ila_1' captured one window with '10001' samples.
INFO: [Labtools 27-3304] ILA Waveform data saved to file C:/Users/gyz/Desktop/ddrtovga/fmc_input/my_ddr_to_vga/my_ddr_to_vga.hw/backup/hw_ila_data_1.ila. Use Tcl command 'read_hw_ila_data' or Vivado File->Import->Import ILA Data menu item to import the previously saved data.
write_hw_ila_data -csv_file -force {C:\Users\gyz\Desktop\ddrtovga\verify\fmc0_9999_3.csv} hw_ila_data_1
C:/Users/gyz/Desktop/ddrtovga/verify/fmc0_9999_3.csv
run_hw_ila [get_hw_ilas -of_objects [get_hw_devices xc7k325t_0] -filter {CELL_NAME=~"u_ila_0"}] -trigger_now
INFO: [Labtools 27-1964] The ILA core 'hw_ila_1' trigger was armed at 2019-Nov-05 18:08:45
wait_on_hw_ila [get_hw_ilas -of_objects [get_hw_devices xc7k325t_0] -filter {CELL_NAME=~"u_ila_0"}]
display_hw_ila_data [upload_hw_ila_data [get_hw_ilas -of_objects [get_hw_devices xc7k325t_0] -filter {CELL_NAME=~"u_ila_0"}]]
INFO: [Labtools 27-1966] The ILA core 'hw_ila_1' triggered at 2019-Nov-05 18:08:45
INFO: [Labtools 27-3304] ILA Waveform data saved to file C:/Users/gyz/Desktop/ddrtovga/fmc_input/my_ddr_to_vga/my_ddr_to_vga.hw/backup/hw_ila_data_1.ila. Use Tcl command 'read_hw_ila_data' or Vivado File->Import->Import ILA Data menu item to import the previously saved data.
run_hw_ila [get_hw_ilas -of_objects [get_hw_devices xc7k325t_0] -filter {CELL_NAME=~"u_ila_0"}]
INFO: [Labtools 27-1964] The ILA core 'hw_ila_1' trigger was armed at 2019-Nov-05 18:08:48
wait_on_hw_ila -timeout 0 [get_hw_ilas -of_objects [get_hw_devices xc7k325t_0] -filter {CELL_NAME=~"u_ila_0"}]
display_hw_ila_data [upload_hw_ila_data [get_hw_ilas -of_objects [get_hw_devices xc7k325t_0] -filter {CELL_NAME=~"u_ila_0"}]]
INFO: [Labtools 27-2213] The ILA core 'hw_ila_1' captured one window with '10001' samples.
INFO: [Labtools 27-3304] ILA Waveform data saved to file C:/Users/gyz/Desktop/ddrtovga/fmc_input/my_ddr_to_vga/my_ddr_to_vga.hw/backup/hw_ila_data_1.ila. Use Tcl command 'read_hw_ila_data' or Vivado File->Import->Import ILA Data menu item to import the previously saved data.
reset_run synth_1
launch_runs impl_1 -to_step write_bitstream -jobs 4
INFO: [Vivado 12-4149] The synthesis checkpoint for IP 'C:/Users/gyz/Desktop/ddrtovga/fmc_input/my_ddr_to_vga/my_ddr_to_vga.srcs/sources_1/ip/fmc_fifo/fmc_fifo.xci' is already up-to-date
[Tue Nov  5 18:11:29 2019] Launched synth_1...
Run output will be captured here: C:/Users/gyz/Desktop/ddrtovga/fmc_input/my_ddr_to_vga/my_ddr_to_vga.runs/synth_1/runme.log
[Tue Nov  5 18:11:29 2019] Launched impl_1...
Run output will be captured here: C:/Users/gyz/Desktop/ddrtovga/fmc_input/my_ddr_to_vga/my_ddr_to_vga.runs/impl_1/runme.log
set_property PROBES.FILE {C:/Users/gyz/Desktop/ddrtovga/fmc_input/my_ddr_to_vga/my_ddr_to_vga.runs/impl_1/ddrtovga_top.ltx} [get_hw_devices xc7k325t_0]
set_property FULL_PROBES.FILE {C:/Users/gyz/Desktop/ddrtovga/fmc_input/my_ddr_to_vga/my_ddr_to_vga.runs/impl_1/ddrtovga_top.ltx} [get_hw_devices xc7k325t_0]
set_property PROGRAM.FILE {C:/Users/gyz/Desktop/ddrtovga/fmc_input/my_ddr_to_vga/my_ddr_to_vga.runs/impl_1/ddrtovga_top.bit} [get_hw_devices xc7k325t_0]
program_hw_devices [get_hw_devices xc7k325t_0]
INFO: [Labtools 27-3164] End of startup status: HIGH
program_hw_devices: Time (s): cpu = 00:00:07 ; elapsed = 00:00:07 . Memory (MB): peak = 1918.203 ; gain = 0.000
refresh_hw_device [lindex [get_hw_devices xc7k325t_0] 0]
WARNING: [Xicom 50-38] xicom: No CseXsdb register file specified for CseXsdb slave type: 0, cse driver version: 0. Slave initialization skipped.
INFO: [Labtools 27-1434] Device xc7k325t (JTAG device index = 0) is programmed with a design that has no supported debug core(s) in it.
WARNING: [Labtools 27-3361] The debug hub core was not detected.
Resolution: 
1. Make sure the clock connected to the debug hub (dbg_hub) core is a free running clock and is active.
2. Make sure the BSCAN_SWITCH_USER_MASK device property in Vivado Hardware Manager reflects the user scan chain setting in the design and refresh the device.  To determine the user scan chain setting in the design, open the implemented design and use 'get_property C_USER_SCAN_CHAIN [get_debug_cores dbg_hub]'.
For more details on setting the scan chain property, consult the Vivado Debug and Programming User Guide (UG908).
WARNING: [Labtools 27-3413] Dropping logic core with cellname:'u_ila_0' at location 'uuid_23E7D65A79BC59F7BC47406C1714DFAE' from probes file, since it cannot be found on the programmed device.
refresh_hw_device [lindex [get_hw_devices xc7k325t_0] 0]
INFO: [Labtools 27-2302] Device xc7k325t (JTAG device index = 0) is programmed with a design that has 1 ILA core(s).
run_hw_ila [get_hw_ilas -of_objects [get_hw_devices xc7k325t_0] -filter {CELL_NAME=~"u_ila_0"}]
INFO: [Labtools 27-1964] The ILA core 'hw_ila_1' trigger was armed at 2019-Nov-05 18:18:48
wait_on_hw_ila -timeout 0 [get_hw_ilas -of_objects [get_hw_devices xc7k325t_0] -filter {CELL_NAME=~"u_ila_0"}]
display_hw_ila_data [upload_hw_ila_data [get_hw_ilas -of_objects [get_hw_devices xc7k325t_0] -filter {CELL_NAME=~"u_ila_0"}]]
INFO: [Labtools 27-1965] The ILA core 'hw_ila_1' trigger was stopped by user at 2019-Nov-05 18:20:20
INFO: [Labtools 27-2213] The ILA core 'hw_ila_1' captured one window with '10001' samples.
INFO: [Labtools 27-3304] ILA Waveform data saved to file C:/Users/gyz/Desktop/ddrtovga/fmc_input/my_ddr_to_vga/my_ddr_to_vga.hw/backup/hw_ila_data_1.ila. Use Tcl command 'read_hw_ila_data' or Vivado File->Import->Import ILA Data menu item to import the previously saved data.
set_property PROBES.FILE {C:/Users/gyz/Desktop/ddrtovga/fmc_input/my_ddr_to_vga/my_ddr_to_vga.runs/impl_1/ddrtovga_top.ltx} [get_hw_devices xc7k325t_0]
set_property FULL_PROBES.FILE {C:/Users/gyz/Desktop/ddrtovga/fmc_input/my_ddr_to_vga/my_ddr_to_vga.runs/impl_1/ddrtovga_top.ltx} [get_hw_devices xc7k325t_0]
set_property PROGRAM.FILE {C:/Users/gyz/Desktop/ddrtovga/fmc_input/my_ddr_to_vga/my_ddr_to_vga.runs/impl_1/ddrtovga_top.bit} [get_hw_devices xc7k325t_0]
program_hw_devices [get_hw_devices xc7k325t_0]
INFO: [Labtools 27-3164] End of startup status: HIGH
program_hw_devices: Time (s): cpu = 00:00:07 ; elapsed = 00:00:07 . Memory (MB): peak = 1918.203 ; gain = 0.000
refresh_hw_device [lindex [get_hw_devices xc7k325t_0] 0]
INFO: [Labtools 27-2302] Device xc7k325t (JTAG device index = 0) is programmed with a design that has 1 ILA core(s).
run_hw_ila [get_hw_ilas -of_objects [get_hw_devices xc7k325t_0] -filter {CELL_NAME=~"u_ila_0"}]
INFO: [Labtools 27-1964] The ILA core 'hw_ila_1' trigger was armed at 2019-Nov-05 18:20:46
wait_on_hw_ila -timeout 0 [get_hw_ilas -of_objects [get_hw_devices xc7k325t_0] -filter {CELL_NAME=~"u_ila_0"}]
display_hw_ila_data [upload_hw_ila_data [get_hw_ilas -of_objects [get_hw_devices xc7k325t_0] -filter {CELL_NAME=~"u_ila_0"}]]
INFO: [Labtools 27-2213] The ILA core 'hw_ila_1' captured one window with '10001' samples.
INFO: [Labtools 27-3304] ILA Waveform data saved to file C:/Users/gyz/Desktop/ddrtovga/fmc_input/my_ddr_to_vga/my_ddr_to_vga.hw/backup/hw_ila_data_1.ila. Use Tcl command 'read_hw_ila_data' or Vivado File->Import->Import ILA Data menu item to import the previously saved data.
write_hw_ila_data -csv_file -force {C:\Users\gyz\Desktop\ddrtovga\verify\fmc0_9999_3.csv} hw_ila_data_1
C:/Users/gyz/Desktop/ddrtovga/verify/fmc0_9999_3.csv
reset_run synth_1
launch_runs impl_1 -to_step write_bitstream -jobs 4
INFO: [Vivado 12-4149] The synthesis checkpoint for IP 'C:/Users/gyz/Desktop/ddrtovga/fmc_input/my_ddr_to_vga/my_ddr_to_vga.srcs/sources_1/ip/fmc_fifo/fmc_fifo.xci' is already up-to-date
[Tue Nov  5 18:23:38 2019] Launched synth_1...
Run output will be captured here: C:/Users/gyz/Desktop/ddrtovga/fmc_input/my_ddr_to_vga/my_ddr_to_vga.runs/synth_1/runme.log
[Tue Nov  5 18:23:38 2019] Launched impl_1...
Run output will be captured here: C:/Users/gyz/Desktop/ddrtovga/fmc_input/my_ddr_to_vga/my_ddr_to_vga.runs/impl_1/runme.log
set_property PROBES.FILE {C:/Users/gyz/Desktop/ddrtovga/fmc_input/my_ddr_to_vga/my_ddr_to_vga.runs/impl_1/ddrtovga_top.ltx} [get_hw_devices xc7k325t_0]
set_property FULL_PROBES.FILE {C:/Users/gyz/Desktop/ddrtovga/fmc_input/my_ddr_to_vga/my_ddr_to_vga.runs/impl_1/ddrtovga_top.ltx} [get_hw_devices xc7k325t_0]
set_property PROGRAM.FILE {C:/Users/gyz/Desktop/ddrtovga/fmc_input/my_ddr_to_vga/my_ddr_to_vga.runs/impl_1/ddrtovga_top.bit} [get_hw_devices xc7k325t_0]
program_hw_devices [get_hw_devices xc7k325t_0]
INFO: [Labtools 27-3164] End of startup status: HIGH
program_hw_devices: Time (s): cpu = 00:00:07 ; elapsed = 00:00:07 . Memory (MB): peak = 1918.203 ; gain = 0.000
refresh_hw_device [lindex [get_hw_devices xc7k325t_0] 0]
INFO: [Labtools 27-2302] Device xc7k325t (JTAG device index = 0) is programmed with a design that has 1 ILA core(s).
run_hw_ila [get_hw_ilas -of_objects [get_hw_devices xc7k325t_0] -filter {CELL_NAME=~"u_ila_0"}] -trigger_now
INFO: [Labtools 27-1964] The ILA core 'hw_ila_1' trigger was armed at 2019-Nov-05 18:29:58
wait_on_hw_ila [get_hw_ilas -of_objects [get_hw_devices xc7k325t_0] -filter {CELL_NAME=~"u_ila_0"}]
display_hw_ila_data [upload_hw_ila_data [get_hw_ilas -of_objects [get_hw_devices xc7k325t_0] -filter {CELL_NAME=~"u_ila_0"}]]
INFO: [Labtools 27-1966] The ILA core 'hw_ila_1' triggered at 2019-Nov-05 18:29:58
INFO: [Labtools 27-3304] ILA Waveform data saved to file C:/Users/gyz/Desktop/ddrtovga/fmc_input/my_ddr_to_vga/my_ddr_to_vga.hw/backup/hw_ila_data_1.ila. Use Tcl command 'read_hw_ila_data' or Vivado File->Import->Import ILA Data menu item to import the previously saved data.
run_hw_ila [get_hw_ilas -of_objects [get_hw_devices xc7k325t_0] -filter {CELL_NAME=~"u_ila_0"}]
INFO: [Labtools 27-1964] The ILA core 'hw_ila_1' trigger was armed at 2019-Nov-05 18:30:00
wait_on_hw_ila -timeout 0 [get_hw_ilas -of_objects [get_hw_devices xc7k325t_0] -filter {CELL_NAME=~"u_ila_0"}]
display_hw_ila_data [upload_hw_ila_data [get_hw_ilas -of_objects [get_hw_devices xc7k325t_0] -filter {CELL_NAME=~"u_ila_0"}]]
INFO: [Labtools 27-1965] The ILA core 'hw_ila_1' trigger was stopped by user at 2019-Nov-05 18:31:29
INFO: [Labtools 27-2213] The ILA core 'hw_ila_1' captured one window with '10001' samples.
INFO: [Labtools 27-3304] ILA Waveform data saved to file C:/Users/gyz/Desktop/ddrtovga/fmc_input/my_ddr_to_vga/my_ddr_to_vga.hw/backup/hw_ila_data_1.ila. Use Tcl command 'read_hw_ila_data' or Vivado File->Import->Import ILA Data menu item to import the previously saved data.
write_hw_ila_data -csv_file {C:\Users\gyz\Desktop\ddrtovga\verify\fmc0_9999_4.csv} hw_ila_data_1
C:/Users/gyz/Desktop/ddrtovga/verify/fmc0_9999_4.csv
save_wave_config {C:/Users/gyz/Desktop/ddrtovga/fmc_input/my_ddr_to_vga/my_ddr_to_vga.hw/hw_1/wave/hw_ila_data_1/hw_ila_data_1.wcfg}
exit
INFO: [Common 17-206] Exiting Vivado at Tue Nov  5 18:32:19 2019...
